INFO:root:Subject16
INFO:root:Loading source train data
INFO:root:Batch Size:4
INFO:root:Stride:15
INFO:root:Num of source train videos :18
INFO:root:Num of source train sequences :5599
INFO:root:The number of source training batches = 1100
INFO:root:Loading target train data
INFO:root:Batch Size:2
INFO:root:Stride:8
INFO:root:Num of training videos :112
INFO:root:Num of target train sequences :2760
INFO:root:The number of target training batches = 1380
INFO:root:Loading source val data
INFO:root:The number of source validation batches = 150
INFO:root:Loading target val data
INFO:root:Batch Size:8
INFO:root:Stride:8
INFO:root:Num of target val videos :72
INFO:root:Num of target val sequences :1448
INFO:root:The number of target validation batches = 181
INFO:root:Loading target test data
INFO:root:Batch Size:1
INFO:root:Stride:64
INFO:root:Loading Test data
INFO:root:Num of test sequences :49
INFO:root:The number of target test batches = 49
INFO:root:Training
INFO:root:
Epoch: 0
INFO:root:learning_rate: 0.001
INFO:root:test_accuracy:
INFO:root:[11.065051020408163]
INFO:root:PCC_test:
INFO:root:[0.6497497165961583]
INFO:root:ICC_test:
INFO:root:[0.45894089498164686]
INFO:root:MAE_test:
INFO:root:[1.1339285714285714]
INFO:root:MMAE_test
INFO:root:[2.5]
INFO:root:weighted_fscore
INFO:root:[0.11881598712248972]
INFO:root:PCC_s_val:
INFO:root:[0.7766328078441966]
INFO:root:PCC_t_val:
INFO:root:[0.5168178477258332]
INFO:root:ICC_val:
INFO:root:[0.7507456862296709]
INFO:root:MAE_test:
INFO:root:[1.1339285714285714]
INFO:root:MMD_Valid:
INFO:root:[0]
INFO:root:MMD_train:
INFO:root:[0.0]
INFO:root:Training
INFO:root:
Epoch: 1
INFO:root:learning_rate: 0.001
INFO:root:test_accuracy:
INFO:root:[11.065051020408163, 55.58035714285714]
INFO:root:PCC_test:
INFO:root:[0.6497497165961583, 0.4595372389552031]
INFO:root:ICC_test:
INFO:root:[0.45894089498164686, 0.32132390251188453]
INFO:root:MAE_test:
INFO:root:[1.1339285714285714, 1.231186224489796]
INFO:root:MMAE_test
INFO:root:[2.5, 1.793103448275862]
INFO:root:weighted_fscore
INFO:root:[0.11881598712248972, 0.6200067694648221]
INFO:root:PCC_s_val:
INFO:root:[0.7766328078441966, 0.8133209628406849]
INFO:root:PCC_t_val:
INFO:root:[0.5168178477258332, 0.3895747356993321]
INFO:root:ICC_val:
INFO:root:[0.7507456862296709, 0.7407963736405221]
INFO:root:MAE_test:
INFO:root:[1.1339285714285714, 1.231186224489796]
INFO:root:MMD_Valid:
INFO:root:[0, 0]
INFO:root:MMD_train:
INFO:root:[0.0, 0.0]
INFO:root:Training
INFO:root:
Epoch: 2
INFO:root:learning_rate: 0.001
INFO:root:test_accuracy:
INFO:root:[11.065051020408163, 55.58035714285714, 70.53571428571429]
INFO:root:PCC_test:
INFO:root:[0.6497497165961583, 0.4595372389552031, 0.6239054059385349]
INFO:root:ICC_test:
INFO:root:[0.45894089498164686, 0.32132390251188453, 0.6038607444236215]
INFO:root:MAE_test:
INFO:root:[1.1339285714285714, 1.231186224489796, 0.657844387755102]
INFO:root:MMAE_test
INFO:root:[2.5, 1.793103448275862, 2.11336032388664]
INFO:root:weighted_fscore
INFO:root:[0.11881598712248972, 0.6200067694648221, 0.718300166005355]
INFO:root:PCC_s_val:
INFO:root:[0.7766328078441966, 0.8133209628406849, 0.8223430276559255]
INFO:root:PCC_t_val:
INFO:root:[0.5168178477258332, 0.3895747356993321, 0.5644379139379271]
INFO:root:ICC_val:
INFO:root:[0.7507456862296709, 0.7407963736405221, 0.7727583037579098]
INFO:root:MAE_test:
INFO:root:[1.1339285714285714, 1.231186224489796, 0.657844387755102]
INFO:root:MMD_Valid:
INFO:root:[0, 0, 0]
INFO:root:MMD_train:
INFO:root:[0.0, 0.0, 0.0]
INFO:root:Training
INFO:root:
Epoch: 3
INFO:root:learning_rate: 0.001
INFO:root:test_accuracy:
INFO:root:[11.065051020408163, 55.58035714285714, 70.53571428571429, 74.55357142857143]
INFO:root:PCC_test:
INFO:root:[0.6497497165961583, 0.4595372389552031, 0.6239054059385349, 0.6419040932441008]
INFO:root:ICC_test:
INFO:root:[0.45894089498164686, 0.32132390251188453, 0.6038607444236215, 0.6212659903403537]
INFO:root:MAE_test:
INFO:root:[1.1339285714285714, 1.231186224489796, 0.657844387755102, 0.6106505102040817]
INFO:root:MMAE_test
INFO:root:[2.5, 1.793103448275862, 2.11336032388664, 2.0]
INFO:root:weighted_fscore
INFO:root:[0.11881598712248972, 0.6200067694648221, 0.718300166005355, 0.7457569299929674]
INFO:root:PCC_s_val:
INFO:root:[0.7766328078441966, 0.8133209628406849, 0.8223430276559255, 0.8382735751283691]
INFO:root:PCC_t_val:
INFO:root:[0.5168178477258332, 0.3895747356993321, 0.5644379139379271, 0.5349031097025192]
INFO:root:ICC_val:
INFO:root:[0.7507456862296709, 0.7407963736405221, 0.7727583037579098, 0.6893852397987471]
INFO:root:MAE_test:
INFO:root:[1.1339285714285714, 1.231186224489796, 0.657844387755102, 0.6106505102040817]
INFO:root:MMD_Valid:
INFO:root:[0, 0, 0, 0]
INFO:root:MMD_train:
INFO:root:[0.0, 0.0, 0.0, 0.0]
INFO:root:Training
INFO:root:
Epoch: 4
INFO:root:learning_rate: 0.001
INFO:root:test_accuracy:
INFO:root:[11.065051020408163, 55.58035714285714, 70.53571428571429, 74.55357142857143, 78.47576530612244]
INFO:root:PCC_test:
INFO:root:[0.6497497165961583, 0.4595372389552031, 0.6239054059385349, 0.6419040932441008, 0.6367528879720661]
INFO:root:ICC_test:
INFO:root:[0.45894089498164686, 0.32132390251188453, 0.6038607444236215, 0.6212659903403537, 0.6365932952480665]
INFO:root:MAE_test:
INFO:root:[1.1339285714285714, 1.231186224489796, 0.657844387755102, 0.6106505102040817, 0.5063775510204082]
INFO:root:MMAE_test
INFO:root:[2.5, 1.793103448275862, 2.11336032388664, 2.0, 3.2]
INFO:root:weighted_fscore
INFO:root:[0.11881598712248972, 0.6200067694648221, 0.718300166005355, 0.7457569299929674, 0.7603430174491095]
INFO:root:PCC_s_val:
INFO:root:[0.7766328078441966, 0.8133209628406849, 0.8223430276559255, 0.8382735751283691, 0.8343575722193942]
INFO:root:PCC_t_val:
INFO:root:[0.5168178477258332, 0.3895747356993321, 0.5644379139379271, 0.5349031097025192, 0.4147786952901392]
INFO:root:ICC_val:
INFO:root:[0.7507456862296709, 0.7407963736405221, 0.7727583037579098, 0.6893852397987471, 0.6514755846755957]
INFO:root:MAE_test:
INFO:root:[1.1339285714285714, 1.231186224489796, 0.657844387755102, 0.6106505102040817, 0.5063775510204082]
INFO:root:MMD_Valid:
INFO:root:[0, 0, 0, 0, 0]
INFO:root:MMD_train:
INFO:root:[0.0, 0.0, 0.0, 0.0, 0.0]
INFO:root:Training
INFO:root:
Epoch: 5
INFO:root:learning_rate: 0.001
INFO:root:test_accuracy:
INFO:root:[11.065051020408163, 55.58035714285714, 70.53571428571429, 74.55357142857143, 78.47576530612244, 77.90178571428571]
INFO:root:PCC_test:
INFO:root:[0.6497497165961583, 0.4595372389552031, 0.6239054059385349, 0.6419040932441008, 0.6367528879720661, 0.6472220944695741]
INFO:root:ICC_test:
INFO:root:[0.45894089498164686, 0.32132390251188453, 0.6038607444236215, 0.6212659903403537, 0.6365932952480665, 0.6412490590173181]
INFO:root:MAE_test:
INFO:root:[1.1339285714285714, 1.231186224489796, 0.657844387755102, 0.6106505102040817, 0.5063775510204082, 0.5245535714285714]
INFO:root:MMAE_test
INFO:root:[2.5, 1.793103448275862, 2.11336032388664, 2.0, 3.2, 2.15]
INFO:root:weighted_fscore
INFO:root:[0.11881598712248972, 0.6200067694648221, 0.718300166005355, 0.7457569299929674, 0.7603430174491095, 0.763082807833647]
INFO:root:PCC_s_val:
INFO:root:[0.7766328078441966, 0.8133209628406849, 0.8223430276559255, 0.8382735751283691, 0.8343575722193942, 0.8681211717649907]
INFO:root:PCC_t_val:
INFO:root:[0.5168178477258332, 0.3895747356993321, 0.5644379139379271, 0.5349031097025192, 0.4147786952901392, 0.4504648453196859]
INFO:root:ICC_val:
INFO:root:[0.7507456862296709, 0.7407963736405221, 0.7727583037579098, 0.6893852397987471, 0.6514755846755957, 0.7457374212704097]
INFO:root:MAE_test:
INFO:root:[1.1339285714285714, 1.231186224489796, 0.657844387755102, 0.6106505102040817, 0.5063775510204082, 0.5245535714285714]
INFO:root:MMD_Valid:
INFO:root:[0, 0, 0, 0, 0, 0]
INFO:root:MMD_train:
INFO:root:[0.0, 0.0, 0.0, 0.0, 0.0, 0.0]
INFO:root:Training
INFO:root:
Epoch: 6
INFO:root:learning_rate: 0.001
