INFO:root:Subject16
INFO:root:Loading source train data
INFO:root:Batch Size:4
INFO:root:Stride:15
INFO:root:Num of source train videos :18
INFO:root:Num of source train sequences :5599
INFO:root:The number of source training batches = 1380
INFO:root:Loading target train data
INFO:root:Batch Size:2
INFO:root:Stride:8
INFO:root:Num of training videos :112
INFO:root:Num of target train sequences :2760
INFO:root:The number of target training batches = 1380
INFO:root:Loading source val data
INFO:root:The number of source validation batches = 10
INFO:root:Loading target val data
INFO:root:Batch Size:8
INFO:root:Stride:8
INFO:root:Num of target val videos :72
INFO:root:Num of target val sequences :1448
INFO:root:The number of target validation batches = 181
INFO:root:Loading target test data
INFO:root:Batch Size:1
INFO:root:Stride:64
INFO:root:Loading Test data
INFO:root:Num of test sequences :49
INFO:root:The number of target test batches = 49
INFO:root:Training
INFO:root:
Epoch: 0
INFO:root:learning_rate: 0.001
INFO:root:test_accuracy:
INFO:root:[55.516581632653065]
INFO:root:PCC_test:
INFO:root:[0.49949449441044924]
INFO:root:ICC_test:
INFO:root:[0.4970096946531397]
INFO:root:MAE_test:
INFO:root:[0.8147321428571429]
INFO:root:MMAE_test
INFO:root:[4.75]
INFO:root:weighted_fscore
INFO:root:[0.5997755304983067]
INFO:root:PCC_s_val:
INFO:root:[0.7359342538300351]
INFO:root:PCC_t_val:
INFO:root:[0.15838283570544587]
INFO:root:ICC_val:
INFO:root:[0.6079974910115792]
INFO:root:MAE_test:
INFO:root:[0.8147321428571429]
INFO:root:MMD_Valid:
INFO:root:[0]
INFO:root:MMD_train:
INFO:root:[0.0]
INFO:root:Training
INFO:root:
Epoch: 1
INFO:root:learning_rate: 0.001
INFO:root:test_accuracy:
INFO:root:[55.516581632653065, 64.44515306122449]
INFO:root:PCC_test:
INFO:root:[0.49949449441044924, 0.5424723936917283]
INFO:root:ICC_test:
INFO:root:[0.4970096946531397, 0.5409166898960138]
INFO:root:MAE_test:
INFO:root:[0.8147321428571429, 0.7146045918367347]
INFO:root:MMAE_test
INFO:root:[4.75, 5.0]
INFO:root:weighted_fscore
INFO:root:[0.5997755304983067, 0.6624466000551028]
INFO:root:PCC_s_val:
INFO:root:[0.7359342538300351, 0.6733374005818447]
INFO:root:PCC_t_val:
INFO:root:[0.15838283570544587, -0.1397825056065185]
INFO:root:ICC_val:
INFO:root:[0.6079974910115792, 0.5684783938948689]
INFO:root:MAE_test:
INFO:root:[0.8147321428571429, 0.7146045918367347]
INFO:root:MMD_Valid:
INFO:root:[0, 0]
INFO:root:MMD_train:
INFO:root:[0.0, 0.0]
INFO:root:Training
INFO:root:
Epoch: 2
INFO:root:learning_rate: 0.001
INFO:root:test_accuracy:
INFO:root:[55.516581632653065, 64.44515306122449, 75.38265306122449]
INFO:root:PCC_test:
INFO:root:[0.49949449441044924, 0.5424723936917283, 0.6120208273599803]
INFO:root:ICC_test:
INFO:root:[0.4970096946531397, 0.5409166898960138, 0.5984683235513587]
INFO:root:MAE_test:
INFO:root:[0.8147321428571429, 0.7146045918367347, 0.5299744897959183]
INFO:root:MMAE_test
INFO:root:[4.75, 5.0, 5.0]
INFO:root:weighted_fscore
INFO:root:[0.5997755304983067, 0.6624466000551028, 0.7369039268184436]
INFO:root:PCC_s_val:
INFO:root:[0.7359342538300351, 0.6733374005818447, 0.7668220588335052]
INFO:root:PCC_t_val:
INFO:root:[0.15838283570544587, -0.1397825056065185, 0.31237707208359855]
INFO:root:ICC_val:
INFO:root:[0.6079974910115792, 0.5684783938948689, 0.7529015894104439]
INFO:root:MAE_test:
INFO:root:[0.8147321428571429, 0.7146045918367347, 0.5299744897959183]
INFO:root:MMD_Valid:
INFO:root:[0, 0, 0]
INFO:root:MMD_train:
INFO:root:[0.0, 0.0, 0.0]
INFO:root:Training
INFO:root:
Epoch: 3
INFO:root:learning_rate: 0.001
INFO:root:test_accuracy:
INFO:root:[55.516581632653065, 64.44515306122449, 75.38265306122449, 76.46683673469387]
INFO:root:PCC_test:
INFO:root:[0.49949449441044924, 0.5424723936917283, 0.6120208273599803, 0.5911356219254593]
INFO:root:ICC_test:
INFO:root:[0.4970096946531397, 0.5409166898960138, 0.5984683235513587, 0.5796469028656234]
INFO:root:MAE_test:
INFO:root:[0.8147321428571429, 0.7146045918367347, 0.5299744897959183, 0.5545280612244898]
INFO:root:MMAE_test
INFO:root:[4.75, 5.0, 5.0, 5.0]
INFO:root:weighted_fscore
INFO:root:[0.5997755304983067, 0.6624466000551028, 0.7369039268184436, 0.7212255816070311]
INFO:root:PCC_s_val:
INFO:root:[0.7359342538300351, 0.6733374005818447, 0.7668220588335052, 0.7900541417034079]
INFO:root:PCC_t_val:
INFO:root:[0.15838283570544587, -0.1397825056065185, 0.31237707208359855, 0.7543204884716692]
INFO:root:ICC_val:
INFO:root:[0.6079974910115792, 0.5684783938948689, 0.7529015894104439, 0.7743066468126182]
INFO:root:MAE_test:
INFO:root:[0.8147321428571429, 0.7146045918367347, 0.5299744897959183, 0.5545280612244898]
INFO:root:MMD_Valid:
INFO:root:[0, 0, 0, 0]
INFO:root:MMD_train:
INFO:root:[0.0, 0.0, 0.0, 0.0]
INFO:root:Training
INFO:root:
Epoch: 4
INFO:root:learning_rate: 0.001
INFO:root:test_accuracy:
INFO:root:[55.516581632653065, 64.44515306122449, 75.38265306122449, 76.46683673469387, 74.74489795918367]
INFO:root:PCC_test:
INFO:root:[0.49949449441044924, 0.5424723936917283, 0.6120208273599803, 0.5911356219254593, 0.5926911726323076]
INFO:root:ICC_test:
INFO:root:[0.4970096946531397, 0.5409166898960138, 0.5984683235513587, 0.5796469028656234, 0.5791452170157891]
INFO:root:MAE_test:
INFO:root:[0.8147321428571429, 0.7146045918367347, 0.5299744897959183, 0.5545280612244898, 0.5589923469387755]
INFO:root:MMAE_test
INFO:root:[4.75, 5.0, 5.0, 5.0, 5.0]
INFO:root:weighted_fscore
INFO:root:[0.5997755304983067, 0.6624466000551028, 0.7369039268184436, 0.7212255816070311, 0.7136789084637627]
INFO:root:PCC_s_val:
INFO:root:[0.7359342538300351, 0.6733374005818447, 0.7668220588335052, 0.7900541417034079, 0.8039779721557345]
INFO:root:PCC_t_val:
INFO:root:[0.15838283570544587, -0.1397825056065185, 0.31237707208359855, 0.7543204884716692, 0.9333865192656974]
INFO:root:ICC_val:
INFO:root:[0.6079974910115792, 0.5684783938948689, 0.7529015894104439, 0.7743066468126182, 0.723656326117405]
INFO:root:MAE_test:
INFO:root:[0.8147321428571429, 0.7146045918367347, 0.5299744897959183, 0.5545280612244898, 0.5589923469387755]
INFO:root:MMD_Valid:
INFO:root:[0, 0, 0, 0, 0]
INFO:root:MMD_train:
INFO:root:[0.0, 0.0, 0.0, 0.0, 0.0]
INFO:root:Training
INFO:root:
Epoch: 5
INFO:root:learning_rate: 0.001
INFO:root:test_accuracy:
INFO:root:[55.516581632653065, 64.44515306122449, 75.38265306122449, 76.46683673469387, 74.74489795918367, 81.69642857142857]
INFO:root:PCC_test:
INFO:root:[0.49949449441044924, 0.5424723936917283, 0.6120208273599803, 0.5911356219254593, 0.5926911726323076, 0.5930918890518135]
INFO:root:ICC_test:
INFO:root:[0.4970096946531397, 0.5409166898960138, 0.5984683235513587, 0.5796469028656234, 0.5791452170157891, 0.5484905073178523]
INFO:root:MAE_test:
INFO:root:[0.8147321428571429, 0.7146045918367347, 0.5299744897959183, 0.5545280612244898, 0.5589923469387755, 0.4799107142857143]
INFO:root:MMAE_test
INFO:root:[4.75, 5.0, 5.0, 5.0, 5.0, 5.0]
INFO:root:weighted_fscore
INFO:root:[0.5997755304983067, 0.6624466000551028, 0.7369039268184436, 0.7212255816070311, 0.7136789084637627, 0.7743992284792982]
INFO:root:PCC_s_val:
INFO:root:[0.7359342538300351, 0.6733374005818447, 0.7668220588335052, 0.7900541417034079, 0.8039779721557345, 0.756726268114571]
INFO:root:PCC_t_val:
INFO:root:[0.15838283570544587, -0.1397825056065185, 0.31237707208359855, 0.7543204884716692, 0.9333865192656974, 0.467365912325417]
INFO:root:ICC_val:
INFO:root:[0.6079974910115792, 0.5684783938948689, 0.7529015894104439, 0.7743066468126182, 0.723656326117405, 0.7414569736508312]
INFO:root:MAE_test:
INFO:root:[0.8147321428571429, 0.7146045918367347, 0.5299744897959183, 0.5545280612244898, 0.5589923469387755, 0.4799107142857143]
INFO:root:MMD_Valid:
INFO:root:[0, 0, 0, 0, 0, 0]
INFO:root:MMD_train:
INFO:root:[0.0, 0.0, 0.0, 0.0, 0.0, 0.0]
INFO:root:Training
INFO:root:
Epoch: 6
INFO:root:learning_rate: 0.001
INFO:root:test_accuracy:
INFO:root:[55.516581632653065, 64.44515306122449, 75.38265306122449, 76.46683673469387, 74.74489795918367, 81.69642857142857, 78.47576530612244]
INFO:root:PCC_test:
INFO:root:[0.49949449441044924, 0.5424723936917283, 0.6120208273599803, 0.5911356219254593, 0.5926911726323076, 0.5930918890518135, 0.5905653716487217]
INFO:root:ICC_test:
INFO:root:[0.4970096946531397, 0.5409166898960138, 0.5984683235513587, 0.5796469028656234, 0.5791452170157891, 0.5484905073178523, 0.5728124859099512]
INFO:root:MAE_test:
INFO:root:[0.8147321428571429, 0.7146045918367347, 0.5299744897959183, 0.5545280612244898, 0.5589923469387755, 0.4799107142857143, 0.5229591836734694]
INFO:root:MMAE_test
INFO:root:[4.75, 5.0, 5.0, 5.0, 5.0, 5.0, 5.0]
INFO:root:weighted_fscore
INFO:root:[0.5997755304983067, 0.6624466000551028, 0.7369039268184436, 0.7212255816070311, 0.7136789084637627, 0.7743992284792982, 0.7542464881573924]
INFO:root:PCC_s_val:
INFO:root:[0.7359342538300351, 0.6733374005818447, 0.7668220588335052, 0.7900541417034079, 0.8039779721557345, 0.756726268114571, 0.8001058247773596]
INFO:root:PCC_t_val:
INFO:root:[0.15838283570544587, -0.1397825056065185, 0.31237707208359855, 0.7543204884716692, 0.9333865192656974, 0.467365912325417, 0.5662376018586658]
INFO:root:ICC_val:
INFO:root:[0.6079974910115792, 0.5684783938948689, 0.7529015894104439, 0.7743066468126182, 0.723656326117405, 0.7414569736508312, 0.7573207464724968]
INFO:root:MAE_test:
INFO:root:[0.8147321428571429, 0.7146045918367347, 0.5299744897959183, 0.5545280612244898, 0.5589923469387755, 0.4799107142857143, 0.5229591836734694]
INFO:root:MMD_Valid:
INFO:root:[0, 0, 0, 0, 0, 0, 0]
INFO:root:MMD_train:
INFO:root:[0.0, 0.0, 0.0, 0.0, 0.0, 0.0, 0.0]
INFO:root:Training
INFO:root:
Epoch: 7
INFO:root:learning_rate: 0.001
INFO:root:test_accuracy:
INFO:root:[55.516581632653065, 64.44515306122449, 75.38265306122449, 76.46683673469387, 74.74489795918367, 81.69642857142857, 78.47576530612244, 75.47831632653062]
INFO:root:PCC_test:
INFO:root:[0.49949449441044924, 0.5424723936917283, 0.6120208273599803, 0.5911356219254593, 0.5926911726323076, 0.5930918890518135, 0.5905653716487217, 0.5830966623505549]
INFO:root:ICC_test:
INFO:root:[0.4970096946531397, 0.5409166898960138, 0.5984683235513587, 0.5796469028656234, 0.5791452170157891, 0.5484905073178523, 0.5728124859099512, 0.572536233493867]
INFO:root:MAE_test:
INFO:root:[0.8147321428571429, 0.7146045918367347, 0.5299744897959183, 0.5545280612244898, 0.5589923469387755, 0.4799107142857143, 0.5229591836734694, 0.5762117346938775]
INFO:root:MMAE_test
INFO:root:[4.75, 5.0, 5.0, 5.0, 5.0, 5.0, 5.0, 5.0]
INFO:root:weighted_fscore
INFO:root:[0.5997755304983067, 0.6624466000551028, 0.7369039268184436, 0.7212255816070311, 0.7136789084637627, 0.7743992284792982, 0.7542464881573924, 0.7063370305829101]
INFO:root:PCC_s_val:
INFO:root:[0.7359342538300351, 0.6733374005818447, 0.7668220588335052, 0.7900541417034079, 0.8039779721557345, 0.756726268114571, 0.8001058247773596, 0.8321194822057816]
INFO:root:PCC_t_val:
INFO:root:[0.15838283570544587, -0.1397825056065185, 0.31237707208359855, 0.7543204884716692, 0.9333865192656974, 0.467365912325417, 0.5662376018586658, 0.514995439043756]
INFO:root:ICC_val:
INFO:root:[0.6079974910115792, 0.5684783938948689, 0.7529015894104439, 0.7743066468126182, 0.723656326117405, 0.7414569736508312, 0.7573207464724968, 0.7872156139918385]
INFO:root:MAE_test:
INFO:root:[0.8147321428571429, 0.7146045918367347, 0.5299744897959183, 0.5545280612244898, 0.5589923469387755, 0.4799107142857143, 0.5229591836734694, 0.5762117346938775]
INFO:root:MMD_Valid:
INFO:root:[0, 0, 0, 0, 0, 0, 0, 0]
INFO:root:MMD_train:
INFO:root:[0.0, 0.0, 0.0, 0.0, 0.0, 0.0, 0.0, 0.0]
INFO:root:Training
INFO:root:
Epoch: 8
INFO:root:learning_rate: 0.001
INFO:root:test_accuracy:
INFO:root:[55.516581632653065, 64.44515306122449, 75.38265306122449, 76.46683673469387, 74.74489795918367, 81.69642857142857, 78.47576530612244, 75.47831632653062, 58.45025510204081]
INFO:root:PCC_test:
INFO:root:[0.49949449441044924, 0.5424723936917283, 0.6120208273599803, 0.5911356219254593, 0.5926911726323076, 0.5930918890518135, 0.5905653716487217, 0.5830966623505549, 0.5594114704483815]
INFO:root:ICC_test:
INFO:root:[0.4970096946531397, 0.5409166898960138, 0.5984683235513587, 0.5796469028656234, 0.5791452170157891, 0.5484905073178523, 0.5728124859099512, 0.572536233493867, 0.5587270998241111]
INFO:root:MAE_test:
INFO:root:[0.8147321428571429, 0.7146045918367347, 0.5299744897959183, 0.5545280612244898, 0.5589923469387755, 0.4799107142857143, 0.5229591836734694, 0.5762117346938775, 0.7248086734693877]
INFO:root:MMAE_test
INFO:root:[4.75, 5.0, 5.0, 5.0, 5.0, 5.0, 5.0, 5.0, 5.0]
INFO:root:weighted_fscore
INFO:root:[0.5997755304983067, 0.6624466000551028, 0.7369039268184436, 0.7212255816070311, 0.7136789084637627, 0.7743992284792982, 0.7542464881573924, 0.7063370305829101, 0.6183714571309173]
INFO:root:PCC_s_val:
INFO:root:[0.7359342538300351, 0.6733374005818447, 0.7668220588335052, 0.7900541417034079, 0.8039779721557345, 0.756726268114571, 0.8001058247773596, 0.8321194822057816, 0.8155771310656457]
INFO:root:PCC_t_val:
INFO:root:[0.15838283570544587, -0.1397825056065185, 0.31237707208359855, 0.7543204884716692, 0.9333865192656974, 0.467365912325417, 0.5662376018586658, 0.514995439043756, 0.6514150384325939]
INFO:root:ICC_val:
INFO:root:[0.6079974910115792, 0.5684783938948689, 0.7529015894104439, 0.7743066468126182, 0.723656326117405, 0.7414569736508312, 0.7573207464724968, 0.7872156139918385, 0.7695572762744215]
INFO:root:MAE_test:
INFO:root:[0.8147321428571429, 0.7146045918367347, 0.5299744897959183, 0.5545280612244898, 0.5589923469387755, 0.4799107142857143, 0.5229591836734694, 0.5762117346938775, 0.7248086734693877]
INFO:root:MMD_Valid:
INFO:root:[0, 0, 0, 0, 0, 0, 0, 0, 0]
INFO:root:MMD_train:
INFO:root:[0.0, 0.0, 0.0, 0.0, 0.0, 0.0, 0.0, 0.0, 0.0]
INFO:root:Training
INFO:root:
Epoch: 9
INFO:root:learning_rate: 0.001
INFO:root:test_accuracy:
INFO:root:[55.516581632653065, 64.44515306122449, 75.38265306122449, 76.46683673469387, 74.74489795918367, 81.69642857142857, 78.47576530612244, 75.47831632653062, 58.45025510204081, 81.28188775510205]
INFO:root:PCC_test:
INFO:root:[0.49949449441044924, 0.5424723936917283, 0.6120208273599803, 0.5911356219254593, 0.5926911726323076, 0.5930918890518135, 0.5905653716487217, 0.5830966623505549, 0.5594114704483815, 0.5943654709714675]
INFO:root:ICC_test:
INFO:root:[0.4970096946531397, 0.5409166898960138, 0.5984683235513587, 0.5796469028656234, 0.5791452170157891, 0.5484905073178523, 0.5728124859099512, 0.572536233493867, 0.5587270998241111, 0.5572871154269484]
INFO:root:MAE_test:
INFO:root:[0.8147321428571429, 0.7146045918367347, 0.5299744897959183, 0.5545280612244898, 0.5589923469387755, 0.4799107142857143, 0.5229591836734694, 0.5762117346938775, 0.7248086734693877, 0.4885204081632653]
INFO:root:MMAE_test
INFO:root:[4.75, 5.0, 5.0, 5.0, 5.0, 5.0, 5.0, 5.0, 5.0, 5.0]
INFO:root:weighted_fscore
INFO:root:[0.5997755304983067, 0.6624466000551028, 0.7369039268184436, 0.7212255816070311, 0.7136789084637627, 0.7743992284792982, 0.7542464881573924, 0.7063370305829101, 0.6183714571309173, 0.7659063798515021]
INFO:root:PCC_s_val:
INFO:root:[0.7359342538300351, 0.6733374005818447, 0.7668220588335052, 0.7900541417034079, 0.8039779721557345, 0.756726268114571, 0.8001058247773596, 0.8321194822057816, 0.8155771310656457, 0.825142395354328]
INFO:root:PCC_t_val:
INFO:root:[0.15838283570544587, -0.1397825056065185, 0.31237707208359855, 0.7543204884716692, 0.9333865192656974, 0.467365912325417, 0.5662376018586658, 0.514995439043756, 0.6514150384325939, 0.9075710951768837]
INFO:root:ICC_val:
INFO:root:[0.6079974910115792, 0.5684783938948689, 0.7529015894104439, 0.7743066468126182, 0.723656326117405, 0.7414569736508312, 0.7573207464724968, 0.7872156139918385, 0.7695572762744215, 0.7753392370313549]
INFO:root:MAE_test:
INFO:root:[0.8147321428571429, 0.7146045918367347, 0.5299744897959183, 0.5545280612244898, 0.5589923469387755, 0.4799107142857143, 0.5229591836734694, 0.5762117346938775, 0.7248086734693877, 0.4885204081632653]
INFO:root:MMD_Valid:
INFO:root:[0, 0, 0, 0, 0, 0, 0, 0, 0, 0]
INFO:root:MMD_train:
INFO:root:[0.0, 0.0, 0.0, 0.0, 0.0, 0.0, 0.0, 0.0, 0.0, 0.0]
INFO:root:Training
INFO:root:
Epoch: 10
INFO:root:learning_rate: 0.001
INFO:root:test_accuracy:
INFO:root:[55.516581632653065, 64.44515306122449, 75.38265306122449, 76.46683673469387, 74.74489795918367, 81.69642857142857, 78.47576530612244, 75.47831632653062, 58.45025510204081, 81.28188775510205, 82.42984693877551]
INFO:root:PCC_test:
INFO:root:[0.49949449441044924, 0.5424723936917283, 0.6120208273599803, 0.5911356219254593, 0.5926911726323076, 0.5930918890518135, 0.5905653716487217, 0.5830966623505549, 0.5594114704483815, 0.5943654709714675, 0.5948642196395029]
INFO:root:ICC_test:
INFO:root:[0.4970096946531397, 0.5409166898960138, 0.5984683235513587, 0.5796469028656234, 0.5791452170157891, 0.5484905073178523, 0.5728124859099512, 0.572536233493867, 0.5587270998241111, 0.5572871154269484, 0.5531598949969039]
INFO:root:MAE_test:
INFO:root:[0.8147321428571429, 0.7146045918367347, 0.5299744897959183, 0.5545280612244898, 0.5589923469387755, 0.4799107142857143, 0.5229591836734694, 0.5762117346938775, 0.7248086734693877, 0.4885204081632653, 0.47831632653061223]
INFO:root:MMAE_test
INFO:root:[4.75, 5.0, 5.0, 5.0, 5.0, 5.0, 5.0, 5.0, 5.0, 5.0, 5.0]
INFO:root:weighted_fscore
INFO:root:[0.5997755304983067, 0.6624466000551028, 0.7369039268184436, 0.7212255816070311, 0.7136789084637627, 0.7743992284792982, 0.7542464881573924, 0.7063370305829101, 0.6183714571309173, 0.7659063798515021, 0.7693106923647045]
INFO:root:PCC_s_val:
INFO:root:[0.7359342538300351, 0.6733374005818447, 0.7668220588335052, 0.7900541417034079, 0.8039779721557345, 0.756726268114571, 0.8001058247773596, 0.8321194822057816, 0.8155771310656457, 0.825142395354328, 0.8687735824684567]
INFO:root:PCC_t_val:
INFO:root:[0.15838283570544587, -0.1397825056065185, 0.31237707208359855, 0.7543204884716692, 0.9333865192656974, 0.467365912325417, 0.5662376018586658, 0.514995439043756, 0.6514150384325939, 0.9075710951768837, nan]
INFO:root:ICC_val:
INFO:root:[0.6079974910115792, 0.5684783938948689, 0.7529015894104439, 0.7743066468126182, 0.723656326117405, 0.7414569736508312, 0.7573207464724968, 0.7872156139918385, 0.7695572762744215, 0.7753392370313549, 0.7842781129770482]
INFO:root:MAE_test:
INFO:root:[0.8147321428571429, 0.7146045918367347, 0.5299744897959183, 0.5545280612244898, 0.5589923469387755, 0.4799107142857143, 0.5229591836734694, 0.5762117346938775, 0.7248086734693877, 0.4885204081632653, 0.47831632653061223]
INFO:root:MMD_Valid:
INFO:root:[0, 0, 0, 0, 0, 0, 0, 0, 0, 0, 0]
INFO:root:MMD_train:
INFO:root:[0.0, 0.0, 0.0, 0.0, 0.0, 0.0, 0.0, 0.0, 0.0, 0.0, 0.0]
INFO:root:Training
INFO:root:
Epoch: 11
INFO:root:learning_rate: 0.001
INFO:root:test_accuracy:
INFO:root:[55.516581632653065, 64.44515306122449, 75.38265306122449, 76.46683673469387, 74.74489795918367, 81.69642857142857, 78.47576530612244, 75.47831632653062, 58.45025510204081, 81.28188775510205, 82.42984693877551, 81.7920918367347]
INFO:root:PCC_test:
INFO:root:[0.49949449441044924, 0.5424723936917283, 0.6120208273599803, 0.5911356219254593, 0.5926911726323076, 0.5930918890518135, 0.5905653716487217, 0.5830966623505549, 0.5594114704483815, 0.5943654709714675, 0.5948642196395029, 0.5878714811704906]
INFO:root:ICC_test:
INFO:root:[0.4970096946531397, 0.5409166898960138, 0.5984683235513587, 0.5796469028656234, 0.5791452170157891, 0.5484905073178523, 0.5728124859099512, 0.572536233493867, 0.5587270998241111, 0.5572871154269484, 0.5531598949969039, 0.551760252829634]
INFO:root:MAE_test:
INFO:root:[0.8147321428571429, 0.7146045918367347, 0.5299744897959183, 0.5545280612244898, 0.5589923469387755, 0.4799107142857143, 0.5229591836734694, 0.5762117346938775, 0.7248086734693877, 0.4885204081632653, 0.47831632653061223, 0.4901147959183674]
INFO:root:MMAE_test
INFO:root:[4.75, 5.0, 5.0, 5.0, 5.0, 5.0, 5.0, 5.0, 5.0, 5.0, 5.0, 5.0]
INFO:root:weighted_fscore
INFO:root:[0.5997755304983067, 0.6624466000551028, 0.7369039268184436, 0.7212255816070311, 0.7136789084637627, 0.7743992284792982, 0.7542464881573924, 0.7063370305829101, 0.6183714571309173, 0.7659063798515021, 0.7693106923647045, 0.7643048701578457]
INFO:root:PCC_s_val:
INFO:root:[0.7359342538300351, 0.6733374005818447, 0.7668220588335052, 0.7900541417034079, 0.8039779721557345, 0.756726268114571, 0.8001058247773596, 0.8321194822057816, 0.8155771310656457, 0.825142395354328, 0.8687735824684567, 0.8377509595350487]
INFO:root:PCC_t_val:
INFO:root:[0.15838283570544587, -0.1397825056065185, 0.31237707208359855, 0.7543204884716692, 0.9333865192656974, 0.467365912325417, 0.5662376018586658, 0.514995439043756, 0.6514150384325939, 0.9075710951768837, nan, 0.9641340038458435]
INFO:root:ICC_val:
INFO:root:[0.6079974910115792, 0.5684783938948689, 0.7529015894104439, 0.7743066468126182, 0.723656326117405, 0.7414569736508312, 0.7573207464724968, 0.7872156139918385, 0.7695572762744215, 0.7753392370313549, 0.7842781129770482, 0.7671550824611676]
INFO:root:MAE_test:
INFO:root:[0.8147321428571429, 0.7146045918367347, 0.5299744897959183, 0.5545280612244898, 0.5589923469387755, 0.4799107142857143, 0.5229591836734694, 0.5762117346938775, 0.7248086734693877, 0.4885204081632653, 0.47831632653061223, 0.4901147959183674]
INFO:root:MMD_Valid:
INFO:root:[0, 0, 0, 0, 0, 0, 0, 0, 0, 0, 0, 0]
INFO:root:MMD_train:
INFO:root:[0.0, 0.0, 0.0, 0.0, 0.0, 0.0, 0.0, 0.0, 0.0, 0.0, 0.0, 0.0]
INFO:root:Training
INFO:root:
Epoch: 12
INFO:root:learning_rate: 0.001
INFO:root:test_accuracy:
INFO:root:[55.516581632653065, 64.44515306122449, 75.38265306122449, 76.46683673469387, 74.74489795918367, 81.69642857142857, 78.47576530612244, 75.47831632653062, 58.45025510204081, 81.28188775510205, 82.42984693877551, 81.7920918367347, 73.88392857142857]
INFO:root:PCC_test:
INFO:root:[0.49949449441044924, 0.5424723936917283, 0.6120208273599803, 0.5911356219254593, 0.5926911726323076, 0.5930918890518135, 0.5905653716487217, 0.5830966623505549, 0.5594114704483815, 0.5943654709714675, 0.5948642196395029, 0.5878714811704906, 0.5601107484294784]
INFO:root:ICC_test:
INFO:root:[0.4970096946531397, 0.5409166898960138, 0.5984683235513587, 0.5796469028656234, 0.5791452170157891, 0.5484905073178523, 0.5728124859099512, 0.572536233493867, 0.5587270998241111, 0.5572871154269484, 0.5531598949969039, 0.551760252829634, 0.5516236811817782]
INFO:root:MAE_test:
INFO:root:[0.8147321428571429, 0.7146045918367347, 0.5299744897959183, 0.5545280612244898, 0.5589923469387755, 0.4799107142857143, 0.5229591836734694, 0.5762117346938775, 0.7248086734693877, 0.4885204081632653, 0.47831632653061223, 0.4901147959183674, 0.5647321428571429]
INFO:root:MMAE_test
INFO:root:[4.75, 5.0, 5.0, 5.0, 5.0, 5.0, 5.0, 5.0, 5.0, 5.0, 5.0, 5.0, 5.0]
INFO:root:weighted_fscore
INFO:root:[0.5997755304983067, 0.6624466000551028, 0.7369039268184436, 0.7212255816070311, 0.7136789084637627, 0.7743992284792982, 0.7542464881573924, 0.7063370305829101, 0.6183714571309173, 0.7659063798515021, 0.7693106923647045, 0.7643048701578457, 0.7488600458849447]
INFO:root:PCC_s_val:
INFO:root:[0.7359342538300351, 0.6733374005818447, 0.7668220588335052, 0.7900541417034079, 0.8039779721557345, 0.756726268114571, 0.8001058247773596, 0.8321194822057816, 0.8155771310656457, 0.825142395354328, 0.8687735824684567, 0.8377509595350487, 0.8466551522318513]
INFO:root:PCC_t_val:
INFO:root:[0.15838283570544587, -0.1397825056065185, 0.31237707208359855, 0.7543204884716692, 0.9333865192656974, 0.467365912325417, 0.5662376018586658, 0.514995439043756, 0.6514150384325939, 0.9075710951768837, nan, 0.9641340038458435, 0.46702076045055596]
INFO:root:ICC_val:
INFO:root:[0.6079974910115792, 0.5684783938948689, 0.7529015894104439, 0.7743066468126182, 0.723656326117405, 0.7414569736508312, 0.7573207464724968, 0.7872156139918385, 0.7695572762744215, 0.7753392370313549, 0.7842781129770482, 0.7671550824611676, 0.8070204068400996]
INFO:root:MAE_test:
INFO:root:[0.8147321428571429, 0.7146045918367347, 0.5299744897959183, 0.5545280612244898, 0.5589923469387755, 0.4799107142857143, 0.5229591836734694, 0.5762117346938775, 0.7248086734693877, 0.4885204081632653, 0.47831632653061223, 0.4901147959183674, 0.5647321428571429]
INFO:root:MMD_Valid:
INFO:root:[0, 0, 0, 0, 0, 0, 0, 0, 0, 0, 0, 0, 0]
INFO:root:MMD_train:
INFO:root:[0.0, 0.0, 0.0, 0.0, 0.0, 0.0, 0.0, 0.0, 0.0, 0.0, 0.0, 0.0, 0.0]
INFO:root:Training
INFO:root:
Epoch: 13
INFO:root:learning_rate: 0.001
INFO:root:test_accuracy:
INFO:root:[55.516581632653065, 64.44515306122449, 75.38265306122449, 76.46683673469387, 74.74489795918367, 81.69642857142857, 78.47576530612244, 75.47831632653062, 58.45025510204081, 81.28188775510205, 82.42984693877551, 81.7920918367347, 73.88392857142857, 81.50510204081633]
INFO:root:PCC_test:
INFO:root:[0.49949449441044924, 0.5424723936917283, 0.6120208273599803, 0.5911356219254593, 0.5926911726323076, 0.5930918890518135, 0.5905653716487217, 0.5830966623505549, 0.5594114704483815, 0.5943654709714675, 0.5948642196395029, 0.5878714811704906, 0.5601107484294784, 0.5867813319946349]
INFO:root:ICC_test:
INFO:root:[0.4970096946531397, 0.5409166898960138, 0.5984683235513587, 0.5796469028656234, 0.5791452170157891, 0.5484905073178523, 0.5728124859099512, 0.572536233493867, 0.5587270998241111, 0.5572871154269484, 0.5531598949969039, 0.551760252829634, 0.5516236811817782, 0.5449222890219869]
INFO:root:MAE_test:
INFO:root:[0.8147321428571429, 0.7146045918367347, 0.5299744897959183, 0.5545280612244898, 0.5589923469387755, 0.4799107142857143, 0.5229591836734694, 0.5762117346938775, 0.7248086734693877, 0.4885204081632653, 0.47831632653061223, 0.4901147959183674, 0.5647321428571429, 0.492984693877551]
INFO:root:MMAE_test
INFO:root:[4.75, 5.0, 5.0, 5.0, 5.0, 5.0, 5.0, 5.0, 5.0, 5.0, 5.0, 5.0, 5.0, 5.0]
INFO:root:weighted_fscore
INFO:root:[0.5997755304983067, 0.6624466000551028, 0.7369039268184436, 0.7212255816070311, 0.7136789084637627, 0.7743992284792982, 0.7542464881573924, 0.7063370305829101, 0.6183714571309173, 0.7659063798515021, 0.7693106923647045, 0.7643048701578457, 0.7488600458849447, 0.7611995783918655]
INFO:root:PCC_s_val:
INFO:root:[0.7359342538300351, 0.6733374005818447, 0.7668220588335052, 0.7900541417034079, 0.8039779721557345, 0.756726268114571, 0.8001058247773596, 0.8321194822057816, 0.8155771310656457, 0.825142395354328, 0.8687735824684567, 0.8377509595350487, 0.8466551522318513, 0.8419215463978029]
INFO:root:PCC_t_val:
INFO:root:[0.15838283570544587, -0.1397825056065185, 0.31237707208359855, 0.7543204884716692, 0.9333865192656974, 0.467365912325417, 0.5662376018586658, 0.514995439043756, 0.6514150384325939, 0.9075710951768837, nan, 0.9641340038458435, 0.46702076045055596, nan]
INFO:root:ICC_val:
INFO:root:[0.6079974910115792, 0.5684783938948689, 0.7529015894104439, 0.7743066468126182, 0.723656326117405, 0.7414569736508312, 0.7573207464724968, 0.7872156139918385, 0.7695572762744215, 0.7753392370313549, 0.7842781129770482, 0.7671550824611676, 0.8070204068400996, 0.7915874535112275]
INFO:root:MAE_test:
INFO:root:[0.8147321428571429, 0.7146045918367347, 0.5299744897959183, 0.5545280612244898, 0.5589923469387755, 0.4799107142857143, 0.5229591836734694, 0.5762117346938775, 0.7248086734693877, 0.4885204081632653, 0.47831632653061223, 0.4901147959183674, 0.5647321428571429, 0.492984693877551]
INFO:root:MMD_Valid:
INFO:root:[0, 0, 0, 0, 0, 0, 0, 0, 0, 0, 0, 0, 0, 0]
INFO:root:MMD_train:
INFO:root:[0.0, 0.0, 0.0, 0.0, 0.0, 0.0, 0.0, 0.0, 0.0, 0.0, 0.0, 0.0, 0.0, 0.0]
INFO:root:Training
INFO:root:
Epoch: 14
INFO:root:learning_rate: 0.001
INFO:root:test_accuracy:
INFO:root:[55.516581632653065, 64.44515306122449, 75.38265306122449, 76.46683673469387, 74.74489795918367, 81.69642857142857, 78.47576530612244, 75.47831632653062, 58.45025510204081, 81.28188775510205, 82.42984693877551, 81.7920918367347, 73.88392857142857, 81.50510204081633, 81.34566326530613]
INFO:root:PCC_test:
INFO:root:[0.49949449441044924, 0.5424723936917283, 0.6120208273599803, 0.5911356219254593, 0.5926911726323076, 0.5930918890518135, 0.5905653716487217, 0.5830966623505549, 0.5594114704483815, 0.5943654709714675, 0.5948642196395029, 0.5878714811704906, 0.5601107484294784, 0.5867813319946349, 0.5936394996580117]
INFO:root:ICC_test:
INFO:root:[0.4970096946531397, 0.5409166898960138, 0.5984683235513587, 0.5796469028656234, 0.5791452170157891, 0.5484905073178523, 0.5728124859099512, 0.572536233493867, 0.5587270998241111, 0.5572871154269484, 0.5531598949969039, 0.551760252829634, 0.5516236811817782, 0.5449222890219869, 0.5551538023831105]
INFO:root:MAE_test:
INFO:root:[0.8147321428571429, 0.7146045918367347, 0.5299744897959183, 0.5545280612244898, 0.5589923469387755, 0.4799107142857143, 0.5229591836734694, 0.5762117346938775, 0.7248086734693877, 0.4885204081632653, 0.47831632653061223, 0.4901147959183674, 0.5647321428571429, 0.492984693877551, 0.4926658163265306]
INFO:root:MMAE_test
INFO:root:[4.75, 5.0, 5.0, 5.0, 5.0, 5.0, 5.0, 5.0, 5.0, 5.0, 5.0, 5.0, 5.0, 5.0, 5.0]
INFO:root:weighted_fscore
INFO:root:[0.5997755304983067, 0.6624466000551028, 0.7369039268184436, 0.7212255816070311, 0.7136789084637627, 0.7743992284792982, 0.7542464881573924, 0.7063370305829101, 0.6183714571309173, 0.7659063798515021, 0.7693106923647045, 0.7643048701578457, 0.7488600458849447, 0.7611995783918655, 0.7606967230056384]
INFO:root:PCC_s_val:
INFO:root:[0.7359342538300351, 0.6733374005818447, 0.7668220588335052, 0.7900541417034079, 0.8039779721557345, 0.756726268114571, 0.8001058247773596, 0.8321194822057816, 0.8155771310656457, 0.825142395354328, 0.8687735824684567, 0.8377509595350487, 0.8466551522318513, 0.8419215463978029, 0.8375392617812147]
INFO:root:PCC_t_val:
INFO:root:[0.15838283570544587, -0.1397825056065185, 0.31237707208359855, 0.7543204884716692, 0.9333865192656974, 0.467365912325417, 0.5662376018586658, 0.514995439043756, 0.6514150384325939, 0.9075710951768837, nan, 0.9641340038458435, 0.46702076045055596, nan, 0.7908553484194385]
INFO:root:ICC_val:
INFO:root:[0.6079974910115792, 0.5684783938948689, 0.7529015894104439, 0.7743066468126182, 0.723656326117405, 0.7414569736508312, 0.7573207464724968, 0.7872156139918385, 0.7695572762744215, 0.7753392370313549, 0.7842781129770482, 0.7671550824611676, 0.8070204068400996, 0.7915874535112275, 0.7697301553987433]
INFO:root:MAE_test:
INFO:root:[0.8147321428571429, 0.7146045918367347, 0.5299744897959183, 0.5545280612244898, 0.5589923469387755, 0.4799107142857143, 0.5229591836734694, 0.5762117346938775, 0.7248086734693877, 0.4885204081632653, 0.47831632653061223, 0.4901147959183674, 0.5647321428571429, 0.492984693877551, 0.4926658163265306]
INFO:root:MMD_Valid:
INFO:root:[0, 0, 0, 0, 0, 0, 0, 0, 0, 0, 0, 0, 0, 0, 0]
INFO:root:MMD_train:
INFO:root:[0.0, 0.0, 0.0, 0.0, 0.0, 0.0, 0.0, 0.0, 0.0, 0.0, 0.0, 0.0, 0.0, 0.0, 0.0]
INFO:root:Training
INFO:root:
Epoch: 15
INFO:root:learning_rate: 0.001
INFO:root:test_accuracy:
INFO:root:[55.516581632653065, 64.44515306122449, 75.38265306122449, 76.46683673469387, 74.74489795918367, 81.69642857142857, 78.47576530612244, 75.47831632653062, 58.45025510204081, 81.28188775510205, 82.42984693877551, 81.7920918367347, 73.88392857142857, 81.50510204081633, 81.34566326530613, 80.5484693877551]
INFO:root:PCC_test:
INFO:root:[0.49949449441044924, 0.5424723936917283, 0.6120208273599803, 0.5911356219254593, 0.5926911726323076, 0.5930918890518135, 0.5905653716487217, 0.5830966623505549, 0.5594114704483815, 0.5943654709714675, 0.5948642196395029, 0.5878714811704906, 0.5601107484294784, 0.5867813319946349, 0.5936394996580117, 0.60392144627389]
INFO:root:ICC_test:
INFO:root:[0.4970096946531397, 0.5409166898960138, 0.5984683235513587, 0.5796469028656234, 0.5791452170157891, 0.5484905073178523, 0.5728124859099512, 0.572536233493867, 0.5587270998241111, 0.5572871154269484, 0.5531598949969039, 0.551760252829634, 0.5516236811817782, 0.5449222890219869, 0.5551538023831105, 0.5758974479487788]
INFO:root:MAE_test:
INFO:root:[0.8147321428571429, 0.7146045918367347, 0.5299744897959183, 0.5545280612244898, 0.5589923469387755, 0.4799107142857143, 0.5229591836734694, 0.5762117346938775, 0.7248086734693877, 0.4885204081632653, 0.47831632653061223, 0.4901147959183674, 0.5647321428571429, 0.492984693877551, 0.4926658163265306, 0.4955357142857143]
INFO:root:MMAE_test
INFO:root:[4.75, 5.0, 5.0, 5.0, 5.0, 5.0, 5.0, 5.0, 5.0, 5.0, 5.0, 5.0, 5.0, 5.0, 5.0, 5.0]
INFO:root:weighted_fscore
INFO:root:[0.5997755304983067, 0.6624466000551028, 0.7369039268184436, 0.7212255816070311, 0.7136789084637627, 0.7743992284792982, 0.7542464881573924, 0.7063370305829101, 0.6183714571309173, 0.7659063798515021, 0.7693106923647045, 0.7643048701578457, 0.7488600458849447, 0.7611995783918655, 0.7606967230056384, 0.7611682782692355]
INFO:root:PCC_s_val:
INFO:root:[0.7359342538300351, 0.6733374005818447, 0.7668220588335052, 0.7900541417034079, 0.8039779721557345, 0.756726268114571, 0.8001058247773596, 0.8321194822057816, 0.8155771310656457, 0.825142395354328, 0.8687735824684567, 0.8377509595350487, 0.8466551522318513, 0.8419215463978029, 0.8375392617812147, 0.8769637564127652]
INFO:root:PCC_t_val:
INFO:root:[0.15838283570544587, -0.1397825056065185, 0.31237707208359855, 0.7543204884716692, 0.9333865192656974, 0.467365912325417, 0.5662376018586658, 0.514995439043756, 0.6514150384325939, 0.9075710951768837, nan, 0.9641340038458435, 0.46702076045055596, nan, 0.7908553484194385, -0.08078763354269382]
INFO:root:ICC_val:
INFO:root:[0.6079974910115792, 0.5684783938948689, 0.7529015894104439, 0.7743066468126182, 0.723656326117405, 0.7414569736508312, 0.7573207464724968, 0.7872156139918385, 0.7695572762744215, 0.7753392370313549, 0.7842781129770482, 0.7671550824611676, 0.8070204068400996, 0.7915874535112275, 0.7697301553987433, 0.7687976109293432]
INFO:root:MAE_test:
INFO:root:[0.8147321428571429, 0.7146045918367347, 0.5299744897959183, 0.5545280612244898, 0.5589923469387755, 0.4799107142857143, 0.5229591836734694, 0.5762117346938775, 0.7248086734693877, 0.4885204081632653, 0.47831632653061223, 0.4901147959183674, 0.5647321428571429, 0.492984693877551, 0.4926658163265306, 0.4955357142857143]
INFO:root:MMD_Valid:
INFO:root:[0, 0, 0, 0, 0, 0, 0, 0, 0, 0, 0, 0, 0, 0, 0, 0]
INFO:root:MMD_train:
INFO:root:[0.0, 0.0, 0.0, 0.0, 0.0, 0.0, 0.0, 0.0, 0.0, 0.0, 0.0, 0.0, 0.0, 0.0, 0.0, 0.0]
INFO:root:Training
INFO:root:
Epoch: 16
INFO:root:learning_rate: 0.001
INFO:root:test_accuracy:
INFO:root:[55.516581632653065, 64.44515306122449, 75.38265306122449, 76.46683673469387, 74.74489795918367, 81.69642857142857, 78.47576530612244, 75.47831632653062, 58.45025510204081, 81.28188775510205, 82.42984693877551, 81.7920918367347, 73.88392857142857, 81.50510204081633, 81.34566326530613, 80.5484693877551, 77.8061224489796]
INFO:root:PCC_test:
INFO:root:[0.49949449441044924, 0.5424723936917283, 0.6120208273599803, 0.5911356219254593, 0.5926911726323076, 0.5930918890518135, 0.5905653716487217, 0.5830966623505549, 0.5594114704483815, 0.5943654709714675, 0.5948642196395029, 0.5878714811704906, 0.5601107484294784, 0.5867813319946349, 0.5936394996580117, 0.60392144627389, 0.5772370269562286]
INFO:root:ICC_test:
INFO:root:[0.4970096946531397, 0.5409166898960138, 0.5984683235513587, 0.5796469028656234, 0.5791452170157891, 0.5484905073178523, 0.5728124859099512, 0.572536233493867, 0.5587270998241111, 0.5572871154269484, 0.5531598949969039, 0.551760252829634, 0.5516236811817782, 0.5449222890219869, 0.5551538023831105, 0.5758974479487788, 0.5751855834248755]
INFO:root:MAE_test:
INFO:root:[0.8147321428571429, 0.7146045918367347, 0.5299744897959183, 0.5545280612244898, 0.5589923469387755, 0.4799107142857143, 0.5229591836734694, 0.5762117346938775, 0.7248086734693877, 0.4885204081632653, 0.47831632653061223, 0.4901147959183674, 0.5647321428571429, 0.492984693877551, 0.4926658163265306, 0.4955357142857143, 0.5806760204081632]
INFO:root:MMAE_test
INFO:root:[4.75, 5.0, 5.0, 5.0, 5.0, 5.0, 5.0, 5.0, 5.0, 5.0, 5.0, 5.0, 5.0, 5.0, 5.0, 5.0, 5.0]
INFO:root:weighted_fscore
INFO:root:[0.5997755304983067, 0.6624466000551028, 0.7369039268184436, 0.7212255816070311, 0.7136789084637627, 0.7743992284792982, 0.7542464881573924, 0.7063370305829101, 0.6183714571309173, 0.7659063798515021, 0.7693106923647045, 0.7643048701578457, 0.7488600458849447, 0.7611995783918655, 0.7606967230056384, 0.7611682782692355, 0.7596511417814347]
INFO:root:PCC_s_val:
INFO:root:[0.7359342538300351, 0.6733374005818447, 0.7668220588335052, 0.7900541417034079, 0.8039779721557345, 0.756726268114571, 0.8001058247773596, 0.8321194822057816, 0.8155771310656457, 0.825142395354328, 0.8687735824684567, 0.8377509595350487, 0.8466551522318513, 0.8419215463978029, 0.8375392617812147, 0.8769637564127652, 0.8715344157350124]
INFO:root:PCC_t_val:
INFO:root:[0.15838283570544587, -0.1397825056065185, 0.31237707208359855, 0.7543204884716692, 0.9333865192656974, 0.467365912325417, 0.5662376018586658, 0.514995439043756, 0.6514150384325939, 0.9075710951768837, nan, 0.9641340038458435, 0.46702076045055596, nan, 0.7908553484194385, -0.08078763354269382, 0.6428575034473545]
INFO:root:ICC_val:
INFO:root:[0.6079974910115792, 0.5684783938948689, 0.7529015894104439, 0.7743066468126182, 0.723656326117405, 0.7414569736508312, 0.7573207464724968, 0.7872156139918385, 0.7695572762744215, 0.7753392370313549, 0.7842781129770482, 0.7671550824611676, 0.8070204068400996, 0.7915874535112275, 0.7697301553987433, 0.7687976109293432, 0.8312808549216057]
INFO:root:MAE_test:
INFO:root:[0.8147321428571429, 0.7146045918367347, 0.5299744897959183, 0.5545280612244898, 0.5589923469387755, 0.4799107142857143, 0.5229591836734694, 0.5762117346938775, 0.7248086734693877, 0.4885204081632653, 0.47831632653061223, 0.4901147959183674, 0.5647321428571429, 0.492984693877551, 0.4926658163265306, 0.4955357142857143, 0.5806760204081632]
INFO:root:MMD_Valid:
INFO:root:[0, 0, 0, 0, 0, 0, 0, 0, 0, 0, 0, 0, 0, 0, 0, 0, 0]
INFO:root:MMD_train:
INFO:root:[0.0, 0.0, 0.0, 0.0, 0.0, 0.0, 0.0, 0.0, 0.0, 0.0, 0.0, 0.0, 0.0, 0.0, 0.0, 0.0, 0.0]
INFO:root:Training
INFO:root:
Epoch: 17
INFO:root:learning_rate: 0.001
