INFO:root:Subject16
INFO:root:Loading source train data
INFO:root:Batch Size:4
INFO:root:Stride:12
INFO:root:Num of source train videos :18
INFO:root:Num of source train sequences :6997
INFO:root:The number of source training batches = 1380
INFO:root:Loading target train data
INFO:root:Batch Size:2
INFO:root:Stride:8
INFO:root:Num of training videos :112
INFO:root:Num of target train sequences :2760
INFO:root:The number of target training batches = 1380
INFO:root:Loading source val data
INFO:root:The number of source validation batches = 185
INFO:root:Loading target val data
INFO:root:Batch Size:8
INFO:root:Stride:8
INFO:root:Num of target val videos :72
INFO:root:Num of target val sequences :1448
INFO:root:The number of target validation batches = 181
INFO:root:Loading target test data
INFO:root:Batch Size:1
INFO:root:Stride:64
INFO:root:Loading Test data
INFO:root:Num of test sequences :49
INFO:root:The number of target test batches = 49
INFO:root:Training
INFO:root:
Epoch: 0
INFO:root:learning_rate: 0.001
INFO:root:test_accuracy:
INFO:root:[27.83801020408163]
INFO:root:PCC_test:
INFO:root:[0.3662756949304726]
INFO:root:ICC_test:
INFO:root:[0.2980078989378705]
INFO:root:MAE_test:
INFO:root:[0.9795918367346939]
INFO:root:MMAE_test
INFO:root:[4.7]
INFO:root:weighted_fscore
INFO:root:[0.37235688785526233]
INFO:root:PCC_s_val:
INFO:root:[0.7158421283761164]
INFO:root:PCC_t_val:
INFO:root:[0.3701960866974949]
INFO:root:ICC_val:
INFO:root:[0.6430574215530295]
INFO:root:MAE_test:
INFO:root:[0.9795918367346939]
INFO:root:MMD_Valid:
INFO:root:[0]
INFO:root:MMD_train:
INFO:root:[0.0]
INFO:root:Training
INFO:root:
Epoch: 1
INFO:root:learning_rate: 0.001
INFO:root:test_accuracy:
INFO:root:[27.83801020408163, 67.92091836734694]
INFO:root:PCC_test:
INFO:root:[0.3662756949304726, 0.5818139886789433]
INFO:root:ICC_test:
INFO:root:[0.2980078989378705, 0.5773737424897872]
INFO:root:MAE_test:
INFO:root:[0.9795918367346939, 0.6288265306122449]
INFO:root:MMAE_test
INFO:root:[4.7, 4.1]
INFO:root:weighted_fscore
INFO:root:[0.37235688785526233, 0.7327618682367291]
INFO:root:PCC_s_val:
INFO:root:[0.7158421283761164, 0.8362951829432701]
INFO:root:PCC_t_val:
INFO:root:[0.3701960866974949, 0.2485819399294984]
INFO:root:ICC_val:
INFO:root:[0.6430574215530295, 0.7922212722617892]
INFO:root:MAE_test:
INFO:root:[0.9795918367346939, 0.6288265306122449]
INFO:root:MMD_Valid:
INFO:root:[0, 0]
INFO:root:MMD_train:
INFO:root:[0.0, 0.0]
INFO:root:Training
INFO:root:
Epoch: 2
INFO:root:learning_rate: 0.001
INFO:root:test_accuracy:
INFO:root:[27.83801020408163, 67.92091836734694, 65.7844387755102]
INFO:root:PCC_test:
INFO:root:[0.3662756949304726, 0.5818139886789433, 0.51094201535654]
INFO:root:ICC_test:
INFO:root:[0.2980078989378705, 0.5773737424897872, 0.47571147898662136]
INFO:root:MAE_test:
INFO:root:[0.9795918367346939, 0.6288265306122449, 0.654655612244898]
INFO:root:MMAE_test
INFO:root:[4.7, 4.1, 5.0]
INFO:root:weighted_fscore
INFO:root:[0.37235688785526233, 0.7327618682367291, 0.6684963247164493]
INFO:root:PCC_s_val:
INFO:root:[0.7158421283761164, 0.8362951829432701, 0.855960607804722]
INFO:root:PCC_t_val:
INFO:root:[0.3701960866974949, 0.2485819399294984, 0.37959968690516466]
INFO:root:ICC_val:
INFO:root:[0.6430574215530295, 0.7922212722617892, 0.8006976752928251]
INFO:root:MAE_test:
INFO:root:[0.9795918367346939, 0.6288265306122449, 0.654655612244898]
INFO:root:MMD_Valid:
INFO:root:[0, 0, 0]
INFO:root:MMD_train:
INFO:root:[0.0, 0.0, 0.0]
INFO:root:Training
INFO:root:
Epoch: 3
INFO:root:learning_rate: 0.001
INFO:root:test_accuracy:
INFO:root:[27.83801020408163, 67.92091836734694, 65.7844387755102, 69.73852040816327]
INFO:root:PCC_test:
INFO:root:[0.3662756949304726, 0.5818139886789433, 0.51094201535654, 0.5256898731001078]
INFO:root:ICC_test:
INFO:root:[0.2980078989378705, 0.5773737424897872, 0.47571147898662136, 0.4693482624524612]
INFO:root:MAE_test:
INFO:root:[0.9795918367346939, 0.6288265306122449, 0.654655612244898, 0.6100127551020408]
INFO:root:MMAE_test
INFO:root:[4.7, 4.1, 5.0, 4.7]
INFO:root:weighted_fscore
INFO:root:[0.37235688785526233, 0.7327618682367291, 0.6684963247164493, 0.6877655692964582]
INFO:root:PCC_s_val:
INFO:root:[0.7158421283761164, 0.8362951829432701, 0.855960607804722, 0.8631757920472483]
INFO:root:PCC_t_val:
INFO:root:[0.3701960866974949, 0.2485819399294984, 0.37959968690516466, 0.44571076798342407]
INFO:root:ICC_val:
INFO:root:[0.6430574215530295, 0.7922212722617892, 0.8006976752928251, 0.824030962126859]
INFO:root:MAE_test:
INFO:root:[0.9795918367346939, 0.6288265306122449, 0.654655612244898, 0.6100127551020408]
INFO:root:MMD_Valid:
INFO:root:[0, 0, 0, 0]
INFO:root:MMD_train:
INFO:root:[0.0, 0.0, 0.0, 0.0]
INFO:root:Training
INFO:root:
Epoch: 4
INFO:root:learning_rate: 0.001
INFO:root:test_accuracy:
INFO:root:[27.83801020408163, 67.92091836734694, 65.7844387755102, 69.73852040816327, 74.39413265306123]
INFO:root:PCC_test:
INFO:root:[0.3662756949304726, 0.5818139886789433, 0.51094201535654, 0.5256898731001078, 0.591652497508448]
INFO:root:ICC_test:
INFO:root:[0.2980078989378705, 0.5773737424897872, 0.47571147898662136, 0.4693482624524612, 0.5541048582308594]
INFO:root:MAE_test:
INFO:root:[0.9795918367346939, 0.6288265306122449, 0.654655612244898, 0.6100127551020408, 0.5430484693877551]
INFO:root:MMAE_test
INFO:root:[4.7, 4.1, 5.0, 4.7, 4.55]
INFO:root:weighted_fscore
INFO:root:[0.37235688785526233, 0.7327618682367291, 0.6684963247164493, 0.6877655692964582, 0.7446207275122744]
INFO:root:PCC_s_val:
INFO:root:[0.7158421283761164, 0.8362951829432701, 0.855960607804722, 0.8631757920472483, 0.8738340807728223]
INFO:root:PCC_t_val:
INFO:root:[0.3701960866974949, 0.2485819399294984, 0.37959968690516466, 0.44571076798342407, 0.41043830504204704]
INFO:root:ICC_val:
INFO:root:[0.6430574215530295, 0.7922212722617892, 0.8006976752928251, 0.824030962126859, 0.7510949757203459]
INFO:root:MAE_test:
INFO:root:[0.9795918367346939, 0.6288265306122449, 0.654655612244898, 0.6100127551020408, 0.5430484693877551]
INFO:root:MMD_Valid:
INFO:root:[0, 0, 0, 0, 0]
INFO:root:MMD_train:
INFO:root:[0.0, 0.0, 0.0, 0.0, 0.0]
INFO:root:Training
INFO:root:
Epoch: 5
INFO:root:learning_rate: 0.001
INFO:root:test_accuracy:
INFO:root:[27.83801020408163, 67.92091836734694, 65.7844387755102, 69.73852040816327, 74.39413265306123, 67.98469387755102]
INFO:root:PCC_test:
INFO:root:[0.3662756949304726, 0.5818139886789433, 0.51094201535654, 0.5256898731001078, 0.591652497508448, 0.6885867289116303]
INFO:root:ICC_test:
INFO:root:[0.2980078989378705, 0.5773737424897872, 0.47571147898662136, 0.4693482624524612, 0.5541048582308594, 0.6395788261729449]
INFO:root:MAE_test:
INFO:root:[0.9795918367346939, 0.6288265306122449, 0.654655612244898, 0.6100127551020408, 0.5430484693877551, 0.5315688775510204]
INFO:root:MMAE_test
INFO:root:[4.7, 4.1, 5.0, 4.7, 4.55, 3.55]
INFO:root:weighted_fscore
INFO:root:[0.37235688785526233, 0.7327618682367291, 0.6684963247164493, 0.6877655692964582, 0.7446207275122744, 0.7024311088648081]
INFO:root:PCC_s_val:
INFO:root:[0.7158421283761164, 0.8362951829432701, 0.855960607804722, 0.8631757920472483, 0.8738340807728223, 0.8948772216963896]
INFO:root:PCC_t_val:
INFO:root:[0.3701960866974949, 0.2485819399294984, 0.37959968690516466, 0.44571076798342407, 0.41043830504204704, 0.48199726570966184]
INFO:root:ICC_val:
INFO:root:[0.6430574215530295, 0.7922212722617892, 0.8006976752928251, 0.824030962126859, 0.7510949757203459, 0.8535292255270855]
INFO:root:MAE_test:
INFO:root:[0.9795918367346939, 0.6288265306122449, 0.654655612244898, 0.6100127551020408, 0.5430484693877551, 0.5315688775510204]
INFO:root:MMD_Valid:
INFO:root:[0, 0, 0, 0, 0, 0]
INFO:root:MMD_train:
INFO:root:[0.0, 0.0, 0.0, 0.0, 0.0, 0.0]
INFO:root:Training
INFO:root:
Epoch: 6
INFO:root:learning_rate: 0.001
INFO:root:test_accuracy:
INFO:root:[27.83801020408163, 67.92091836734694, 65.7844387755102, 69.73852040816327, 74.39413265306123, 67.98469387755102, 70.18494897959184]
INFO:root:PCC_test:
INFO:root:[0.3662756949304726, 0.5818139886789433, 0.51094201535654, 0.5256898731001078, 0.591652497508448, 0.6885867289116303, 0.6421667660860033]
INFO:root:ICC_test:
INFO:root:[0.2980078989378705, 0.5773737424897872, 0.47571147898662136, 0.4693482624524612, 0.5541048582308594, 0.6395788261729449, 0.6043379709177923]
INFO:root:MAE_test:
INFO:root:[0.9795918367346939, 0.6288265306122449, 0.654655612244898, 0.6100127551020408, 0.5430484693877551, 0.5315688775510204, 0.5430484693877551]
INFO:root:MMAE_test
INFO:root:[4.7, 4.1, 5.0, 4.7, 4.55, 3.55, 3.2]
INFO:root:weighted_fscore
INFO:root:[0.37235688785526233, 0.7327618682367291, 0.6684963247164493, 0.6877655692964582, 0.7446207275122744, 0.7024311088648081, 0.7015408726141086]
INFO:root:PCC_s_val:
INFO:root:[0.7158421283761164, 0.8362951829432701, 0.855960607804722, 0.8631757920472483, 0.8738340807728223, 0.8948772216963896, 0.9066556918674248]
INFO:root:PCC_t_val:
INFO:root:[0.3701960866974949, 0.2485819399294984, 0.37959968690516466, 0.44571076798342407, 0.41043830504204704, 0.48199726570966184, 0.4535324007894408]
INFO:root:ICC_val:
INFO:root:[0.6430574215530295, 0.7922212722617892, 0.8006976752928251, 0.824030962126859, 0.7510949757203459, 0.8535292255270855, 0.8510339911702434]
INFO:root:MAE_test:
INFO:root:[0.9795918367346939, 0.6288265306122449, 0.654655612244898, 0.6100127551020408, 0.5430484693877551, 0.5315688775510204, 0.5430484693877551]
INFO:root:MMD_Valid:
INFO:root:[0, 0, 0, 0, 0, 0, 0]
INFO:root:MMD_train:
INFO:root:[0.0, 0.0, 0.0, 0.0, 0.0, 0.0, 0.0]
INFO:root:Training
INFO:root:
Epoch: 7
INFO:root:learning_rate: 0.001
INFO:root:test_accuracy:
INFO:root:[27.83801020408163, 67.92091836734694, 65.7844387755102, 69.73852040816327, 74.39413265306123, 67.98469387755102, 70.18494897959184, 59.78954081632652]
INFO:root:PCC_test:
INFO:root:[0.3662756949304726, 0.5818139886789433, 0.51094201535654, 0.5256898731001078, 0.591652497508448, 0.6885867289116303, 0.6421667660860033, 0.6042273715754274]
INFO:root:ICC_test:
INFO:root:[0.2980078989378705, 0.5773737424897872, 0.47571147898662136, 0.4693482624524612, 0.5541048582308594, 0.6395788261729449, 0.6043379709177923, 0.5742801557076697]
INFO:root:MAE_test:
INFO:root:[0.9795918367346939, 0.6288265306122449, 0.654655612244898, 0.6100127551020408, 0.5430484693877551, 0.5315688775510204, 0.5430484693877551, 0.6374362244897959]
INFO:root:MMAE_test
INFO:root:[4.7, 4.1, 5.0, 4.7, 4.55, 3.55, 3.2, 4.25]
INFO:root:weighted_fscore
INFO:root:[0.37235688785526233, 0.7327618682367291, 0.6684963247164493, 0.6877655692964582, 0.7446207275122744, 0.7024311088648081, 0.7015408726141086, 0.6659204420939052]
INFO:root:PCC_s_val:
INFO:root:[0.7158421283761164, 0.8362951829432701, 0.855960607804722, 0.8631757920472483, 0.8738340807728223, 0.8948772216963896, 0.9066556918674248, 0.9241965029283031]
INFO:root:PCC_t_val:
INFO:root:[0.3701960866974949, 0.2485819399294984, 0.37959968690516466, 0.44571076798342407, 0.41043830504204704, 0.48199726570966184, 0.4535324007894408, 0.48391747522756406]
INFO:root:ICC_val:
INFO:root:[0.6430574215530295, 0.7922212722617892, 0.8006976752928251, 0.824030962126859, 0.7510949757203459, 0.8535292255270855, 0.8510339911702434, 0.9166906933660496]
INFO:root:MAE_test:
INFO:root:[0.9795918367346939, 0.6288265306122449, 0.654655612244898, 0.6100127551020408, 0.5430484693877551, 0.5315688775510204, 0.5430484693877551, 0.6374362244897959]
INFO:root:MMD_Valid:
INFO:root:[0, 0, 0, 0, 0, 0, 0, 0]
INFO:root:MMD_train:
INFO:root:[0.0, 0.0, 0.0, 0.0, 0.0, 0.0, 0.0, 0.0]
INFO:root:Training
INFO:root:
Epoch: 8
INFO:root:learning_rate: 0.001
INFO:root:test_accuracy:
INFO:root:[27.83801020408163, 67.92091836734694, 65.7844387755102, 69.73852040816327, 74.39413265306123, 67.98469387755102, 70.18494897959184, 59.78954081632652, 68.17602040816327]
INFO:root:PCC_test:
INFO:root:[0.3662756949304726, 0.5818139886789433, 0.51094201535654, 0.5256898731001078, 0.591652497508448, 0.6885867289116303, 0.6421667660860033, 0.6042273715754274, 0.6725996521247604]
INFO:root:ICC_test:
INFO:root:[0.2980078989378705, 0.5773737424897872, 0.47571147898662136, 0.4693482624524612, 0.5541048582308594, 0.6395788261729449, 0.6043379709177923, 0.5742801557076697, 0.637879341256094]
INFO:root:MAE_test:
INFO:root:[0.9795918367346939, 0.6288265306122449, 0.654655612244898, 0.6100127551020408, 0.5430484693877551, 0.5315688775510204, 0.5430484693877551, 0.6374362244897959, 0.5309311224489796]
INFO:root:MMAE_test
INFO:root:[4.7, 4.1, 5.0, 4.7, 4.55, 3.55, 3.2, 4.25, 4.25]
INFO:root:weighted_fscore
INFO:root:[0.37235688785526233, 0.7327618682367291, 0.6684963247164493, 0.6877655692964582, 0.7446207275122744, 0.7024311088648081, 0.7015408726141086, 0.6659204420939052, 0.7181884348909924]
INFO:root:PCC_s_val:
INFO:root:[0.7158421283761164, 0.8362951829432701, 0.855960607804722, 0.8631757920472483, 0.8738340807728223, 0.8948772216963896, 0.9066556918674248, 0.9241965029283031, 0.9104927334245303]
INFO:root:PCC_t_val:
INFO:root:[0.3701960866974949, 0.2485819399294984, 0.37959968690516466, 0.44571076798342407, 0.41043830504204704, 0.48199726570966184, 0.4535324007894408, 0.48391747522756406, 0.4698501568580274]
INFO:root:ICC_val:
INFO:root:[0.6430574215530295, 0.7922212722617892, 0.8006976752928251, 0.824030962126859, 0.7510949757203459, 0.8535292255270855, 0.8510339911702434, 0.9166906933660496, 0.872965738872362]
INFO:root:MAE_test:
INFO:root:[0.9795918367346939, 0.6288265306122449, 0.654655612244898, 0.6100127551020408, 0.5430484693877551, 0.5315688775510204, 0.5430484693877551, 0.6374362244897959, 0.5309311224489796]
INFO:root:MMD_Valid:
INFO:root:[0, 0, 0, 0, 0, 0, 0, 0, 0]
INFO:root:MMD_train:
INFO:root:[0.0, 0.0, 0.0, 0.0, 0.0, 0.0, 0.0, 0.0, 0.0]
INFO:root:Training
INFO:root:
Epoch: 9
INFO:root:learning_rate: 0.001
INFO:root:test_accuracy:
INFO:root:[27.83801020408163, 67.92091836734694, 65.7844387755102, 69.73852040816327, 74.39413265306123, 67.98469387755102, 70.18494897959184, 59.78954081632652, 68.17602040816327, 66.67729591836735]
INFO:root:PCC_test:
INFO:root:[0.3662756949304726, 0.5818139886789433, 0.51094201535654, 0.5256898731001078, 0.591652497508448, 0.6885867289116303, 0.6421667660860033, 0.6042273715754274, 0.6725996521247604, 0.6200298790375497]
INFO:root:ICC_test:
INFO:root:[0.2980078989378705, 0.5773737424897872, 0.47571147898662136, 0.4693482624524612, 0.5541048582308594, 0.6395788261729449, 0.6043379709177923, 0.5742801557076697, 0.637879341256094, 0.5255732477711278]
INFO:root:MAE_test:
INFO:root:[0.9795918367346939, 0.6288265306122449, 0.654655612244898, 0.6100127551020408, 0.5430484693877551, 0.5315688775510204, 0.5430484693877551, 0.6374362244897959, 0.5309311224489796, 0.5755739795918368]
INFO:root:MMAE_test
INFO:root:[4.7, 4.1, 5.0, 4.7, 4.55, 3.55, 3.2, 4.25, 4.25, 4.25]
INFO:root:weighted_fscore
INFO:root:[0.37235688785526233, 0.7327618682367291, 0.6684963247164493, 0.6877655692964582, 0.7446207275122744, 0.7024311088648081, 0.7015408726141086, 0.6659204420939052, 0.7181884348909924, 0.67728272798267]
INFO:root:PCC_s_val:
INFO:root:[0.7158421283761164, 0.8362951829432701, 0.855960607804722, 0.8631757920472483, 0.8738340807728223, 0.8948772216963896, 0.9066556918674248, 0.9241965029283031, 0.9104927334245303, 0.9244573569755856]
INFO:root:PCC_t_val:
INFO:root:[0.3701960866974949, 0.2485819399294984, 0.37959968690516466, 0.44571076798342407, 0.41043830504204704, 0.48199726570966184, 0.4535324007894408, 0.48391747522756406, 0.4698501568580274, 0.425403627602671]
INFO:root:ICC_val:
INFO:root:[0.6430574215530295, 0.7922212722617892, 0.8006976752928251, 0.824030962126859, 0.7510949757203459, 0.8535292255270855, 0.8510339911702434, 0.9166906933660496, 0.872965738872362, 0.9103882022486705]
INFO:root:MAE_test:
INFO:root:[0.9795918367346939, 0.6288265306122449, 0.654655612244898, 0.6100127551020408, 0.5430484693877551, 0.5315688775510204, 0.5430484693877551, 0.6374362244897959, 0.5309311224489796, 0.5755739795918368]
INFO:root:MMD_Valid:
INFO:root:[0, 0, 0, 0, 0, 0, 0, 0, 0, 0]
INFO:root:MMD_train:
INFO:root:[0.0, 0.0, 0.0, 0.0, 0.0, 0.0, 0.0, 0.0, 0.0, 0.0]
INFO:root:Training
INFO:root:
Epoch: 10
INFO:root:learning_rate: 0.001
INFO:root:test_accuracy:
INFO:root:[27.83801020408163, 67.92091836734694, 65.7844387755102, 69.73852040816327, 74.39413265306123, 67.98469387755102, 70.18494897959184, 59.78954081632652, 68.17602040816327, 66.67729591836735, 71.30102040816327]
INFO:root:PCC_test:
INFO:root:[0.3662756949304726, 0.5818139886789433, 0.51094201535654, 0.5256898731001078, 0.591652497508448, 0.6885867289116303, 0.6421667660860033, 0.6042273715754274, 0.6725996521247604, 0.6200298790375497, 0.6689654011424164]
INFO:root:ICC_test:
INFO:root:[0.2980078989378705, 0.5773737424897872, 0.47571147898662136, 0.4693482624524612, 0.5541048582308594, 0.6395788261729449, 0.6043379709177923, 0.5742801557076697, 0.637879341256094, 0.5255732477711278, 0.5776187299782363]
INFO:root:MAE_test:
INFO:root:[0.9795918367346939, 0.6288265306122449, 0.654655612244898, 0.6100127551020408, 0.5430484693877551, 0.5315688775510204, 0.5430484693877551, 0.6374362244897959, 0.5309311224489796, 0.5755739795918368, 0.5235969387755102]
INFO:root:MMAE_test
INFO:root:[4.7, 4.1, 5.0, 4.7, 4.55, 3.55, 3.2, 4.25, 4.25, 4.25, 4.3]
INFO:root:weighted_fscore
INFO:root:[0.37235688785526233, 0.7327618682367291, 0.6684963247164493, 0.6877655692964582, 0.7446207275122744, 0.7024311088648081, 0.7015408726141086, 0.6659204420939052, 0.7181884348909924, 0.67728272798267, 0.7155107739030824]
INFO:root:PCC_s_val:
INFO:root:[0.7158421283761164, 0.8362951829432701, 0.855960607804722, 0.8631757920472483, 0.8738340807728223, 0.8948772216963896, 0.9066556918674248, 0.9241965029283031, 0.9104927334245303, 0.9244573569755856, 0.9318402404106869]
INFO:root:PCC_t_val:
INFO:root:[0.3701960866974949, 0.2485819399294984, 0.37959968690516466, 0.44571076798342407, 0.41043830504204704, 0.48199726570966184, 0.4535324007894408, 0.48391747522756406, 0.4698501568580274, 0.425403627602671, 0.49983042949582346]
INFO:root:ICC_val:
INFO:root:[0.6430574215530295, 0.7922212722617892, 0.8006976752928251, 0.824030962126859, 0.7510949757203459, 0.8535292255270855, 0.8510339911702434, 0.9166906933660496, 0.872965738872362, 0.9103882022486705, 0.9231163291393921]
INFO:root:MAE_test:
INFO:root:[0.9795918367346939, 0.6288265306122449, 0.654655612244898, 0.6100127551020408, 0.5430484693877551, 0.5315688775510204, 0.5430484693877551, 0.6374362244897959, 0.5309311224489796, 0.5755739795918368, 0.5235969387755102]
INFO:root:MMD_Valid:
INFO:root:[0, 0, 0, 0, 0, 0, 0, 0, 0, 0, 0]
INFO:root:MMD_train:
INFO:root:[0.0, 0.0, 0.0, 0.0, 0.0, 0.0, 0.0, 0.0, 0.0, 0.0, 0.0]
INFO:root:Training
INFO:root:
Epoch: 11
INFO:root:learning_rate: 0.001
INFO:root:test_accuracy:
INFO:root:[27.83801020408163, 67.92091836734694, 65.7844387755102, 69.73852040816327, 74.39413265306123, 67.98469387755102, 70.18494897959184, 59.78954081632652, 68.17602040816327, 66.67729591836735, 71.30102040816327, 74.23469387755102]
INFO:root:PCC_test:
INFO:root:[0.3662756949304726, 0.5818139886789433, 0.51094201535654, 0.5256898731001078, 0.591652497508448, 0.6885867289116303, 0.6421667660860033, 0.6042273715754274, 0.6725996521247604, 0.6200298790375497, 0.6689654011424164, 0.6317076861356385]
INFO:root:ICC_test:
INFO:root:[0.2980078989378705, 0.5773737424897872, 0.47571147898662136, 0.4693482624524612, 0.5541048582308594, 0.6395788261729449, 0.6043379709177923, 0.5742801557076697, 0.637879341256094, 0.5255732477711278, 0.5776187299782363, 0.5236794429685168]
INFO:root:MAE_test:
INFO:root:[0.9795918367346939, 0.6288265306122449, 0.654655612244898, 0.6100127551020408, 0.5430484693877551, 0.5315688775510204, 0.5430484693877551, 0.6374362244897959, 0.5309311224489796, 0.5755739795918368, 0.5235969387755102, 0.5245535714285714]
INFO:root:MMAE_test
INFO:root:[4.7, 4.1, 5.0, 4.7, 4.55, 3.55, 3.2, 4.25, 4.25, 4.25, 4.3, 5.0]
INFO:root:weighted_fscore
INFO:root:[0.37235688785526233, 0.7327618682367291, 0.6684963247164493, 0.6877655692964582, 0.7446207275122744, 0.7024311088648081, 0.7015408726141086, 0.6659204420939052, 0.7181884348909924, 0.67728272798267, 0.7155107739030824, 0.707110351843202]
INFO:root:PCC_s_val:
INFO:root:[0.7158421283761164, 0.8362951829432701, 0.855960607804722, 0.8631757920472483, 0.8738340807728223, 0.8948772216963896, 0.9066556918674248, 0.9241965029283031, 0.9104927334245303, 0.9244573569755856, 0.9318402404106869, 0.934281117838996]
INFO:root:PCC_t_val:
INFO:root:[0.3701960866974949, 0.2485819399294984, 0.37959968690516466, 0.44571076798342407, 0.41043830504204704, 0.48199726570966184, 0.4535324007894408, 0.48391747522756406, 0.4698501568580274, 0.425403627602671, 0.49983042949582346, 0.5375651946343363]
INFO:root:ICC_val:
INFO:root:[0.6430574215530295, 0.7922212722617892, 0.8006976752928251, 0.824030962126859, 0.7510949757203459, 0.8535292255270855, 0.8510339911702434, 0.9166906933660496, 0.872965738872362, 0.9103882022486705, 0.9231163291393921, 0.909442986567175]
INFO:root:MAE_test:
INFO:root:[0.9795918367346939, 0.6288265306122449, 0.654655612244898, 0.6100127551020408, 0.5430484693877551, 0.5315688775510204, 0.5430484693877551, 0.6374362244897959, 0.5309311224489796, 0.5755739795918368, 0.5235969387755102, 0.5245535714285714]
INFO:root:MMD_Valid:
INFO:root:[0, 0, 0, 0, 0, 0, 0, 0, 0, 0, 0, 0]
INFO:root:MMD_train:
INFO:root:[0.0, 0.0, 0.0, 0.0, 0.0, 0.0, 0.0, 0.0, 0.0, 0.0, 0.0, 0.0]
INFO:root:Training
INFO:root:
Epoch: 12
INFO:root:learning_rate: 0.001
INFO:root:test_accuracy:
INFO:root:[27.83801020408163, 67.92091836734694, 65.7844387755102, 69.73852040816327, 74.39413265306123, 67.98469387755102, 70.18494897959184, 59.78954081632652, 68.17602040816327, 66.67729591836735, 71.30102040816327, 74.23469387755102, 72.83163265306123]
INFO:root:PCC_test:
INFO:root:[0.3662756949304726, 0.5818139886789433, 0.51094201535654, 0.5256898731001078, 0.591652497508448, 0.6885867289116303, 0.6421667660860033, 0.6042273715754274, 0.6725996521247604, 0.6200298790375497, 0.6689654011424164, 0.6317076861356385, 0.631396964412616]
INFO:root:ICC_test:
INFO:root:[0.2980078989378705, 0.5773737424897872, 0.47571147898662136, 0.4693482624524612, 0.5541048582308594, 0.6395788261729449, 0.6043379709177923, 0.5742801557076697, 0.637879341256094, 0.5255732477711278, 0.5776187299782363, 0.5236794429685168, 0.5592486610408691]
INFO:root:MAE_test:
INFO:root:[0.9795918367346939, 0.6288265306122449, 0.654655612244898, 0.6100127551020408, 0.5430484693877551, 0.5315688775510204, 0.5430484693877551, 0.6374362244897959, 0.5309311224489796, 0.5755739795918368, 0.5235969387755102, 0.5245535714285714, 0.5188137755102041]
INFO:root:MMAE_test
INFO:root:[4.7, 4.1, 5.0, 4.7, 4.55, 3.55, 3.2, 4.25, 4.25, 4.25, 4.3, 5.0, 5.0]
INFO:root:weighted_fscore
INFO:root:[0.37235688785526233, 0.7327618682367291, 0.6684963247164493, 0.6877655692964582, 0.7446207275122744, 0.7024311088648081, 0.7015408726141086, 0.6659204420939052, 0.7181884348909924, 0.67728272798267, 0.7155107739030824, 0.707110351843202, 0.7200205868418631]
INFO:root:PCC_s_val:
INFO:root:[0.7158421283761164, 0.8362951829432701, 0.855960607804722, 0.8631757920472483, 0.8738340807728223, 0.8948772216963896, 0.9066556918674248, 0.9241965029283031, 0.9104927334245303, 0.9244573569755856, 0.9318402404106869, 0.934281117838996, 0.9362485250546023]
INFO:root:PCC_t_val:
INFO:root:[0.3701960866974949, 0.2485819399294984, 0.37959968690516466, 0.44571076798342407, 0.41043830504204704, 0.48199726570966184, 0.4535324007894408, 0.48391747522756406, 0.4698501568580274, 0.425403627602671, 0.49983042949582346, 0.5375651946343363, 0.460722384775148]
INFO:root:ICC_val:
INFO:root:[0.6430574215530295, 0.7922212722617892, 0.8006976752928251, 0.824030962126859, 0.7510949757203459, 0.8535292255270855, 0.8510339911702434, 0.9166906933660496, 0.872965738872362, 0.9103882022486705, 0.9231163291393921, 0.909442986567175, 0.911047412822113]
INFO:root:MAE_test:
INFO:root:[0.9795918367346939, 0.6288265306122449, 0.654655612244898, 0.6100127551020408, 0.5430484693877551, 0.5315688775510204, 0.5430484693877551, 0.6374362244897959, 0.5309311224489796, 0.5755739795918368, 0.5235969387755102, 0.5245535714285714, 0.5188137755102041]
INFO:root:MMD_Valid:
INFO:root:[0, 0, 0, 0, 0, 0, 0, 0, 0, 0, 0, 0, 0]
INFO:root:MMD_train:
INFO:root:[0.0, 0.0, 0.0, 0.0, 0.0, 0.0, 0.0, 0.0, 0.0, 0.0, 0.0, 0.0, 0.0]
INFO:root:Training
INFO:root:
Epoch: 13
INFO:root:learning_rate: 0.001
INFO:root:test_accuracy:
INFO:root:[27.83801020408163, 67.92091836734694, 65.7844387755102, 69.73852040816327, 74.39413265306123, 67.98469387755102, 70.18494897959184, 59.78954081632652, 68.17602040816327, 66.67729591836735, 71.30102040816327, 74.23469387755102, 72.83163265306123, 73.37372448979592]
INFO:root:PCC_test:
INFO:root:[0.3662756949304726, 0.5818139886789433, 0.51094201535654, 0.5256898731001078, 0.591652497508448, 0.6885867289116303, 0.6421667660860033, 0.6042273715754274, 0.6725996521247604, 0.6200298790375497, 0.6689654011424164, 0.6317076861356385, 0.631396964412616, 0.6420305771151715]
INFO:root:ICC_test:
INFO:root:[0.2980078989378705, 0.5773737424897872, 0.47571147898662136, 0.4693482624524612, 0.5541048582308594, 0.6395788261729449, 0.6043379709177923, 0.5742801557076697, 0.637879341256094, 0.5255732477711278, 0.5776187299782363, 0.5236794429685168, 0.5592486610408691, 0.5503152696909301]
INFO:root:MAE_test:
INFO:root:[0.9795918367346939, 0.6288265306122449, 0.654655612244898, 0.6100127551020408, 0.5430484693877551, 0.5315688775510204, 0.5430484693877551, 0.6374362244897959, 0.5309311224489796, 0.5755739795918368, 0.5235969387755102, 0.5245535714285714, 0.5188137755102041, 0.5223214285714286]
INFO:root:MMAE_test
INFO:root:[4.7, 4.1, 5.0, 4.7, 4.55, 3.55, 3.2, 4.25, 4.25, 4.25, 4.3, 5.0, 5.0, 4.55]
INFO:root:weighted_fscore
INFO:root:[0.37235688785526233, 0.7327618682367291, 0.6684963247164493, 0.6877655692964582, 0.7446207275122744, 0.7024311088648081, 0.7015408726141086, 0.6659204420939052, 0.7181884348909924, 0.67728272798267, 0.7155107739030824, 0.707110351843202, 0.7200205868418631, 0.7172043336101115]
INFO:root:PCC_s_val:
INFO:root:[0.7158421283761164, 0.8362951829432701, 0.855960607804722, 0.8631757920472483, 0.8738340807728223, 0.8948772216963896, 0.9066556918674248, 0.9241965029283031, 0.9104927334245303, 0.9244573569755856, 0.9318402404106869, 0.934281117838996, 0.9362485250546023, 0.9421507060871473]
INFO:root:PCC_t_val:
INFO:root:[0.3701960866974949, 0.2485819399294984, 0.37959968690516466, 0.44571076798342407, 0.41043830504204704, 0.48199726570966184, 0.4535324007894408, 0.48391747522756406, 0.4698501568580274, 0.425403627602671, 0.49983042949582346, 0.5375651946343363, 0.460722384775148, 0.46276182356116957]
INFO:root:ICC_val:
INFO:root:[0.6430574215530295, 0.7922212722617892, 0.8006976752928251, 0.824030962126859, 0.7510949757203459, 0.8535292255270855, 0.8510339911702434, 0.9166906933660496, 0.872965738872362, 0.9103882022486705, 0.9231163291393921, 0.909442986567175, 0.911047412822113, 0.9197078144880352]
INFO:root:MAE_test:
INFO:root:[0.9795918367346939, 0.6288265306122449, 0.654655612244898, 0.6100127551020408, 0.5430484693877551, 0.5315688775510204, 0.5430484693877551, 0.6374362244897959, 0.5309311224489796, 0.5755739795918368, 0.5235969387755102, 0.5245535714285714, 0.5188137755102041, 0.5223214285714286]
INFO:root:MMD_Valid:
INFO:root:[0, 0, 0, 0, 0, 0, 0, 0, 0, 0, 0, 0, 0, 0]
INFO:root:MMD_train:
INFO:root:[0.0, 0.0, 0.0, 0.0, 0.0, 0.0, 0.0, 0.0, 0.0, 0.0, 0.0, 0.0, 0.0, 0.0]
INFO:root:Training
INFO:root:
Epoch: 14
INFO:root:learning_rate: 0.001
INFO:root:test_accuracy:
INFO:root:[27.83801020408163, 67.92091836734694, 65.7844387755102, 69.73852040816327, 74.39413265306123, 67.98469387755102, 70.18494897959184, 59.78954081632652, 68.17602040816327, 66.67729591836735, 71.30102040816327, 74.23469387755102, 72.83163265306123, 73.37372448979592, 75.22321428571429]
INFO:root:PCC_test:
INFO:root:[0.3662756949304726, 0.5818139886789433, 0.51094201535654, 0.5256898731001078, 0.591652497508448, 0.6885867289116303, 0.6421667660860033, 0.6042273715754274, 0.6725996521247604, 0.6200298790375497, 0.6689654011424164, 0.6317076861356385, 0.631396964412616, 0.6420305771151715, 0.6321911452261251]
INFO:root:ICC_test:
INFO:root:[0.2980078989378705, 0.5773737424897872, 0.47571147898662136, 0.4693482624524612, 0.5541048582308594, 0.6395788261729449, 0.6043379709177923, 0.5742801557076697, 0.637879341256094, 0.5255732477711278, 0.5776187299782363, 0.5236794429685168, 0.5592486610408691, 0.5503152696909301, 0.5613889664004862]
INFO:root:MAE_test:
INFO:root:[0.9795918367346939, 0.6288265306122449, 0.654655612244898, 0.6100127551020408, 0.5430484693877551, 0.5315688775510204, 0.5430484693877551, 0.6374362244897959, 0.5309311224489796, 0.5755739795918368, 0.5235969387755102, 0.5245535714285714, 0.5188137755102041, 0.5223214285714286, 0.5095663265306123]
INFO:root:MMAE_test
INFO:root:[4.7, 4.1, 5.0, 4.7, 4.55, 3.55, 3.2, 4.25, 4.25, 4.25, 4.3, 5.0, 5.0, 4.55, 4.55]
INFO:root:weighted_fscore
INFO:root:[0.37235688785526233, 0.7327618682367291, 0.6684963247164493, 0.6877655692964582, 0.7446207275122744, 0.7024311088648081, 0.7015408726141086, 0.6659204420939052, 0.7181884348909924, 0.67728272798267, 0.7155107739030824, 0.707110351843202, 0.7200205868418631, 0.7172043336101115, 0.741973182883423]
INFO:root:PCC_s_val:
INFO:root:[0.7158421283761164, 0.8362951829432701, 0.855960607804722, 0.8631757920472483, 0.8738340807728223, 0.8948772216963896, 0.9066556918674248, 0.9241965029283031, 0.9104927334245303, 0.9244573569755856, 0.9318402404106869, 0.934281117838996, 0.9362485250546023, 0.9421507060871473, 0.9427381768848215]
INFO:root:PCC_t_val:
INFO:root:[0.3701960866974949, 0.2485819399294984, 0.37959968690516466, 0.44571076798342407, 0.41043830504204704, 0.48199726570966184, 0.4535324007894408, 0.48391747522756406, 0.4698501568580274, 0.425403627602671, 0.49983042949582346, 0.5375651946343363, 0.460722384775148, 0.46276182356116957, 0.5012375409070997]
INFO:root:ICC_val:
INFO:root:[0.6430574215530295, 0.7922212722617892, 0.8006976752928251, 0.824030962126859, 0.7510949757203459, 0.8535292255270855, 0.8510339911702434, 0.9166906933660496, 0.872965738872362, 0.9103882022486705, 0.9231163291393921, 0.909442986567175, 0.911047412822113, 0.9197078144880352, 0.9238979413284096]
INFO:root:MAE_test:
INFO:root:[0.9795918367346939, 0.6288265306122449, 0.654655612244898, 0.6100127551020408, 0.5430484693877551, 0.5315688775510204, 0.5430484693877551, 0.6374362244897959, 0.5309311224489796, 0.5755739795918368, 0.5235969387755102, 0.5245535714285714, 0.5188137755102041, 0.5223214285714286, 0.5095663265306123]
INFO:root:MMD_Valid:
INFO:root:[0, 0, 0, 0, 0, 0, 0, 0, 0, 0, 0, 0, 0, 0, 0]
INFO:root:MMD_train:
INFO:root:[0.0, 0.0, 0.0, 0.0, 0.0, 0.0, 0.0, 0.0, 0.0, 0.0, 0.0, 0.0, 0.0, 0.0, 0.0]
INFO:root:Training
INFO:root:
Epoch: 15
INFO:root:learning_rate: 0.001
INFO:root:test_accuracy:
INFO:root:[27.83801020408163, 67.92091836734694, 65.7844387755102, 69.73852040816327, 74.39413265306123, 67.98469387755102, 70.18494897959184, 59.78954081632652, 68.17602040816327, 66.67729591836735, 71.30102040816327, 74.23469387755102, 72.83163265306123, 73.37372448979592, 75.22321428571429, 72.86352040816327]
INFO:root:PCC_test:
INFO:root:[0.3662756949304726, 0.5818139886789433, 0.51094201535654, 0.5256898731001078, 0.591652497508448, 0.6885867289116303, 0.6421667660860033, 0.6042273715754274, 0.6725996521247604, 0.6200298790375497, 0.6689654011424164, 0.6317076861356385, 0.631396964412616, 0.6420305771151715, 0.6321911452261251, 0.6539960281943527]
INFO:root:ICC_test:
INFO:root:[0.2980078989378705, 0.5773737424897872, 0.47571147898662136, 0.4693482624524612, 0.5541048582308594, 0.6395788261729449, 0.6043379709177923, 0.5742801557076697, 0.637879341256094, 0.5255732477711278, 0.5776187299782363, 0.5236794429685168, 0.5592486610408691, 0.5503152696909301, 0.5613889664004862, 0.6035827834643982]
INFO:root:MAE_test:
INFO:root:[0.9795918367346939, 0.6288265306122449, 0.654655612244898, 0.6100127551020408, 0.5430484693877551, 0.5315688775510204, 0.5430484693877551, 0.6374362244897959, 0.5309311224489796, 0.5755739795918368, 0.5235969387755102, 0.5245535714285714, 0.5188137755102041, 0.5223214285714286, 0.5095663265306123, 0.5124362244897959]
INFO:root:MMAE_test
INFO:root:[4.7, 4.1, 5.0, 4.7, 4.55, 3.55, 3.2, 4.25, 4.25, 4.25, 4.3, 5.0, 5.0, 4.55, 4.55, 4.25]
INFO:root:weighted_fscore
INFO:root:[0.37235688785526233, 0.7327618682367291, 0.6684963247164493, 0.6877655692964582, 0.7446207275122744, 0.7024311088648081, 0.7015408726141086, 0.6659204420939052, 0.7181884348909924, 0.67728272798267, 0.7155107739030824, 0.707110351843202, 0.7200205868418631, 0.7172043336101115, 0.741973182883423, 0.7352883291399152]
INFO:root:PCC_s_val:
INFO:root:[0.7158421283761164, 0.8362951829432701, 0.855960607804722, 0.8631757920472483, 0.8738340807728223, 0.8948772216963896, 0.9066556918674248, 0.9241965029283031, 0.9104927334245303, 0.9244573569755856, 0.9318402404106869, 0.934281117838996, 0.9362485250546023, 0.9421507060871473, 0.9427381768848215, 0.941912443707025]
INFO:root:PCC_t_val:
INFO:root:[0.3701960866974949, 0.2485819399294984, 0.37959968690516466, 0.44571076798342407, 0.41043830504204704, 0.48199726570966184, 0.4535324007894408, 0.48391747522756406, 0.4698501568580274, 0.425403627602671, 0.49983042949582346, 0.5375651946343363, 0.460722384775148, 0.46276182356116957, 0.5012375409070997, 0.5493828870278548]
INFO:root:ICC_val:
INFO:root:[0.6430574215530295, 0.7922212722617892, 0.8006976752928251, 0.824030962126859, 0.7510949757203459, 0.8535292255270855, 0.8510339911702434, 0.9166906933660496, 0.872965738872362, 0.9103882022486705, 0.9231163291393921, 0.909442986567175, 0.911047412822113, 0.9197078144880352, 0.9238979413284096, 0.9108278897787145]
INFO:root:MAE_test:
INFO:root:[0.9795918367346939, 0.6288265306122449, 0.654655612244898, 0.6100127551020408, 0.5430484693877551, 0.5315688775510204, 0.5430484693877551, 0.6374362244897959, 0.5309311224489796, 0.5755739795918368, 0.5235969387755102, 0.5245535714285714, 0.5188137755102041, 0.5223214285714286, 0.5095663265306123, 0.5124362244897959]
INFO:root:MMD_Valid:
INFO:root:[0, 0, 0, 0, 0, 0, 0, 0, 0, 0, 0, 0, 0, 0, 0, 0]
INFO:root:MMD_train:
INFO:root:[0.0, 0.0, 0.0, 0.0, 0.0, 0.0, 0.0, 0.0, 0.0, 0.0, 0.0, 0.0, 0.0, 0.0, 0.0, 0.0]
INFO:root:Training
INFO:root:
Epoch: 16
INFO:root:learning_rate: 0.001
INFO:root:test_accuracy:
INFO:root:[27.83801020408163, 67.92091836734694, 65.7844387755102, 69.73852040816327, 74.39413265306123, 67.98469387755102, 70.18494897959184, 59.78954081632652, 68.17602040816327, 66.67729591836735, 71.30102040816327, 74.23469387755102, 72.83163265306123, 73.37372448979592, 75.22321428571429, 72.86352040816327, 71.5561224489796]
INFO:root:PCC_test:
INFO:root:[0.3662756949304726, 0.5818139886789433, 0.51094201535654, 0.5256898731001078, 0.591652497508448, 0.6885867289116303, 0.6421667660860033, 0.6042273715754274, 0.6725996521247604, 0.6200298790375497, 0.6689654011424164, 0.6317076861356385, 0.631396964412616, 0.6420305771151715, 0.6321911452261251, 0.6539960281943527, 0.6614171347084415]
INFO:root:ICC_test:
INFO:root:[0.2980078989378705, 0.5773737424897872, 0.47571147898662136, 0.4693482624524612, 0.5541048582308594, 0.6395788261729449, 0.6043379709177923, 0.5742801557076697, 0.637879341256094, 0.5255732477711278, 0.5776187299782363, 0.5236794429685168, 0.5592486610408691, 0.5503152696909301, 0.5613889664004862, 0.6035827834643982, 0.6212963616771102]
INFO:root:MAE_test:
INFO:root:[0.9795918367346939, 0.6288265306122449, 0.654655612244898, 0.6100127551020408, 0.5430484693877551, 0.5315688775510204, 0.5430484693877551, 0.6374362244897959, 0.5309311224489796, 0.5755739795918368, 0.5235969387755102, 0.5245535714285714, 0.5188137755102041, 0.5223214285714286, 0.5095663265306123, 0.5124362244897959, 0.5127551020408163]
INFO:root:MMAE_test
INFO:root:[4.7, 4.1, 5.0, 4.7, 4.55, 3.55, 3.2, 4.25, 4.25, 4.25, 4.3, 5.0, 5.0, 4.55, 4.55, 4.25, 4.3]
INFO:root:weighted_fscore
INFO:root:[0.37235688785526233, 0.7327618682367291, 0.6684963247164493, 0.6877655692964582, 0.7446207275122744, 0.7024311088648081, 0.7015408726141086, 0.6659204420939052, 0.7181884348909924, 0.67728272798267, 0.7155107739030824, 0.707110351843202, 0.7200205868418631, 0.7172043336101115, 0.741973182883423, 0.7352883291399152, 0.7333566070817231]
INFO:root:PCC_s_val:
INFO:root:[0.7158421283761164, 0.8362951829432701, 0.855960607804722, 0.8631757920472483, 0.8738340807728223, 0.8948772216963896, 0.9066556918674248, 0.9241965029283031, 0.9104927334245303, 0.9244573569755856, 0.9318402404106869, 0.934281117838996, 0.9362485250546023, 0.9421507060871473, 0.9427381768848215, 0.941912443707025, 0.9406401043011908]
INFO:root:PCC_t_val:
INFO:root:[0.3701960866974949, 0.2485819399294984, 0.37959968690516466, 0.44571076798342407, 0.41043830504204704, 0.48199726570966184, 0.4535324007894408, 0.48391747522756406, 0.4698501568580274, 0.425403627602671, 0.49983042949582346, 0.5375651946343363, 0.460722384775148, 0.46276182356116957, 0.5012375409070997, 0.5493828870278548, 0.503372007761769]
INFO:root:ICC_val:
INFO:root:[0.6430574215530295, 0.7922212722617892, 0.8006976752928251, 0.824030962126859, 0.7510949757203459, 0.8535292255270855, 0.8510339911702434, 0.9166906933660496, 0.872965738872362, 0.9103882022486705, 0.9231163291393921, 0.909442986567175, 0.911047412822113, 0.9197078144880352, 0.9238979413284096, 0.9108278897787145, 0.8738703281731711]
INFO:root:MAE_test:
INFO:root:[0.9795918367346939, 0.6288265306122449, 0.654655612244898, 0.6100127551020408, 0.5430484693877551, 0.5315688775510204, 0.5430484693877551, 0.6374362244897959, 0.5309311224489796, 0.5755739795918368, 0.5235969387755102, 0.5245535714285714, 0.5188137755102041, 0.5223214285714286, 0.5095663265306123, 0.5124362244897959, 0.5127551020408163]
INFO:root:MMD_Valid:
INFO:root:[0, 0, 0, 0, 0, 0, 0, 0, 0, 0, 0, 0, 0, 0, 0, 0, 0]
INFO:root:MMD_train:
INFO:root:[0.0, 0.0, 0.0, 0.0, 0.0, 0.0, 0.0, 0.0, 0.0, 0.0, 0.0, 0.0, 0.0, 0.0, 0.0, 0.0, 0.0]
INFO:root:Training
INFO:root:
Epoch: 17
INFO:root:learning_rate: 0.001
