INFO:root:Subject16
INFO:root:Loading source train data
INFO:root:Batch Size:4
INFO:root:Stride:12
INFO:root:Num of source train videos :18
INFO:root:Num of source train sequences :6997
INFO:root:The number of source training batches = 1380
INFO:root:Loading target train data
INFO:root:Batch Size:2
INFO:root:Stride:8
INFO:root:Num of training videos :112
INFO:root:Num of target train sequences :2760
INFO:root:The number of target training batches = 1380
INFO:root:Loading source val data
INFO:root:The number of source validation batches = 185
INFO:root:Loading target val data
INFO:root:Batch Size:8
INFO:root:Stride:8
INFO:root:Num of target val videos :72
INFO:root:Num of target val sequences :1448
INFO:root:The number of target validation batches = 181
INFO:root:Loading target test data
INFO:root:Batch Size:1
INFO:root:Stride:64
INFO:root:Loading Test data
INFO:root:Num of test sequences :49
INFO:root:The number of target test batches = 49
INFO:root:Training
INFO:root:
Epoch: 0
INFO:root:learning_rate: 0.001
INFO:root:test_accuracy:
INFO:root:[33.003826530612244]
INFO:root:PCC_test:
INFO:root:[0.22539102471002342]
INFO:root:ICC_test:
INFO:root:[0.16359936962767835]
INFO:root:MAE_test:
INFO:root:[0.9891581632653061]
INFO:root:MMAE_test
INFO:root:[4.7]
INFO:root:weighted_fscore
INFO:root:[0.4207162928967439]
INFO:root:PCC_s_val:
INFO:root:[0.7329996143460766]
INFO:root:PCC_t_val:
INFO:root:[0.08498841739689467]
INFO:root:ICC_val:
INFO:root:[0.6779840488853399]
INFO:root:MAE_test:
INFO:root:[0.9891581632653061]
INFO:root:MMD_Valid:
INFO:root:[0]
INFO:root:MMD_train:
INFO:root:[0.0]
INFO:root:Training
INFO:root:
Epoch: 1
INFO:root:learning_rate: 0.001
INFO:root:test_accuracy:
INFO:root:[33.003826530612244, 4.783163265306122]
INFO:root:PCC_test:
INFO:root:[0.22539102471002342, 0.5344096727884864]
INFO:root:ICC_test:
INFO:root:[0.16359936962767835, 0.3331135639984829]
INFO:root:MAE_test:
INFO:root:[0.9891581632653061, 1.1559311224489797]
INFO:root:MMAE_test
INFO:root:[4.7, 4.0]
INFO:root:weighted_fscore
INFO:root:[0.4207162928967439, 0.05037733551364367]
INFO:root:PCC_s_val:
INFO:root:[0.7329996143460766, 0.8216515991368271]
INFO:root:PCC_t_val:
INFO:root:[0.08498841739689467, 0.4612525322702956]
INFO:root:ICC_val:
INFO:root:[0.6779840488853399, 0.7715283551221457]
INFO:root:MAE_test:
INFO:root:[0.9891581632653061, 1.1559311224489797]
INFO:root:MMD_Valid:
INFO:root:[0, 0]
INFO:root:MMD_train:
INFO:root:[0.0, 0.0]
INFO:root:Training
INFO:root:
Epoch: 2
INFO:root:learning_rate: 0.001
INFO:root:test_accuracy:
INFO:root:[33.003826530612244, 4.783163265306122, 74.58545918367348]
INFO:root:PCC_test:
INFO:root:[0.22539102471002342, 0.5344096727884864, 0.5518851827187867]
INFO:root:ICC_test:
INFO:root:[0.16359936962767835, 0.3331135639984829, 0.5054088072013708]
INFO:root:MAE_test:
INFO:root:[0.9891581632653061, 1.1559311224489797, 0.546875]
INFO:root:MMAE_test
INFO:root:[4.7, 4.0, 5.0]
INFO:root:weighted_fscore
INFO:root:[0.4207162928967439, 0.05037733551364367, 0.743794989276627]
INFO:root:PCC_s_val:
INFO:root:[0.7329996143460766, 0.8216515991368271, 0.8300262879162549]
INFO:root:PCC_t_val:
INFO:root:[0.08498841739689467, 0.4612525322702956, 0.5292456547595146]
INFO:root:ICC_val:
INFO:root:[0.6779840488853399, 0.7715283551221457, 0.7005309298486359]
INFO:root:MAE_test:
INFO:root:[0.9891581632653061, 1.1559311224489797, 0.546875]
INFO:root:MMD_Valid:
INFO:root:[0, 0, 0]
INFO:root:MMD_train:
INFO:root:[0.0, 0.0, 0.0]
INFO:root:Training
INFO:root:
Epoch: 3
INFO:root:learning_rate: 0.001
INFO:root:test_accuracy:
INFO:root:[33.003826530612244, 4.783163265306122, 74.58545918367348, 26.052295918367346]
INFO:root:PCC_test:
INFO:root:[0.22539102471002342, 0.5344096727884864, 0.5518851827187867, 0.43842368092190975]
INFO:root:ICC_test:
INFO:root:[0.16359936962767835, 0.3331135639984829, 0.5054088072013708, 0.390119739648645]
INFO:root:MAE_test:
INFO:root:[0.9891581632653061, 1.1559311224489797, 0.546875, 1.019451530612245]
INFO:root:MMAE_test
INFO:root:[4.7, 4.0, 5.0, 4.25]
INFO:root:weighted_fscore
INFO:root:[0.4207162928967439, 0.05037733551364367, 0.743794989276627, 0.35801265042644886]
INFO:root:PCC_s_val:
INFO:root:[0.7329996143460766, 0.8216515991368271, 0.8300262879162549, 0.8489758452560603]
INFO:root:PCC_t_val:
INFO:root:[0.08498841739689467, 0.4612525322702956, 0.5292456547595146, 0.3763834342965463]
INFO:root:ICC_val:
INFO:root:[0.6779840488853399, 0.7715283551221457, 0.7005309298486359, 0.8161835490459434]
INFO:root:MAE_test:
INFO:root:[0.9891581632653061, 1.1559311224489797, 0.546875, 1.019451530612245]
INFO:root:MMD_Valid:
INFO:root:[0, 0, 0, 0]
INFO:root:MMD_train:
INFO:root:[0.0, 0.0, 0.0, 0.0]
INFO:root:Training
INFO:root:
Epoch: 4
INFO:root:learning_rate: 0.001
INFO:root:test_accuracy:
INFO:root:[33.003826530612244, 4.783163265306122, 74.58545918367348, 26.052295918367346, 34.72576530612245]
INFO:root:PCC_test:
INFO:root:[0.22539102471002342, 0.5344096727884864, 0.5518851827187867, 0.43842368092190975, 0.5193141083711854]
INFO:root:ICC_test:
INFO:root:[0.16359936962767835, 0.3331135639984829, 0.5054088072013708, 0.390119739648645, 0.47318569292139945]
INFO:root:MAE_test:
INFO:root:[0.9891581632653061, 1.1559311224489797, 0.546875, 1.019451530612245, 0.876594387755102]
INFO:root:MMAE_test
INFO:root:[4.7, 4.0, 5.0, 4.25, 4.25]
INFO:root:weighted_fscore
INFO:root:[0.4207162928967439, 0.05037733551364367, 0.743794989276627, 0.35801265042644886, 0.46363572511924084]
INFO:root:PCC_s_val:
INFO:root:[0.7329996143460766, 0.8216515991368271, 0.8300262879162549, 0.8489758452560603, 0.8705335637469008]
INFO:root:PCC_t_val:
INFO:root:[0.08498841739689467, 0.4612525322702956, 0.5292456547595146, 0.3763834342965463, 0.5564498880872192]
INFO:root:ICC_val:
INFO:root:[0.6779840488853399, 0.7715283551221457, 0.7005309298486359, 0.8161835490459434, 0.8171772254903447]
INFO:root:MAE_test:
INFO:root:[0.9891581632653061, 1.1559311224489797, 0.546875, 1.019451530612245, 0.876594387755102]
INFO:root:MMD_Valid:
INFO:root:[0, 0, 0, 0, 0]
INFO:root:MMD_train:
INFO:root:[0.0, 0.0, 0.0, 0.0, 0.0]
INFO:root:Training
INFO:root:
Epoch: 5
INFO:root:learning_rate: 0.001
INFO:root:test_accuracy:
INFO:root:[33.003826530612244, 4.783163265306122, 74.58545918367348, 26.052295918367346, 34.72576530612245, 34.088010204081634]
INFO:root:PCC_test:
INFO:root:[0.22539102471002342, 0.5344096727884864, 0.5518851827187867, 0.43842368092190975, 0.5193141083711854, 0.5824528587284784]
INFO:root:ICC_test:
INFO:root:[0.16359936962767835, 0.3331135639984829, 0.5054088072013708, 0.390119739648645, 0.47318569292139945, 0.5302341516318005]
INFO:root:MAE_test:
INFO:root:[0.9891581632653061, 1.1559311224489797, 0.546875, 1.019451530612245, 0.876594387755102, 0.8501275510204082]
INFO:root:MMAE_test
INFO:root:[4.7, 4.0, 5.0, 4.25, 4.25, 3.3]
INFO:root:weighted_fscore
INFO:root:[0.4207162928967439, 0.05037733551364367, 0.743794989276627, 0.35801265042644886, 0.46363572511924084, 0.46127352386521026]
INFO:root:PCC_s_val:
INFO:root:[0.7329996143460766, 0.8216515991368271, 0.8300262879162549, 0.8489758452560603, 0.8705335637469008, 0.8989076147714914]
INFO:root:PCC_t_val:
INFO:root:[0.08498841739689467, 0.4612525322702956, 0.5292456547595146, 0.3763834342965463, 0.5564498880872192, 0.5537940647629906]
INFO:root:ICC_val:
INFO:root:[0.6779840488853399, 0.7715283551221457, 0.7005309298486359, 0.8161835490459434, 0.8171772254903447, 0.869405636904486]
INFO:root:MAE_test:
INFO:root:[0.9891581632653061, 1.1559311224489797, 0.546875, 1.019451530612245, 0.876594387755102, 0.8501275510204082]
INFO:root:MMD_Valid:
INFO:root:[0, 0, 0, 0, 0, 0]
INFO:root:MMD_train:
INFO:root:[0.0, 0.0, 0.0, 0.0, 0.0, 0.0]
INFO:root:Training
INFO:root:
Epoch: 6
INFO:root:learning_rate: 0.001
INFO:root:test_accuracy:
INFO:root:[33.003826530612244, 4.783163265306122, 74.58545918367348, 26.052295918367346, 34.72576530612245, 34.088010204081634, 53.92219387755102]
INFO:root:PCC_test:
INFO:root:[0.22539102471002342, 0.5344096727884864, 0.5518851827187867, 0.43842368092190975, 0.5193141083711854, 0.5824528587284784, 0.5931138000639797]
INFO:root:ICC_test:
INFO:root:[0.16359936962767835, 0.3331135639984829, 0.5054088072013708, 0.390119739648645, 0.47318569292139945, 0.5302341516318005, 0.5583070466198219]
INFO:root:MAE_test:
INFO:root:[0.9891581632653061, 1.1559311224489797, 0.546875, 1.019451530612245, 0.876594387755102, 0.8501275510204082, 0.6798469387755102]
INFO:root:MMAE_test
INFO:root:[4.7, 4.0, 5.0, 4.25, 4.25, 3.3, 4.25]
INFO:root:weighted_fscore
INFO:root:[0.4207162928967439, 0.05037733551364367, 0.743794989276627, 0.35801265042644886, 0.46363572511924084, 0.46127352386521026, 0.6340012121057448]
INFO:root:PCC_s_val:
INFO:root:[0.7329996143460766, 0.8216515991368271, 0.8300262879162549, 0.8489758452560603, 0.8705335637469008, 0.8989076147714914, 0.8985172253910768]
INFO:root:PCC_t_val:
INFO:root:[0.08498841739689467, 0.4612525322702956, 0.5292456547595146, 0.3763834342965463, 0.5564498880872192, 0.5537940647629906, 0.549474684055637]
INFO:root:ICC_val:
INFO:root:[0.6779840488853399, 0.7715283551221457, 0.7005309298486359, 0.8161835490459434, 0.8171772254903447, 0.869405636904486, 0.8597538451864691]
INFO:root:MAE_test:
INFO:root:[0.9891581632653061, 1.1559311224489797, 0.546875, 1.019451530612245, 0.876594387755102, 0.8501275510204082, 0.6798469387755102]
INFO:root:MMD_Valid:
INFO:root:[0, 0, 0, 0, 0, 0, 0]
INFO:root:MMD_train:
INFO:root:[0.0, 0.0, 0.0, 0.0, 0.0, 0.0, 0.0]
INFO:root:Training
INFO:root:
Epoch: 7
INFO:root:learning_rate: 0.001
INFO:root:test_accuracy:
INFO:root:[33.003826530612244, 4.783163265306122, 74.58545918367348, 26.052295918367346, 34.72576530612245, 34.088010204081634, 53.92219387755102, 56.66454081632652]
INFO:root:PCC_test:
INFO:root:[0.22539102471002342, 0.5344096727884864, 0.5518851827187867, 0.43842368092190975, 0.5193141083711854, 0.5824528587284784, 0.5931138000639797, 0.5988700208662782]
INFO:root:ICC_test:
INFO:root:[0.16359936962767835, 0.3331135639984829, 0.5054088072013708, 0.390119739648645, 0.47318569292139945, 0.5302341516318005, 0.5583070466198219, 0.5712958125096957]
INFO:root:MAE_test:
INFO:root:[0.9891581632653061, 1.1559311224489797, 0.546875, 1.019451530612245, 0.876594387755102, 0.8501275510204082, 0.6798469387755102, 0.6536989795918368]
INFO:root:MMAE_test
INFO:root:[4.7, 4.0, 5.0, 4.25, 4.25, 3.3, 4.25, 4.25]
INFO:root:weighted_fscore
INFO:root:[0.4207162928967439, 0.05037733551364367, 0.743794989276627, 0.35801265042644886, 0.46363572511924084, 0.46127352386521026, 0.6340012121057448, 0.6551826526815753]
INFO:root:PCC_s_val:
INFO:root:[0.7329996143460766, 0.8216515991368271, 0.8300262879162549, 0.8489758452560603, 0.8705335637469008, 0.8989076147714914, 0.8985172253910768, 0.9046113946476712]
INFO:root:PCC_t_val:
INFO:root:[0.08498841739689467, 0.4612525322702956, 0.5292456547595146, 0.3763834342965463, 0.5564498880872192, 0.5537940647629906, 0.549474684055637, 0.5323636498774867]
INFO:root:ICC_val:
INFO:root:[0.6779840488853399, 0.7715283551221457, 0.7005309298486359, 0.8161835490459434, 0.8171772254903447, 0.869405636904486, 0.8597538451864691, 0.8912249738191782]
INFO:root:MAE_test:
INFO:root:[0.9891581632653061, 1.1559311224489797, 0.546875, 1.019451530612245, 0.876594387755102, 0.8501275510204082, 0.6798469387755102, 0.6536989795918368]
INFO:root:MMD_Valid:
INFO:root:[0, 0, 0, 0, 0, 0, 0, 0]
INFO:root:MMD_train:
INFO:root:[0.0, 0.0, 0.0, 0.0, 0.0, 0.0, 0.0, 0.0]
INFO:root:Training
INFO:root:
Epoch: 8
INFO:root:learning_rate: 0.001
INFO:root:test_accuracy:
INFO:root:[33.003826530612244, 4.783163265306122, 74.58545918367348, 26.052295918367346, 34.72576530612245, 34.088010204081634, 53.92219387755102, 56.66454081632652, 72.32142857142857]
INFO:root:PCC_test:
INFO:root:[0.22539102471002342, 0.5344096727884864, 0.5518851827187867, 0.43842368092190975, 0.5193141083711854, 0.5824528587284784, 0.5931138000639797, 0.5988700208662782, 0.7122972902013789]
INFO:root:ICC_test:
INFO:root:[0.16359936962767835, 0.3331135639984829, 0.5054088072013708, 0.390119739648645, 0.47318569292139945, 0.5302341516318005, 0.5583070466198219, 0.5712958125096957, 0.6891358748092465]
INFO:root:MAE_test:
INFO:root:[0.9891581632653061, 1.1559311224489797, 0.546875, 1.019451530612245, 0.876594387755102, 0.8501275510204082, 0.6798469387755102, 0.6536989795918368, 0.46970663265306123]
INFO:root:MMAE_test
INFO:root:[4.7, 4.0, 5.0, 4.25, 4.25, 3.3, 4.25, 4.25, 3.3]
INFO:root:weighted_fscore
INFO:root:[0.4207162928967439, 0.05037733551364367, 0.743794989276627, 0.35801265042644886, 0.46363572511924084, 0.46127352386521026, 0.6340012121057448, 0.6551826526815753, 0.7627397750279259]
INFO:root:PCC_s_val:
INFO:root:[0.7329996143460766, 0.8216515991368271, 0.8300262879162549, 0.8489758452560603, 0.8705335637469008, 0.8989076147714914, 0.8985172253910768, 0.9046113946476712, 0.9094765501298399]
INFO:root:PCC_t_val:
INFO:root:[0.08498841739689467, 0.4612525322702956, 0.5292456547595146, 0.3763834342965463, 0.5564498880872192, 0.5537940647629906, 0.549474684055637, 0.5323636498774867, 0.5629117880067487]
INFO:root:ICC_val:
INFO:root:[0.6779840488853399, 0.7715283551221457, 0.7005309298486359, 0.8161835490459434, 0.8171772254903447, 0.869405636904486, 0.8597538451864691, 0.8912249738191782, 0.8841764686863414]
INFO:root:MAE_test:
INFO:root:[0.9891581632653061, 1.1559311224489797, 0.546875, 1.019451530612245, 0.876594387755102, 0.8501275510204082, 0.6798469387755102, 0.6536989795918368, 0.46970663265306123]
INFO:root:MMD_Valid:
INFO:root:[0, 0, 0, 0, 0, 0, 0, 0, 0]
INFO:root:MMD_train:
INFO:root:[0.0, 0.0, 0.0, 0.0, 0.0, 0.0, 0.0, 0.0, 0.0]
INFO:root:Training
INFO:root:
Epoch: 9
INFO:root:learning_rate: 0.001
INFO:root:test_accuracy:
INFO:root:[33.003826530612244, 4.783163265306122, 74.58545918367348, 26.052295918367346, 34.72576530612245, 34.088010204081634, 53.92219387755102, 56.66454081632652, 72.32142857142857, 59.34311224489795]
INFO:root:PCC_test:
INFO:root:[0.22539102471002342, 0.5344096727884864, 0.5518851827187867, 0.43842368092190975, 0.5193141083711854, 0.5824528587284784, 0.5931138000639797, 0.5988700208662782, 0.7122972902013789, 0.6813173960023672]
INFO:root:ICC_test:
INFO:root:[0.16359936962767835, 0.3331135639984829, 0.5054088072013708, 0.390119739648645, 0.47318569292139945, 0.5302341516318005, 0.5583070466198219, 0.5712958125096957, 0.6891358748092465, 0.6628892154678898]
INFO:root:MAE_test:
INFO:root:[0.9891581632653061, 1.1559311224489797, 0.546875, 1.019451530612245, 0.876594387755102, 0.8501275510204082, 0.6798469387755102, 0.6536989795918368, 0.46970663265306123, 0.5841836734693877]
INFO:root:MMAE_test
INFO:root:[4.7, 4.0, 5.0, 4.25, 4.25, 3.3, 4.25, 4.25, 3.3, 2.95]
INFO:root:weighted_fscore
INFO:root:[0.4207162928967439, 0.05037733551364367, 0.743794989276627, 0.35801265042644886, 0.46363572511924084, 0.46127352386521026, 0.6340012121057448, 0.6551826526815753, 0.7627397750279259, 0.6769281789119298]
INFO:root:PCC_s_val:
INFO:root:[0.7329996143460766, 0.8216515991368271, 0.8300262879162549, 0.8489758452560603, 0.8705335637469008, 0.8989076147714914, 0.8985172253910768, 0.9046113946476712, 0.9094765501298399, 0.9170034451945865]
INFO:root:PCC_t_val:
INFO:root:[0.08498841739689467, 0.4612525322702956, 0.5292456547595146, 0.3763834342965463, 0.5564498880872192, 0.5537940647629906, 0.549474684055637, 0.5323636498774867, 0.5629117880067487, 0.5350262267803471]
INFO:root:ICC_val:
INFO:root:[0.6779840488853399, 0.7715283551221457, 0.7005309298486359, 0.8161835490459434, 0.8171772254903447, 0.869405636904486, 0.8597538451864691, 0.8912249738191782, 0.8841764686863414, 0.9000739701429998]
INFO:root:MAE_test:
INFO:root:[0.9891581632653061, 1.1559311224489797, 0.546875, 1.019451530612245, 0.876594387755102, 0.8501275510204082, 0.6798469387755102, 0.6536989795918368, 0.46970663265306123, 0.5841836734693877]
INFO:root:MMD_Valid:
INFO:root:[0, 0, 0, 0, 0, 0, 0, 0, 0, 0]
INFO:root:MMD_train:
INFO:root:[0.0, 0.0, 0.0, 0.0, 0.0, 0.0, 0.0, 0.0, 0.0, 0.0]
INFO:root:Training
INFO:root:
Epoch: 10
INFO:root:learning_rate: 0.001
INFO:root:test_accuracy:
INFO:root:[33.003826530612244, 4.783163265306122, 74.58545918367348, 26.052295918367346, 34.72576530612245, 34.088010204081634, 53.92219387755102, 56.66454081632652, 72.32142857142857, 59.34311224489795, 65.14668367346938]
INFO:root:PCC_test:
INFO:root:[0.22539102471002342, 0.5344096727884864, 0.5518851827187867, 0.43842368092190975, 0.5193141083711854, 0.5824528587284784, 0.5931138000639797, 0.5988700208662782, 0.7122972902013789, 0.6813173960023672, 0.6316300206295924]
INFO:root:ICC_test:
INFO:root:[0.16359936962767835, 0.3331135639984829, 0.5054088072013708, 0.390119739648645, 0.47318569292139945, 0.5302341516318005, 0.5583070466198219, 0.5712958125096957, 0.6891358748092465, 0.6628892154678898, 0.6050728528945545]
INFO:root:MAE_test:
INFO:root:[0.9891581632653061, 1.1559311224489797, 0.546875, 1.019451530612245, 0.876594387755102, 0.8501275510204082, 0.6798469387755102, 0.6536989795918368, 0.46970663265306123, 0.5841836734693877, 0.5746173469387755]
INFO:root:MMAE_test
INFO:root:[4.7, 4.0, 5.0, 4.25, 4.25, 3.3, 4.25, 4.25, 3.3, 2.95, 4.25]
INFO:root:weighted_fscore
INFO:root:[0.4207162928967439, 0.05037733551364367, 0.743794989276627, 0.35801265042644886, 0.46363572511924084, 0.46127352386521026, 0.6340012121057448, 0.6551826526815753, 0.7627397750279259, 0.6769281789119298, 0.709700596604643]
INFO:root:PCC_s_val:
INFO:root:[0.7329996143460766, 0.8216515991368271, 0.8300262879162549, 0.8489758452560603, 0.8705335637469008, 0.8989076147714914, 0.8985172253910768, 0.9046113946476712, 0.9094765501298399, 0.9170034451945865, 0.9179253914289429]
INFO:root:PCC_t_val:
INFO:root:[0.08498841739689467, 0.4612525322702956, 0.5292456547595146, 0.3763834342965463, 0.5564498880872192, 0.5537940647629906, 0.549474684055637, 0.5323636498774867, 0.5629117880067487, 0.5350262267803471, 0.5516987824209136]
INFO:root:ICC_val:
INFO:root:[0.6779840488853399, 0.7715283551221457, 0.7005309298486359, 0.8161835490459434, 0.8171772254903447, 0.869405636904486, 0.8597538451864691, 0.8912249738191782, 0.8841764686863414, 0.9000739701429998, 0.8872308832927756]
INFO:root:MAE_test:
INFO:root:[0.9891581632653061, 1.1559311224489797, 0.546875, 1.019451530612245, 0.876594387755102, 0.8501275510204082, 0.6798469387755102, 0.6536989795918368, 0.46970663265306123, 0.5841836734693877, 0.5746173469387755]
INFO:root:MMD_Valid:
INFO:root:[0, 0, 0, 0, 0, 0, 0, 0, 0, 0, 0]
INFO:root:MMD_train:
INFO:root:[0.0, 0.0, 0.0, 0.0, 0.0, 0.0, 0.0, 0.0, 0.0, 0.0, 0.0]
INFO:root:Training
INFO:root:
Epoch: 11
INFO:root:learning_rate: 0.001
INFO:root:test_accuracy:
INFO:root:[33.003826530612244, 4.783163265306122, 74.58545918367348, 26.052295918367346, 34.72576530612245, 34.088010204081634, 53.92219387755102, 56.66454081632652, 72.32142857142857, 59.34311224489795, 65.14668367346938, 55.16581632653062]
INFO:root:PCC_test:
INFO:root:[0.22539102471002342, 0.5344096727884864, 0.5518851827187867, 0.43842368092190975, 0.5193141083711854, 0.5824528587284784, 0.5931138000639797, 0.5988700208662782, 0.7122972902013789, 0.6813173960023672, 0.6316300206295924, 0.6107086759374614]
INFO:root:ICC_test:
INFO:root:[0.16359936962767835, 0.3331135639984829, 0.5054088072013708, 0.390119739648645, 0.47318569292139945, 0.5302341516318005, 0.5583070466198219, 0.5712958125096957, 0.6891358748092465, 0.6628892154678898, 0.6050728528945545, 0.5840645819979173]
INFO:root:MAE_test:
INFO:root:[0.9891581632653061, 1.1559311224489797, 0.546875, 1.019451530612245, 0.876594387755102, 0.8501275510204082, 0.6798469387755102, 0.6536989795918368, 0.46970663265306123, 0.5841836734693877, 0.5746173469387755, 0.6600765306122449]
INFO:root:MMAE_test
INFO:root:[4.7, 4.0, 5.0, 4.25, 4.25, 3.3, 4.25, 4.25, 3.3, 2.95, 4.25, 4.25]
INFO:root:weighted_fscore
INFO:root:[0.4207162928967439, 0.05037733551364367, 0.743794989276627, 0.35801265042644886, 0.46363572511924084, 0.46127352386521026, 0.6340012121057448, 0.6551826526815753, 0.7627397750279259, 0.6769281789119298, 0.709700596604643, 0.6430832440957954]
INFO:root:PCC_s_val:
INFO:root:[0.7329996143460766, 0.8216515991368271, 0.8300262879162549, 0.8489758452560603, 0.8705335637469008, 0.8989076147714914, 0.8985172253910768, 0.9046113946476712, 0.9094765501298399, 0.9170034451945865, 0.9179253914289429, 0.926248228005124]
INFO:root:PCC_t_val:
INFO:root:[0.08498841739689467, 0.4612525322702956, 0.5292456547595146, 0.3763834342965463, 0.5564498880872192, 0.5537940647629906, 0.549474684055637, 0.5323636498774867, 0.5629117880067487, 0.5350262267803471, 0.5516987824209136, 0.5232714209617493]
INFO:root:ICC_val:
INFO:root:[0.6779840488853399, 0.7715283551221457, 0.7005309298486359, 0.8161835490459434, 0.8171772254903447, 0.869405636904486, 0.8597538451864691, 0.8912249738191782, 0.8841764686863414, 0.9000739701429998, 0.8872308832927756, 0.9073250457367863]
INFO:root:MAE_test:
INFO:root:[0.9891581632653061, 1.1559311224489797, 0.546875, 1.019451530612245, 0.876594387755102, 0.8501275510204082, 0.6798469387755102, 0.6536989795918368, 0.46970663265306123, 0.5841836734693877, 0.5746173469387755, 0.6600765306122449]
INFO:root:MMD_Valid:
INFO:root:[0, 0, 0, 0, 0, 0, 0, 0, 0, 0, 0, 0]
INFO:root:MMD_train:
INFO:root:[0.0, 0.0, 0.0, 0.0, 0.0, 0.0, 0.0, 0.0, 0.0, 0.0, 0.0, 0.0]
INFO:root:Training
INFO:root:
Epoch: 12
INFO:root:learning_rate: 0.001
INFO:root:test_accuracy:
INFO:root:[33.003826530612244, 4.783163265306122, 74.58545918367348, 26.052295918367346, 34.72576530612245, 34.088010204081634, 53.92219387755102, 56.66454081632652, 72.32142857142857, 59.34311224489795, 65.14668367346938, 55.16581632653062, 33.5140306122449]
INFO:root:PCC_test:
INFO:root:[0.22539102471002342, 0.5344096727884864, 0.5518851827187867, 0.43842368092190975, 0.5193141083711854, 0.5824528587284784, 0.5931138000639797, 0.5988700208662782, 0.7122972902013789, 0.6813173960023672, 0.6316300206295924, 0.6107086759374614, 0.5635805504266593]
INFO:root:ICC_test:
INFO:root:[0.16359936962767835, 0.3331135639984829, 0.5054088072013708, 0.390119739648645, 0.47318569292139945, 0.5302341516318005, 0.5583070466198219, 0.5712958125096957, 0.6891358748092465, 0.6628892154678898, 0.6050728528945545, 0.5840645819979173, 0.5093526588465936]
INFO:root:MAE_test:
INFO:root:[0.9891581632653061, 1.1559311224489797, 0.546875, 1.019451530612245, 0.876594387755102, 0.8501275510204082, 0.6798469387755102, 0.6536989795918368, 0.46970663265306123, 0.5841836734693877, 0.5746173469387755, 0.6600765306122449, 0.8625637755102041]
INFO:root:MMAE_test
INFO:root:[4.7, 4.0, 5.0, 4.25, 4.25, 3.3, 4.25, 4.25, 3.3, 2.95, 4.25, 4.25, 4.25]
INFO:root:weighted_fscore
INFO:root:[0.4207162928967439, 0.05037733551364367, 0.743794989276627, 0.35801265042644886, 0.46363572511924084, 0.46127352386521026, 0.6340012121057448, 0.6551826526815753, 0.7627397750279259, 0.6769281789119298, 0.709700596604643, 0.6430832440957954, 0.44843077493586697]
INFO:root:PCC_s_val:
INFO:root:[0.7329996143460766, 0.8216515991368271, 0.8300262879162549, 0.8489758452560603, 0.8705335637469008, 0.8989076147714914, 0.8985172253910768, 0.9046113946476712, 0.9094765501298399, 0.9170034451945865, 0.9179253914289429, 0.926248228005124, 0.9281293455606636]
INFO:root:PCC_t_val:
INFO:root:[0.08498841739689467, 0.4612525322702956, 0.5292456547595146, 0.3763834342965463, 0.5564498880872192, 0.5537940647629906, 0.549474684055637, 0.5323636498774867, 0.5629117880067487, 0.5350262267803471, 0.5516987824209136, 0.5232714209617493, 0.5464647467291854]
INFO:root:ICC_val:
INFO:root:[0.6779840488853399, 0.7715283551221457, 0.7005309298486359, 0.8161835490459434, 0.8171772254903447, 0.869405636904486, 0.8597538451864691, 0.8912249738191782, 0.8841764686863414, 0.9000739701429998, 0.8872308832927756, 0.9073250457367863, 0.9172454057734652]
INFO:root:MAE_test:
INFO:root:[0.9891581632653061, 1.1559311224489797, 0.546875, 1.019451530612245, 0.876594387755102, 0.8501275510204082, 0.6798469387755102, 0.6536989795918368, 0.46970663265306123, 0.5841836734693877, 0.5746173469387755, 0.6600765306122449, 0.8625637755102041]
INFO:root:MMD_Valid:
INFO:root:[0, 0, 0, 0, 0, 0, 0, 0, 0, 0, 0, 0, 0]
INFO:root:MMD_train:
INFO:root:[0.0, 0.0, 0.0, 0.0, 0.0, 0.0, 0.0, 0.0, 0.0, 0.0, 0.0, 0.0, 0.0]
INFO:root:Training
INFO:root:
Epoch: 13
INFO:root:learning_rate: 0.001
INFO:root:test_accuracy:
INFO:root:[33.003826530612244, 4.783163265306122, 74.58545918367348, 26.052295918367346, 34.72576530612245, 34.088010204081634, 53.92219387755102, 56.66454081632652, 72.32142857142857, 59.34311224489795, 65.14668367346938, 55.16581632653062, 33.5140306122449, 72.95918367346938]
INFO:root:PCC_test:
INFO:root:[0.22539102471002342, 0.5344096727884864, 0.5518851827187867, 0.43842368092190975, 0.5193141083711854, 0.5824528587284784, 0.5931138000639797, 0.5988700208662782, 0.7122972902013789, 0.6813173960023672, 0.6316300206295924, 0.6107086759374614, 0.5635805504266593, 0.6465783192160484]
INFO:root:ICC_test:
INFO:root:[0.16359936962767835, 0.3331135639984829, 0.5054088072013708, 0.390119739648645, 0.47318569292139945, 0.5302341516318005, 0.5583070466198219, 0.5712958125096957, 0.6891358748092465, 0.6628892154678898, 0.6050728528945545, 0.5840645819979173, 0.5093526588465936, 0.6117470559464239]
INFO:root:MAE_test:
INFO:root:[0.9891581632653061, 1.1559311224489797, 0.546875, 1.019451530612245, 0.876594387755102, 0.8501275510204082, 0.6798469387755102, 0.6536989795918368, 0.46970663265306123, 0.5841836734693877, 0.5746173469387755, 0.6600765306122449, 0.8625637755102041, 0.5066964285714286]
INFO:root:MMAE_test
INFO:root:[4.7, 4.0, 5.0, 4.25, 4.25, 3.3, 4.25, 4.25, 3.3, 2.95, 4.25, 4.25, 4.25, 4.55]
INFO:root:weighted_fscore
INFO:root:[0.4207162928967439, 0.05037733551364367, 0.743794989276627, 0.35801265042644886, 0.46363572511924084, 0.46127352386521026, 0.6340012121057448, 0.6551826526815753, 0.7627397750279259, 0.6769281789119298, 0.709700596604643, 0.6430832440957954, 0.44843077493586697, 0.7531183181895983]
INFO:root:PCC_s_val:
INFO:root:[0.7329996143460766, 0.8216515991368271, 0.8300262879162549, 0.8489758452560603, 0.8705335637469008, 0.8989076147714914, 0.8985172253910768, 0.9046113946476712, 0.9094765501298399, 0.9170034451945865, 0.9179253914289429, 0.926248228005124, 0.9281293455606636, 0.9243312078968566]
INFO:root:PCC_t_val:
INFO:root:[0.08498841739689467, 0.4612525322702956, 0.5292456547595146, 0.3763834342965463, 0.5564498880872192, 0.5537940647629906, 0.549474684055637, 0.5323636498774867, 0.5629117880067487, 0.5350262267803471, 0.5516987824209136, 0.5232714209617493, 0.5464647467291854, 0.5380517353918489]
INFO:root:ICC_val:
INFO:root:[0.6779840488853399, 0.7715283551221457, 0.7005309298486359, 0.8161835490459434, 0.8171772254903447, 0.869405636904486, 0.8597538451864691, 0.8912249738191782, 0.8841764686863414, 0.9000739701429998, 0.8872308832927756, 0.9073250457367863, 0.9172454057734652, 0.9120672174137083]
INFO:root:MAE_test:
INFO:root:[0.9891581632653061, 1.1559311224489797, 0.546875, 1.019451530612245, 0.876594387755102, 0.8501275510204082, 0.6798469387755102, 0.6536989795918368, 0.46970663265306123, 0.5841836734693877, 0.5746173469387755, 0.6600765306122449, 0.8625637755102041, 0.5066964285714286]
INFO:root:MMD_Valid:
INFO:root:[0, 0, 0, 0, 0, 0, 0, 0, 0, 0, 0, 0, 0, 0]
INFO:root:MMD_train:
INFO:root:[0.0, 0.0, 0.0, 0.0, 0.0, 0.0, 0.0, 0.0, 0.0, 0.0, 0.0, 0.0, 0.0, 0.0]
INFO:root:Training
INFO:root:
Epoch: 14
INFO:root:learning_rate: 0.001
INFO:root:test_accuracy:
INFO:root:[33.003826530612244, 4.783163265306122, 74.58545918367348, 26.052295918367346, 34.72576530612245, 34.088010204081634, 53.92219387755102, 56.66454081632652, 72.32142857142857, 59.34311224489795, 65.14668367346938, 55.16581632653062, 33.5140306122449, 72.95918367346938, 61.224489795918366]
INFO:root:PCC_test:
INFO:root:[0.22539102471002342, 0.5344096727884864, 0.5518851827187867, 0.43842368092190975, 0.5193141083711854, 0.5824528587284784, 0.5931138000639797, 0.5988700208662782, 0.7122972902013789, 0.6813173960023672, 0.6316300206295924, 0.6107086759374614, 0.5635805504266593, 0.6465783192160484, 0.6917144344760813]
INFO:root:ICC_test:
INFO:root:[0.16359936962767835, 0.3331135639984829, 0.5054088072013708, 0.390119739648645, 0.47318569292139945, 0.5302341516318005, 0.5583070466198219, 0.5712958125096957, 0.6891358748092465, 0.6628892154678898, 0.6050728528945545, 0.5840645819979173, 0.5093526588465936, 0.6117470559464239, 0.669038538992076]
INFO:root:MAE_test:
INFO:root:[0.9891581632653061, 1.1559311224489797, 0.546875, 1.019451530612245, 0.876594387755102, 0.8501275510204082, 0.6798469387755102, 0.6536989795918368, 0.46970663265306123, 0.5841836734693877, 0.5746173469387755, 0.6600765306122449, 0.8625637755102041, 0.5066964285714286, 0.5650510204081632]
INFO:root:MMAE_test
INFO:root:[4.7, 4.0, 5.0, 4.25, 4.25, 3.3, 4.25, 4.25, 3.3, 2.95, 4.25, 4.25, 4.25, 4.55, 3.05]
INFO:root:weighted_fscore
INFO:root:[0.4207162928967439, 0.05037733551364367, 0.743794989276627, 0.35801265042644886, 0.46363572511924084, 0.46127352386521026, 0.6340012121057448, 0.6551826526815753, 0.7627397750279259, 0.6769281789119298, 0.709700596604643, 0.6430832440957954, 0.44843077493586697, 0.7531183181895983, 0.6948453925212712]
INFO:root:PCC_s_val:
INFO:root:[0.7329996143460766, 0.8216515991368271, 0.8300262879162549, 0.8489758452560603, 0.8705335637469008, 0.8989076147714914, 0.8985172253910768, 0.9046113946476712, 0.9094765501298399, 0.9170034451945865, 0.9179253914289429, 0.926248228005124, 0.9281293455606636, 0.9243312078968566, 0.9353353172686346]
INFO:root:PCC_t_val:
INFO:root:[0.08498841739689467, 0.4612525322702956, 0.5292456547595146, 0.3763834342965463, 0.5564498880872192, 0.5537940647629906, 0.549474684055637, 0.5323636498774867, 0.5629117880067487, 0.5350262267803471, 0.5516987824209136, 0.5232714209617493, 0.5464647467291854, 0.5380517353918489, 0.5654437506201928]
INFO:root:ICC_val:
INFO:root:[0.6779840488853399, 0.7715283551221457, 0.7005309298486359, 0.8161835490459434, 0.8171772254903447, 0.869405636904486, 0.8597538451864691, 0.8912249738191782, 0.8841764686863414, 0.9000739701429998, 0.8872308832927756, 0.9073250457367863, 0.9172454057734652, 0.9120672174137083, 0.9184387334461223]
INFO:root:MAE_test:
INFO:root:[0.9891581632653061, 1.1559311224489797, 0.546875, 1.019451530612245, 0.876594387755102, 0.8501275510204082, 0.6798469387755102, 0.6536989795918368, 0.46970663265306123, 0.5841836734693877, 0.5746173469387755, 0.6600765306122449, 0.8625637755102041, 0.5066964285714286, 0.5650510204081632]
INFO:root:MMD_Valid:
INFO:root:[0, 0, 0, 0, 0, 0, 0, 0, 0, 0, 0, 0, 0, 0, 0]
INFO:root:MMD_train:
INFO:root:[0.0, 0.0, 0.0, 0.0, 0.0, 0.0, 0.0, 0.0, 0.0, 0.0, 0.0, 0.0, 0.0, 0.0, 0.0]
INFO:root:Training
INFO:root:
Epoch: 15
INFO:root:learning_rate: 0.001
INFO:root:test_accuracy:
INFO:root:[33.003826530612244, 4.783163265306122, 74.58545918367348, 26.052295918367346, 34.72576530612245, 34.088010204081634, 53.92219387755102, 56.66454081632652, 72.32142857142857, 59.34311224489795, 65.14668367346938, 55.16581632653062, 33.5140306122449, 72.95918367346938, 61.224489795918366, 63.13775510204081]
INFO:root:PCC_test:
INFO:root:[0.22539102471002342, 0.5344096727884864, 0.5518851827187867, 0.43842368092190975, 0.5193141083711854, 0.5824528587284784, 0.5931138000639797, 0.5988700208662782, 0.7122972902013789, 0.6813173960023672, 0.6316300206295924, 0.6107086759374614, 0.5635805504266593, 0.6465783192160484, 0.6917144344760813, 0.6488467558317229]
INFO:root:ICC_test:
INFO:root:[0.16359936962767835, 0.3331135639984829, 0.5054088072013708, 0.390119739648645, 0.47318569292139945, 0.5302341516318005, 0.5583070466198219, 0.5712958125096957, 0.6891358748092465, 0.6628892154678898, 0.6050728528945545, 0.5840645819979173, 0.5093526588465936, 0.6117470559464239, 0.669038538992076, 0.6252708843619967]
INFO:root:MAE_test:
INFO:root:[0.9891581632653061, 1.1559311224489797, 0.546875, 1.019451530612245, 0.876594387755102, 0.8501275510204082, 0.6798469387755102, 0.6536989795918368, 0.46970663265306123, 0.5841836734693877, 0.5746173469387755, 0.6600765306122449, 0.8625637755102041, 0.5066964285714286, 0.5650510204081632, 0.5774872448979592]
INFO:root:MMAE_test
INFO:root:[4.7, 4.0, 5.0, 4.25, 4.25, 3.3, 4.25, 4.25, 3.3, 2.95, 4.25, 4.25, 4.25, 4.55, 3.05, 4.25]
INFO:root:weighted_fscore
INFO:root:[0.4207162928967439, 0.05037733551364367, 0.743794989276627, 0.35801265042644886, 0.46363572511924084, 0.46127352386521026, 0.6340012121057448, 0.6551826526815753, 0.7627397750279259, 0.6769281789119298, 0.709700596604643, 0.6430832440957954, 0.44843077493586697, 0.7531183181895983, 0.6948453925212712, 0.7008557812340815]
INFO:root:PCC_s_val:
INFO:root:[0.7329996143460766, 0.8216515991368271, 0.8300262879162549, 0.8489758452560603, 0.8705335637469008, 0.8989076147714914, 0.8985172253910768, 0.9046113946476712, 0.9094765501298399, 0.9170034451945865, 0.9179253914289429, 0.926248228005124, 0.9281293455606636, 0.9243312078968566, 0.9353353172686346, 0.9378826713067822]
INFO:root:PCC_t_val:
INFO:root:[0.08498841739689467, 0.4612525322702956, 0.5292456547595146, 0.3763834342965463, 0.5564498880872192, 0.5537940647629906, 0.549474684055637, 0.5323636498774867, 0.5629117880067487, 0.5350262267803471, 0.5516987824209136, 0.5232714209617493, 0.5464647467291854, 0.5380517353918489, 0.5654437506201928, 0.5410221149491876]
INFO:root:ICC_val:
INFO:root:[0.6779840488853399, 0.7715283551221457, 0.7005309298486359, 0.8161835490459434, 0.8171772254903447, 0.869405636904486, 0.8597538451864691, 0.8912249738191782, 0.8841764686863414, 0.9000739701429998, 0.8872308832927756, 0.9073250457367863, 0.9172454057734652, 0.9120672174137083, 0.9184387334461223, 0.9186375498237933]
INFO:root:MAE_test:
INFO:root:[0.9891581632653061, 1.1559311224489797, 0.546875, 1.019451530612245, 0.876594387755102, 0.8501275510204082, 0.6798469387755102, 0.6536989795918368, 0.46970663265306123, 0.5841836734693877, 0.5746173469387755, 0.6600765306122449, 0.8625637755102041, 0.5066964285714286, 0.5650510204081632, 0.5774872448979592]
INFO:root:MMD_Valid:
INFO:root:[0, 0, 0, 0, 0, 0, 0, 0, 0, 0, 0, 0, 0, 0, 0, 0]
INFO:root:MMD_train:
INFO:root:[0.0, 0.0, 0.0, 0.0, 0.0, 0.0, 0.0, 0.0, 0.0, 0.0, 0.0, 0.0, 0.0, 0.0, 0.0, 0.0]
INFO:root:Training
INFO:root:
Epoch: 16
INFO:root:learning_rate: 0.001
INFO:root:test_accuracy:
INFO:root:[33.003826530612244, 4.783163265306122, 74.58545918367348, 26.052295918367346, 34.72576530612245, 34.088010204081634, 53.92219387755102, 56.66454081632652, 72.32142857142857, 59.34311224489795, 65.14668367346938, 55.16581632653062, 33.5140306122449, 72.95918367346938, 61.224489795918366, 63.13775510204081, 63.807397959183675]
INFO:root:PCC_test:
INFO:root:[0.22539102471002342, 0.5344096727884864, 0.5518851827187867, 0.43842368092190975, 0.5193141083711854, 0.5824528587284784, 0.5931138000639797, 0.5988700208662782, 0.7122972902013789, 0.6813173960023672, 0.6316300206295924, 0.6107086759374614, 0.5635805504266593, 0.6465783192160484, 0.6917144344760813, 0.6488467558317229, 0.6718403776603719]
INFO:root:ICC_test:
INFO:root:[0.16359936962767835, 0.3331135639984829, 0.5054088072013708, 0.390119739648645, 0.47318569292139945, 0.5302341516318005, 0.5583070466198219, 0.5712958125096957, 0.6891358748092465, 0.6628892154678898, 0.6050728528945545, 0.5840645819979173, 0.5093526588465936, 0.6117470559464239, 0.669038538992076, 0.6252708843619967, 0.6480839112977997]
INFO:root:MAE_test:
INFO:root:[0.9891581632653061, 1.1559311224489797, 0.546875, 1.019451530612245, 0.876594387755102, 0.8501275510204082, 0.6798469387755102, 0.6536989795918368, 0.46970663265306123, 0.5841836734693877, 0.5746173469387755, 0.6600765306122449, 0.8625637755102041, 0.5066964285714286, 0.5650510204081632, 0.5774872448979592, 0.5577168367346939]
INFO:root:MMAE_test
INFO:root:[4.7, 4.0, 5.0, 4.25, 4.25, 3.3, 4.25, 4.25, 3.3, 2.95, 4.25, 4.25, 4.25, 4.55, 3.05, 4.25, 4.25]
INFO:root:weighted_fscore
INFO:root:[0.4207162928967439, 0.05037733551364367, 0.743794989276627, 0.35801265042644886, 0.46363572511924084, 0.46127352386521026, 0.6340012121057448, 0.6551826526815753, 0.7627397750279259, 0.6769281789119298, 0.709700596604643, 0.6430832440957954, 0.44843077493586697, 0.7531183181895983, 0.6948453925212712, 0.7008557812340815, 0.7061608683235714]
INFO:root:PCC_s_val:
INFO:root:[0.7329996143460766, 0.8216515991368271, 0.8300262879162549, 0.8489758452560603, 0.8705335637469008, 0.8989076147714914, 0.8985172253910768, 0.9046113946476712, 0.9094765501298399, 0.9170034451945865, 0.9179253914289429, 0.926248228005124, 0.9281293455606636, 0.9243312078968566, 0.9353353172686346, 0.9378826713067822, 0.9361689390825286]
INFO:root:PCC_t_val:
INFO:root:[0.08498841739689467, 0.4612525322702956, 0.5292456547595146, 0.3763834342965463, 0.5564498880872192, 0.5537940647629906, 0.549474684055637, 0.5323636498774867, 0.5629117880067487, 0.5350262267803471, 0.5516987824209136, 0.5232714209617493, 0.5464647467291854, 0.5380517353918489, 0.5654437506201928, 0.5410221149491876, 0.5662220207959782]
INFO:root:ICC_val:
INFO:root:[0.6779840488853399, 0.7715283551221457, 0.7005309298486359, 0.8161835490459434, 0.8171772254903447, 0.869405636904486, 0.8597538451864691, 0.8912249738191782, 0.8841764686863414, 0.9000739701429998, 0.8872308832927756, 0.9073250457367863, 0.9172454057734652, 0.9120672174137083, 0.9184387334461223, 0.9186375498237933, 0.8948763372706445]
INFO:root:MAE_test:
INFO:root:[0.9891581632653061, 1.1559311224489797, 0.546875, 1.019451530612245, 0.876594387755102, 0.8501275510204082, 0.6798469387755102, 0.6536989795918368, 0.46970663265306123, 0.5841836734693877, 0.5746173469387755, 0.6600765306122449, 0.8625637755102041, 0.5066964285714286, 0.5650510204081632, 0.5774872448979592, 0.5577168367346939]
INFO:root:MMD_Valid:
INFO:root:[0, 0, 0, 0, 0, 0, 0, 0, 0, 0, 0, 0, 0, 0, 0, 0, 0]
INFO:root:MMD_train:
INFO:root:[0.0, 0.0, 0.0, 0.0, 0.0, 0.0, 0.0, 0.0, 0.0, 0.0, 0.0, 0.0, 0.0, 0.0, 0.0, 0.0, 0.0]
INFO:root:Training
INFO:root:
Epoch: 17
INFO:root:learning_rate: 0.001
INFO:root:test_accuracy:
INFO:root:[33.003826530612244, 4.783163265306122, 74.58545918367348, 26.052295918367346, 34.72576530612245, 34.088010204081634, 53.92219387755102, 56.66454081632652, 72.32142857142857, 59.34311224489795, 65.14668367346938, 55.16581632653062, 33.5140306122449, 72.95918367346938, 61.224489795918366, 63.13775510204081, 63.807397959183675, 55.83545918367348]
INFO:root:PCC_test:
INFO:root:[0.22539102471002342, 0.5344096727884864, 0.5518851827187867, 0.43842368092190975, 0.5193141083711854, 0.5824528587284784, 0.5931138000639797, 0.5988700208662782, 0.7122972902013789, 0.6813173960023672, 0.6316300206295924, 0.6107086759374614, 0.5635805504266593, 0.6465783192160484, 0.6917144344760813, 0.6488467558317229, 0.6718403776603719, 0.6457020978537507]
INFO:root:ICC_test:
INFO:root:[0.16359936962767835, 0.3331135639984829, 0.5054088072013708, 0.390119739648645, 0.47318569292139945, 0.5302341516318005, 0.5583070466198219, 0.5712958125096957, 0.6891358748092465, 0.6628892154678898, 0.6050728528945545, 0.5840645819979173, 0.5093526588465936, 0.6117470559464239, 0.669038538992076, 0.6252708843619967, 0.6480839112977997, 0.6228412395972278]
INFO:root:MAE_test:
INFO:root:[0.9891581632653061, 1.1559311224489797, 0.546875, 1.019451530612245, 0.876594387755102, 0.8501275510204082, 0.6798469387755102, 0.6536989795918368, 0.46970663265306123, 0.5841836734693877, 0.5746173469387755, 0.6600765306122449, 0.8625637755102041, 0.5066964285714286, 0.5650510204081632, 0.5774872448979592, 0.5577168367346939, 0.6383928571428571]
INFO:root:MMAE_test
INFO:root:[4.7, 4.0, 5.0, 4.25, 4.25, 3.3, 4.25, 4.25, 3.3, 2.95, 4.25, 4.25, 4.25, 4.55, 3.05, 4.25, 4.25, 4.0]
INFO:root:weighted_fscore
INFO:root:[0.4207162928967439, 0.05037733551364367, 0.743794989276627, 0.35801265042644886, 0.46363572511924084, 0.46127352386521026, 0.6340012121057448, 0.6551826526815753, 0.7627397750279259, 0.6769281789119298, 0.709700596604643, 0.6430832440957954, 0.44843077493586697, 0.7531183181895983, 0.6948453925212712, 0.7008557812340815, 0.7061608683235714, 0.6508862373686297]
INFO:root:PCC_s_val:
INFO:root:[0.7329996143460766, 0.8216515991368271, 0.8300262879162549, 0.8489758452560603, 0.8705335637469008, 0.8989076147714914, 0.8985172253910768, 0.9046113946476712, 0.9094765501298399, 0.9170034451945865, 0.9179253914289429, 0.926248228005124, 0.9281293455606636, 0.9243312078968566, 0.9353353172686346, 0.9378826713067822, 0.9361689390825286, 0.9376818345093112]
INFO:root:PCC_t_val:
INFO:root:[0.08498841739689467, 0.4612525322702956, 0.5292456547595146, 0.3763834342965463, 0.5564498880872192, 0.5537940647629906, 0.549474684055637, 0.5323636498774867, 0.5629117880067487, 0.5350262267803471, 0.5516987824209136, 0.5232714209617493, 0.5464647467291854, 0.5380517353918489, 0.5654437506201928, 0.5410221149491876, 0.5662220207959782, 0.5741961966578291]
INFO:root:ICC_val:
INFO:root:[0.6779840488853399, 0.7715283551221457, 0.7005309298486359, 0.8161835490459434, 0.8171772254903447, 0.869405636904486, 0.8597538451864691, 0.8912249738191782, 0.8841764686863414, 0.9000739701429998, 0.8872308832927756, 0.9073250457367863, 0.9172454057734652, 0.9120672174137083, 0.9184387334461223, 0.9186375498237933, 0.8948763372706445, 0.9206060857677394]
INFO:root:MAE_test:
INFO:root:[0.9891581632653061, 1.1559311224489797, 0.546875, 1.019451530612245, 0.876594387755102, 0.8501275510204082, 0.6798469387755102, 0.6536989795918368, 0.46970663265306123, 0.5841836734693877, 0.5746173469387755, 0.6600765306122449, 0.8625637755102041, 0.5066964285714286, 0.5650510204081632, 0.5774872448979592, 0.5577168367346939, 0.6383928571428571]
INFO:root:MMD_Valid:
INFO:root:[0, 0, 0, 0, 0, 0, 0, 0, 0, 0, 0, 0, 0, 0, 0, 0, 0, 0]
INFO:root:MMD_train:
INFO:root:[0.0, 0.0, 0.0, 0.0, 0.0, 0.0, 0.0, 0.0, 0.0, 0.0, 0.0, 0.0, 0.0, 0.0, 0.0, 0.0, 0.0, 0.0]
INFO:root:Training
INFO:root:
Epoch: 18
INFO:root:learning_rate: 0.001
INFO:root:test_accuracy:
INFO:root:[33.003826530612244, 4.783163265306122, 74.58545918367348, 26.052295918367346, 34.72576530612245, 34.088010204081634, 53.92219387755102, 56.66454081632652, 72.32142857142857, 59.34311224489795, 65.14668367346938, 55.16581632653062, 33.5140306122449, 72.95918367346938, 61.224489795918366, 63.13775510204081, 63.807397959183675, 55.83545918367348, 76.05229591836735]
INFO:root:PCC_test:
INFO:root:[0.22539102471002342, 0.5344096727884864, 0.5518851827187867, 0.43842368092190975, 0.5193141083711854, 0.5824528587284784, 0.5931138000639797, 0.5988700208662782, 0.7122972902013789, 0.6813173960023672, 0.6316300206295924, 0.6107086759374614, 0.5635805504266593, 0.6465783192160484, 0.6917144344760813, 0.6488467558317229, 0.6718403776603719, 0.6457020978537507, 0.6691044415287479]
INFO:root:ICC_test:
INFO:root:[0.16359936962767835, 0.3331135639984829, 0.5054088072013708, 0.390119739648645, 0.47318569292139945, 0.5302341516318005, 0.5583070466198219, 0.5712958125096957, 0.6891358748092465, 0.6628892154678898, 0.6050728528945545, 0.5840645819979173, 0.5093526588465936, 0.6117470559464239, 0.669038538992076, 0.6252708843619967, 0.6480839112977997, 0.6228412395972278, 0.6318778281836291]
INFO:root:MAE_test:
INFO:root:[0.9891581632653061, 1.1559311224489797, 0.546875, 1.019451530612245, 0.876594387755102, 0.8501275510204082, 0.6798469387755102, 0.6536989795918368, 0.46970663265306123, 0.5841836734693877, 0.5746173469387755, 0.6600765306122449, 0.8625637755102041, 0.5066964285714286, 0.5650510204081632, 0.5774872448979592, 0.5577168367346939, 0.6383928571428571, 0.47512755102040816]
INFO:root:MMAE_test
INFO:root:[4.7, 4.0, 5.0, 4.25, 4.25, 3.3, 4.25, 4.25, 3.3, 2.95, 4.25, 4.25, 4.25, 4.55, 3.05, 4.25, 4.25, 4.0, 4.25]
INFO:root:weighted_fscore
INFO:root:[0.4207162928967439, 0.05037733551364367, 0.743794989276627, 0.35801265042644886, 0.46363572511924084, 0.46127352386521026, 0.6340012121057448, 0.6551826526815753, 0.7627397750279259, 0.6769281789119298, 0.709700596604643, 0.6430832440957954, 0.44843077493586697, 0.7531183181895983, 0.6948453925212712, 0.7008557812340815, 0.7061608683235714, 0.6508862373686297, 0.7695643046780424]
INFO:root:PCC_s_val:
INFO:root:[0.7329996143460766, 0.8216515991368271, 0.8300262879162549, 0.8489758452560603, 0.8705335637469008, 0.8989076147714914, 0.8985172253910768, 0.9046113946476712, 0.9094765501298399, 0.9170034451945865, 0.9179253914289429, 0.926248228005124, 0.9281293455606636, 0.9243312078968566, 0.9353353172686346, 0.9378826713067822, 0.9361689390825286, 0.9376818345093112, 0.938923916040941]
INFO:root:PCC_t_val:
INFO:root:[0.08498841739689467, 0.4612525322702956, 0.5292456547595146, 0.3763834342965463, 0.5564498880872192, 0.5537940647629906, 0.549474684055637, 0.5323636498774867, 0.5629117880067487, 0.5350262267803471, 0.5516987824209136, 0.5232714209617493, 0.5464647467291854, 0.5380517353918489, 0.5654437506201928, 0.5410221149491876, 0.5662220207959782, 0.5741961966578291, 0.5923144365821997]
INFO:root:ICC_val:
INFO:root:[0.6779840488853399, 0.7715283551221457, 0.7005309298486359, 0.8161835490459434, 0.8171772254903447, 0.869405636904486, 0.8597538451864691, 0.8912249738191782, 0.8841764686863414, 0.9000739701429998, 0.8872308832927756, 0.9073250457367863, 0.9172454057734652, 0.9120672174137083, 0.9184387334461223, 0.9186375498237933, 0.8948763372706445, 0.9206060857677394, 0.9198300119095494]
INFO:root:MAE_test:
INFO:root:[0.9891581632653061, 1.1559311224489797, 0.546875, 1.019451530612245, 0.876594387755102, 0.8501275510204082, 0.6798469387755102, 0.6536989795918368, 0.46970663265306123, 0.5841836734693877, 0.5746173469387755, 0.6600765306122449, 0.8625637755102041, 0.5066964285714286, 0.5650510204081632, 0.5774872448979592, 0.5577168367346939, 0.6383928571428571, 0.47512755102040816]
INFO:root:MMD_Valid:
INFO:root:[0, 0, 0, 0, 0, 0, 0, 0, 0, 0, 0, 0, 0, 0, 0, 0, 0, 0, 0]
INFO:root:MMD_train:
INFO:root:[0.0, 0.0, 0.0, 0.0, 0.0, 0.0, 0.0, 0.0, 0.0, 0.0, 0.0, 0.0, 0.0, 0.0, 0.0, 0.0, 0.0, 0.0, 0.0]
INFO:root:Training
INFO:root:
Epoch: 19
INFO:root:learning_rate: 0.001
INFO:root:test_accuracy:
INFO:root:[33.003826530612244, 4.783163265306122, 74.58545918367348, 26.052295918367346, 34.72576530612245, 34.088010204081634, 53.92219387755102, 56.66454081632652, 72.32142857142857, 59.34311224489795, 65.14668367346938, 55.16581632653062, 33.5140306122449, 72.95918367346938, 61.224489795918366, 63.13775510204081, 63.807397959183675, 55.83545918367348, 76.05229591836735, 65.4655612244898]
INFO:root:PCC_test:
INFO:root:[0.22539102471002342, 0.5344096727884864, 0.5518851827187867, 0.43842368092190975, 0.5193141083711854, 0.5824528587284784, 0.5931138000639797, 0.5988700208662782, 0.7122972902013789, 0.6813173960023672, 0.6316300206295924, 0.6107086759374614, 0.5635805504266593, 0.6465783192160484, 0.6917144344760813, 0.6488467558317229, 0.6718403776603719, 0.6457020978537507, 0.6691044415287479, 0.6321743796442638]
INFO:root:ICC_test:
INFO:root:[0.16359936962767835, 0.3331135639984829, 0.5054088072013708, 0.390119739648645, 0.47318569292139945, 0.5302341516318005, 0.5583070466198219, 0.5712958125096957, 0.6891358748092465, 0.6628892154678898, 0.6050728528945545, 0.5840645819979173, 0.5093526588465936, 0.6117470559464239, 0.669038538992076, 0.6252708843619967, 0.6480839112977997, 0.6228412395972278, 0.6318778281836291, 0.6046084459374722]
INFO:root:MAE_test:
INFO:root:[0.9891581632653061, 1.1559311224489797, 0.546875, 1.019451530612245, 0.876594387755102, 0.8501275510204082, 0.6798469387755102, 0.6536989795918368, 0.46970663265306123, 0.5841836734693877, 0.5746173469387755, 0.6600765306122449, 0.8625637755102041, 0.5066964285714286, 0.5650510204081632, 0.5774872448979592, 0.5577168367346939, 0.6383928571428571, 0.47512755102040816, 0.5714285714285714]
INFO:root:MMAE_test
INFO:root:[4.7, 4.0, 5.0, 4.25, 4.25, 3.3, 4.25, 4.25, 3.3, 2.95, 4.25, 4.25, 4.25, 4.55, 3.05, 4.25, 4.25, 4.0, 4.25, 4.25]
INFO:root:weighted_fscore
INFO:root:[0.4207162928967439, 0.05037733551364367, 0.743794989276627, 0.35801265042644886, 0.46363572511924084, 0.46127352386521026, 0.6340012121057448, 0.6551826526815753, 0.7627397750279259, 0.6769281789119298, 0.709700596604643, 0.6430832440957954, 0.44843077493586697, 0.7531183181895983, 0.6948453925212712, 0.7008557812340815, 0.7061608683235714, 0.6508862373686297, 0.7695643046780424, 0.7107973788939234]
INFO:root:PCC_s_val:
INFO:root:[0.7329996143460766, 0.8216515991368271, 0.8300262879162549, 0.8489758452560603, 0.8705335637469008, 0.8989076147714914, 0.8985172253910768, 0.9046113946476712, 0.9094765501298399, 0.9170034451945865, 0.9179253914289429, 0.926248228005124, 0.9281293455606636, 0.9243312078968566, 0.9353353172686346, 0.9378826713067822, 0.9361689390825286, 0.9376818345093112, 0.938923916040941, 0.9393890594229709]
INFO:root:PCC_t_val:
INFO:root:[0.08498841739689467, 0.4612525322702956, 0.5292456547595146, 0.3763834342965463, 0.5564498880872192, 0.5537940647629906, 0.549474684055637, 0.5323636498774867, 0.5629117880067487, 0.5350262267803471, 0.5516987824209136, 0.5232714209617493, 0.5464647467291854, 0.5380517353918489, 0.5654437506201928, 0.5410221149491876, 0.5662220207959782, 0.5741961966578291, 0.5923144365821997, 0.5480809800036985]
INFO:root:ICC_val:
INFO:root:[0.6779840488853399, 0.7715283551221457, 0.7005309298486359, 0.8161835490459434, 0.8171772254903447, 0.869405636904486, 0.8597538451864691, 0.8912249738191782, 0.8841764686863414, 0.9000739701429998, 0.8872308832927756, 0.9073250457367863, 0.9172454057734652, 0.9120672174137083, 0.9184387334461223, 0.9186375498237933, 0.8948763372706445, 0.9206060857677394, 0.9198300119095494, 0.9128737835879309]
INFO:root:MAE_test:
INFO:root:[0.9891581632653061, 1.1559311224489797, 0.546875, 1.019451530612245, 0.876594387755102, 0.8501275510204082, 0.6798469387755102, 0.6536989795918368, 0.46970663265306123, 0.5841836734693877, 0.5746173469387755, 0.6600765306122449, 0.8625637755102041, 0.5066964285714286, 0.5650510204081632, 0.5774872448979592, 0.5577168367346939, 0.6383928571428571, 0.47512755102040816, 0.5714285714285714]
INFO:root:MMD_Valid:
INFO:root:[0, 0, 0, 0, 0, 0, 0, 0, 0, 0, 0, 0, 0, 0, 0, 0, 0, 0, 0, 0]
INFO:root:MMD_train:
INFO:root:[0.0, 0.0, 0.0, 0.0, 0.0, 0.0, 0.0, 0.0, 0.0, 0.0, 0.0, 0.0, 0.0, 0.0, 0.0, 0.0, 0.0, 0.0, 0.0, 0.0]
INFO:root:Training
INFO:root:
Epoch: 20
INFO:root:learning_rate: 0.0009000000000000001
INFO:root:test_accuracy:
INFO:root:[33.003826530612244, 4.783163265306122, 74.58545918367348, 26.052295918367346, 34.72576530612245, 34.088010204081634, 53.92219387755102, 56.66454081632652, 72.32142857142857, 59.34311224489795, 65.14668367346938, 55.16581632653062, 33.5140306122449, 72.95918367346938, 61.224489795918366, 63.13775510204081, 63.807397959183675, 55.83545918367348, 76.05229591836735, 65.4655612244898, 73.05484693877551]
INFO:root:PCC_test:
INFO:root:[0.22539102471002342, 0.5344096727884864, 0.5518851827187867, 0.43842368092190975, 0.5193141083711854, 0.5824528587284784, 0.5931138000639797, 0.5988700208662782, 0.7122972902013789, 0.6813173960023672, 0.6316300206295924, 0.6107086759374614, 0.5635805504266593, 0.6465783192160484, 0.6917144344760813, 0.6488467558317229, 0.6718403776603719, 0.6457020978537507, 0.6691044415287479, 0.6321743796442638, 0.6676637774949779]
INFO:root:ICC_test:
INFO:root:[0.16359936962767835, 0.3331135639984829, 0.5054088072013708, 0.390119739648645, 0.47318569292139945, 0.5302341516318005, 0.5583070466198219, 0.5712958125096957, 0.6891358748092465, 0.6628892154678898, 0.6050728528945545, 0.5840645819979173, 0.5093526588465936, 0.6117470559464239, 0.669038538992076, 0.6252708843619967, 0.6480839112977997, 0.6228412395972278, 0.6318778281836291, 0.6046084459374722, 0.6372501580702241]
INFO:root:MAE_test:
INFO:root:[0.9891581632653061, 1.1559311224489797, 0.546875, 1.019451530612245, 0.876594387755102, 0.8501275510204082, 0.6798469387755102, 0.6536989795918368, 0.46970663265306123, 0.5841836734693877, 0.5746173469387755, 0.6600765306122449, 0.8625637755102041, 0.5066964285714286, 0.5650510204081632, 0.5774872448979592, 0.5577168367346939, 0.6383928571428571, 0.47512755102040816, 0.5714285714285714, 0.49330357142857145]
INFO:root:MMAE_test
INFO:root:[4.7, 4.0, 5.0, 4.25, 4.25, 3.3, 4.25, 4.25, 3.3, 2.95, 4.25, 4.25, 4.25, 4.55, 3.05, 4.25, 4.25, 4.0, 4.25, 4.25, 4.25]
INFO:root:weighted_fscore
INFO:root:[0.4207162928967439, 0.05037733551364367, 0.743794989276627, 0.35801265042644886, 0.46363572511924084, 0.46127352386521026, 0.6340012121057448, 0.6551826526815753, 0.7627397750279259, 0.6769281789119298, 0.709700596604643, 0.6430832440957954, 0.44843077493586697, 0.7531183181895983, 0.6948453925212712, 0.7008557812340815, 0.7061608683235714, 0.6508862373686297, 0.7695643046780424, 0.7107973788939234, 0.7568899199570633]
INFO:root:PCC_s_val:
INFO:root:[0.7329996143460766, 0.8216515991368271, 0.8300262879162549, 0.8489758452560603, 0.8705335637469008, 0.8989076147714914, 0.8985172253910768, 0.9046113946476712, 0.9094765501298399, 0.9170034451945865, 0.9179253914289429, 0.926248228005124, 0.9281293455606636, 0.9243312078968566, 0.9353353172686346, 0.9378826713067822, 0.9361689390825286, 0.9376818345093112, 0.938923916040941, 0.9393890594229709, 0.939647456006834]
INFO:root:PCC_t_val:
INFO:root:[0.08498841739689467, 0.4612525322702956, 0.5292456547595146, 0.3763834342965463, 0.5564498880872192, 0.5537940647629906, 0.549474684055637, 0.5323636498774867, 0.5629117880067487, 0.5350262267803471, 0.5516987824209136, 0.5232714209617493, 0.5464647467291854, 0.5380517353918489, 0.5654437506201928, 0.5410221149491876, 0.5662220207959782, 0.5741961966578291, 0.5923144365821997, 0.5480809800036985, 0.5487570723971975]
INFO:root:ICC_val:
INFO:root:[0.6779840488853399, 0.7715283551221457, 0.7005309298486359, 0.8161835490459434, 0.8171772254903447, 0.869405636904486, 0.8597538451864691, 0.8912249738191782, 0.8841764686863414, 0.9000739701429998, 0.8872308832927756, 0.9073250457367863, 0.9172454057734652, 0.9120672174137083, 0.9184387334461223, 0.9186375498237933, 0.8948763372706445, 0.9206060857677394, 0.9198300119095494, 0.9128737835879309, 0.9149512062567465]
INFO:root:MAE_test:
INFO:root:[0.9891581632653061, 1.1559311224489797, 0.546875, 1.019451530612245, 0.876594387755102, 0.8501275510204082, 0.6798469387755102, 0.6536989795918368, 0.46970663265306123, 0.5841836734693877, 0.5746173469387755, 0.6600765306122449, 0.8625637755102041, 0.5066964285714286, 0.5650510204081632, 0.5774872448979592, 0.5577168367346939, 0.6383928571428571, 0.47512755102040816, 0.5714285714285714, 0.49330357142857145]
INFO:root:MMD_Valid:
INFO:root:[0, 0, 0, 0, 0, 0, 0, 0, 0, 0, 0, 0, 0, 0, 0, 0, 0, 0, 0, 0, 0]
INFO:root:MMD_train:
INFO:root:[0.0, 0.0, 0.0, 0.0, 0.0, 0.0, 0.0, 0.0, 0.0, 0.0, 0.0, 0.0, 0.0, 0.0, 0.0, 0.0, 0.0, 0.0, 0.0, 0.0, 0.0]
INFO:root:Training
INFO:root:
Epoch: 21
INFO:root:learning_rate: 0.0009000000000000001
INFO:root:test_accuracy:
INFO:root:[33.003826530612244, 4.783163265306122, 74.58545918367348, 26.052295918367346, 34.72576530612245, 34.088010204081634, 53.92219387755102, 56.66454081632652, 72.32142857142857, 59.34311224489795, 65.14668367346938, 55.16581632653062, 33.5140306122449, 72.95918367346938, 61.224489795918366, 63.13775510204081, 63.807397959183675, 55.83545918367348, 76.05229591836735, 65.4655612244898, 73.05484693877551, 65.24234693877551]
INFO:root:PCC_test:
INFO:root:[0.22539102471002342, 0.5344096727884864, 0.5518851827187867, 0.43842368092190975, 0.5193141083711854, 0.5824528587284784, 0.5931138000639797, 0.5988700208662782, 0.7122972902013789, 0.6813173960023672, 0.6316300206295924, 0.6107086759374614, 0.5635805504266593, 0.6465783192160484, 0.6917144344760813, 0.6488467558317229, 0.6718403776603719, 0.6457020978537507, 0.6691044415287479, 0.6321743796442638, 0.6676637774949779, 0.6697781639713601]
INFO:root:ICC_test:
INFO:root:[0.16359936962767835, 0.3331135639984829, 0.5054088072013708, 0.390119739648645, 0.47318569292139945, 0.5302341516318005, 0.5583070466198219, 0.5712958125096957, 0.6891358748092465, 0.6628892154678898, 0.6050728528945545, 0.5840645819979173, 0.5093526588465936, 0.6117470559464239, 0.669038538992076, 0.6252708843619967, 0.6480839112977997, 0.6228412395972278, 0.6318778281836291, 0.6046084459374722, 0.6372501580702241, 0.6455507122092898]
INFO:root:MAE_test:
INFO:root:[0.9891581632653061, 1.1559311224489797, 0.546875, 1.019451530612245, 0.876594387755102, 0.8501275510204082, 0.6798469387755102, 0.6536989795918368, 0.46970663265306123, 0.5841836734693877, 0.5746173469387755, 0.6600765306122449, 0.8625637755102041, 0.5066964285714286, 0.5650510204081632, 0.5774872448979592, 0.5577168367346939, 0.6383928571428571, 0.47512755102040816, 0.5714285714285714, 0.49330357142857145, 0.5513392857142857]
INFO:root:MMAE_test
INFO:root:[4.7, 4.0, 5.0, 4.25, 4.25, 3.3, 4.25, 4.25, 3.3, 2.95, 4.25, 4.25, 4.25, 4.55, 3.05, 4.25, 4.25, 4.0, 4.25, 4.25, 4.25, 3.55]
INFO:root:weighted_fscore
INFO:root:[0.4207162928967439, 0.05037733551364367, 0.743794989276627, 0.35801265042644886, 0.46363572511924084, 0.46127352386521026, 0.6340012121057448, 0.6551826526815753, 0.7627397750279259, 0.6769281789119298, 0.709700596604643, 0.6430832440957954, 0.44843077493586697, 0.7531183181895983, 0.6948453925212712, 0.7008557812340815, 0.7061608683235714, 0.6508862373686297, 0.7695643046780424, 0.7107973788939234, 0.7568899199570633, 0.7148275418726893]
INFO:root:PCC_s_val:
INFO:root:[0.7329996143460766, 0.8216515991368271, 0.8300262879162549, 0.8489758452560603, 0.8705335637469008, 0.8989076147714914, 0.8985172253910768, 0.9046113946476712, 0.9094765501298399, 0.9170034451945865, 0.9179253914289429, 0.926248228005124, 0.9281293455606636, 0.9243312078968566, 0.9353353172686346, 0.9378826713067822, 0.9361689390825286, 0.9376818345093112, 0.938923916040941, 0.9393890594229709, 0.939647456006834, 0.945776078442294]
INFO:root:PCC_t_val:
INFO:root:[0.08498841739689467, 0.4612525322702956, 0.5292456547595146, 0.3763834342965463, 0.5564498880872192, 0.5537940647629906, 0.549474684055637, 0.5323636498774867, 0.5629117880067487, 0.5350262267803471, 0.5516987824209136, 0.5232714209617493, 0.5464647467291854, 0.5380517353918489, 0.5654437506201928, 0.5410221149491876, 0.5662220207959782, 0.5741961966578291, 0.5923144365821997, 0.5480809800036985, 0.5487570723971975, 0.5590386657989945]
INFO:root:ICC_val:
INFO:root:[0.6779840488853399, 0.7715283551221457, 0.7005309298486359, 0.8161835490459434, 0.8171772254903447, 0.869405636904486, 0.8597538451864691, 0.8912249738191782, 0.8841764686863414, 0.9000739701429998, 0.8872308832927756, 0.9073250457367863, 0.9172454057734652, 0.9120672174137083, 0.9184387334461223, 0.9186375498237933, 0.8948763372706445, 0.9206060857677394, 0.9198300119095494, 0.9128737835879309, 0.9149512062567465, 0.9282036544342757]
INFO:root:MAE_test:
INFO:root:[0.9891581632653061, 1.1559311224489797, 0.546875, 1.019451530612245, 0.876594387755102, 0.8501275510204082, 0.6798469387755102, 0.6536989795918368, 0.46970663265306123, 0.5841836734693877, 0.5746173469387755, 0.6600765306122449, 0.8625637755102041, 0.5066964285714286, 0.5650510204081632, 0.5774872448979592, 0.5577168367346939, 0.6383928571428571, 0.47512755102040816, 0.5714285714285714, 0.49330357142857145, 0.5513392857142857]
INFO:root:MMD_Valid:
INFO:root:[0, 0, 0, 0, 0, 0, 0, 0, 0, 0, 0, 0, 0, 0, 0, 0, 0, 0, 0, 0, 0, 0]
INFO:root:MMD_train:
INFO:root:[0.0, 0.0, 0.0, 0.0, 0.0, 0.0, 0.0, 0.0, 0.0, 0.0, 0.0, 0.0, 0.0, 0.0, 0.0, 0.0, 0.0, 0.0, 0.0, 0.0, 0.0, 0.0]
INFO:root:Training
INFO:root:
Epoch: 22
INFO:root:learning_rate: 0.0009000000000000001
INFO:root:test_accuracy:
INFO:root:[33.003826530612244, 4.783163265306122, 74.58545918367348, 26.052295918367346, 34.72576530612245, 34.088010204081634, 53.92219387755102, 56.66454081632652, 72.32142857142857, 59.34311224489795, 65.14668367346938, 55.16581632653062, 33.5140306122449, 72.95918367346938, 61.224489795918366, 63.13775510204081, 63.807397959183675, 55.83545918367348, 76.05229591836735, 65.4655612244898, 73.05484693877551, 65.24234693877551, 45.63137755102041]
INFO:root:PCC_test:
INFO:root:[0.22539102471002342, 0.5344096727884864, 0.5518851827187867, 0.43842368092190975, 0.5193141083711854, 0.5824528587284784, 0.5931138000639797, 0.5988700208662782, 0.7122972902013789, 0.6813173960023672, 0.6316300206295924, 0.6107086759374614, 0.5635805504266593, 0.6465783192160484, 0.6917144344760813, 0.6488467558317229, 0.6718403776603719, 0.6457020978537507, 0.6691044415287479, 0.6321743796442638, 0.6676637774949779, 0.6697781639713601, 0.6374695597836759]
INFO:root:ICC_test:
INFO:root:[0.16359936962767835, 0.3331135639984829, 0.5054088072013708, 0.390119739648645, 0.47318569292139945, 0.5302341516318005, 0.5583070466198219, 0.5712958125096957, 0.6891358748092465, 0.6628892154678898, 0.6050728528945545, 0.5840645819979173, 0.5093526588465936, 0.6117470559464239, 0.669038538992076, 0.6252708843619967, 0.6480839112977997, 0.6228412395972278, 0.6318778281836291, 0.6046084459374722, 0.6372501580702241, 0.6455507122092898, 0.6028285851491664]
INFO:root:MAE_test:
INFO:root:[0.9891581632653061, 1.1559311224489797, 0.546875, 1.019451530612245, 0.876594387755102, 0.8501275510204082, 0.6798469387755102, 0.6536989795918368, 0.46970663265306123, 0.5841836734693877, 0.5746173469387755, 0.6600765306122449, 0.8625637755102041, 0.5066964285714286, 0.5650510204081632, 0.5774872448979592, 0.5577168367346939, 0.6383928571428571, 0.47512755102040816, 0.5714285714285714, 0.49330357142857145, 0.5513392857142857, 0.7222576530612245]
INFO:root:MMAE_test
INFO:root:[4.7, 4.0, 5.0, 4.25, 4.25, 3.3, 4.25, 4.25, 3.3, 2.95, 4.25, 4.25, 4.25, 4.55, 3.05, 4.25, 4.25, 4.0, 4.25, 4.25, 4.25, 3.55, 3.55]
INFO:root:weighted_fscore
INFO:root:[0.4207162928967439, 0.05037733551364367, 0.743794989276627, 0.35801265042644886, 0.46363572511924084, 0.46127352386521026, 0.6340012121057448, 0.6551826526815753, 0.7627397750279259, 0.6769281789119298, 0.709700596604643, 0.6430832440957954, 0.44843077493586697, 0.7531183181895983, 0.6948453925212712, 0.7008557812340815, 0.7061608683235714, 0.6508862373686297, 0.7695643046780424, 0.7107973788939234, 0.7568899199570633, 0.7148275418726893, 0.57224815916587]
INFO:root:PCC_s_val:
INFO:root:[0.7329996143460766, 0.8216515991368271, 0.8300262879162549, 0.8489758452560603, 0.8705335637469008, 0.8989076147714914, 0.8985172253910768, 0.9046113946476712, 0.9094765501298399, 0.9170034451945865, 0.9179253914289429, 0.926248228005124, 0.9281293455606636, 0.9243312078968566, 0.9353353172686346, 0.9378826713067822, 0.9361689390825286, 0.9376818345093112, 0.938923916040941, 0.9393890594229709, 0.939647456006834, 0.945776078442294, 0.9468877741559563]
INFO:root:PCC_t_val:
INFO:root:[0.08498841739689467, 0.4612525322702956, 0.5292456547595146, 0.3763834342965463, 0.5564498880872192, 0.5537940647629906, 0.549474684055637, 0.5323636498774867, 0.5629117880067487, 0.5350262267803471, 0.5516987824209136, 0.5232714209617493, 0.5464647467291854, 0.5380517353918489, 0.5654437506201928, 0.5410221149491876, 0.5662220207959782, 0.5741961966578291, 0.5923144365821997, 0.5480809800036985, 0.5487570723971975, 0.5590386657989945, 0.537883991795644]
INFO:root:ICC_val:
INFO:root:[0.6779840488853399, 0.7715283551221457, 0.7005309298486359, 0.8161835490459434, 0.8171772254903447, 0.869405636904486, 0.8597538451864691, 0.8912249738191782, 0.8841764686863414, 0.9000739701429998, 0.8872308832927756, 0.9073250457367863, 0.9172454057734652, 0.9120672174137083, 0.9184387334461223, 0.9186375498237933, 0.8948763372706445, 0.9206060857677394, 0.9198300119095494, 0.9128737835879309, 0.9149512062567465, 0.9282036544342757, 0.9369303587277523]
INFO:root:MAE_test:
INFO:root:[0.9891581632653061, 1.1559311224489797, 0.546875, 1.019451530612245, 0.876594387755102, 0.8501275510204082, 0.6798469387755102, 0.6536989795918368, 0.46970663265306123, 0.5841836734693877, 0.5746173469387755, 0.6600765306122449, 0.8625637755102041, 0.5066964285714286, 0.5650510204081632, 0.5774872448979592, 0.5577168367346939, 0.6383928571428571, 0.47512755102040816, 0.5714285714285714, 0.49330357142857145, 0.5513392857142857, 0.7222576530612245]
INFO:root:MMD_Valid:
INFO:root:[0, 0, 0, 0, 0, 0, 0, 0, 0, 0, 0, 0, 0, 0, 0, 0, 0, 0, 0, 0, 0, 0, 0]
INFO:root:MMD_train:
INFO:root:[0.0, 0.0, 0.0, 0.0, 0.0, 0.0, 0.0, 0.0, 0.0, 0.0, 0.0, 0.0, 0.0, 0.0, 0.0, 0.0, 0.0, 0.0, 0.0, 0.0, 0.0, 0.0, 0.0]
INFO:root:Training
INFO:root:
Epoch: 23
INFO:root:learning_rate: 0.0009000000000000001
INFO:root:test_accuracy:
INFO:root:[33.003826530612244, 4.783163265306122, 74.58545918367348, 26.052295918367346, 34.72576530612245, 34.088010204081634, 53.92219387755102, 56.66454081632652, 72.32142857142857, 59.34311224489795, 65.14668367346938, 55.16581632653062, 33.5140306122449, 72.95918367346938, 61.224489795918366, 63.13775510204081, 63.807397959183675, 55.83545918367348, 76.05229591836735, 65.4655612244898, 73.05484693877551, 65.24234693877551, 45.63137755102041, 58.32270408163265]
INFO:root:PCC_test:
INFO:root:[0.22539102471002342, 0.5344096727884864, 0.5518851827187867, 0.43842368092190975, 0.5193141083711854, 0.5824528587284784, 0.5931138000639797, 0.5988700208662782, 0.7122972902013789, 0.6813173960023672, 0.6316300206295924, 0.6107086759374614, 0.5635805504266593, 0.6465783192160484, 0.6917144344760813, 0.6488467558317229, 0.6718403776603719, 0.6457020978537507, 0.6691044415287479, 0.6321743796442638, 0.6676637774949779, 0.6697781639713601, 0.6374695597836759, 0.6704368863048681]
INFO:root:ICC_test:
INFO:root:[0.16359936962767835, 0.3331135639984829, 0.5054088072013708, 0.390119739648645, 0.47318569292139945, 0.5302341516318005, 0.5583070466198219, 0.5712958125096957, 0.6891358748092465, 0.6628892154678898, 0.6050728528945545, 0.5840645819979173, 0.5093526588465936, 0.6117470559464239, 0.669038538992076, 0.6252708843619967, 0.6480839112977997, 0.6228412395972278, 0.6318778281836291, 0.6046084459374722, 0.6372501580702241, 0.6455507122092898, 0.6028285851491664, 0.6442332940686852]
INFO:root:MAE_test:
INFO:root:[0.9891581632653061, 1.1559311224489797, 0.546875, 1.019451530612245, 0.876594387755102, 0.8501275510204082, 0.6798469387755102, 0.6536989795918368, 0.46970663265306123, 0.5841836734693877, 0.5746173469387755, 0.6600765306122449, 0.8625637755102041, 0.5066964285714286, 0.5650510204081632, 0.5774872448979592, 0.5577168367346939, 0.6383928571428571, 0.47512755102040816, 0.5714285714285714, 0.49330357142857145, 0.5513392857142857, 0.7222576530612245, 0.6017219387755102]
INFO:root:MMAE_test
INFO:root:[4.7, 4.0, 5.0, 4.25, 4.25, 3.3, 4.25, 4.25, 3.3, 2.95, 4.25, 4.25, 4.25, 4.55, 3.05, 4.25, 4.25, 4.0, 4.25, 4.25, 4.25, 3.55, 3.55, 3.55]
INFO:root:weighted_fscore
INFO:root:[0.4207162928967439, 0.05037733551364367, 0.743794989276627, 0.35801265042644886, 0.46363572511924084, 0.46127352386521026, 0.6340012121057448, 0.6551826526815753, 0.7627397750279259, 0.6769281789119298, 0.709700596604643, 0.6430832440957954, 0.44843077493586697, 0.7531183181895983, 0.6948453925212712, 0.7008557812340815, 0.7061608683235714, 0.6508862373686297, 0.7695643046780424, 0.7107973788939234, 0.7568899199570633, 0.7148275418726893, 0.57224815916587, 0.6737434438958658]
INFO:root:PCC_s_val:
INFO:root:[0.7329996143460766, 0.8216515991368271, 0.8300262879162549, 0.8489758452560603, 0.8705335637469008, 0.8989076147714914, 0.8985172253910768, 0.9046113946476712, 0.9094765501298399, 0.9170034451945865, 0.9179253914289429, 0.926248228005124, 0.9281293455606636, 0.9243312078968566, 0.9353353172686346, 0.9378826713067822, 0.9361689390825286, 0.9376818345093112, 0.938923916040941, 0.9393890594229709, 0.939647456006834, 0.945776078442294, 0.9468877741559563, 0.9455198350525009]
INFO:root:PCC_t_val:
INFO:root:[0.08498841739689467, 0.4612525322702956, 0.5292456547595146, 0.3763834342965463, 0.5564498880872192, 0.5537940647629906, 0.549474684055637, 0.5323636498774867, 0.5629117880067487, 0.5350262267803471, 0.5516987824209136, 0.5232714209617493, 0.5464647467291854, 0.5380517353918489, 0.5654437506201928, 0.5410221149491876, 0.5662220207959782, 0.5741961966578291, 0.5923144365821997, 0.5480809800036985, 0.5487570723971975, 0.5590386657989945, 0.537883991795644, 0.5368153318391929]
INFO:root:ICC_val:
INFO:root:[0.6779840488853399, 0.7715283551221457, 0.7005309298486359, 0.8161835490459434, 0.8171772254903447, 0.869405636904486, 0.8597538451864691, 0.8912249738191782, 0.8841764686863414, 0.9000739701429998, 0.8872308832927756, 0.9073250457367863, 0.9172454057734652, 0.9120672174137083, 0.9184387334461223, 0.9186375498237933, 0.8948763372706445, 0.9206060857677394, 0.9198300119095494, 0.9128737835879309, 0.9149512062567465, 0.9282036544342757, 0.9369303587277523, 0.9191969629108477]
INFO:root:MAE_test:
INFO:root:[0.9891581632653061, 1.1559311224489797, 0.546875, 1.019451530612245, 0.876594387755102, 0.8501275510204082, 0.6798469387755102, 0.6536989795918368, 0.46970663265306123, 0.5841836734693877, 0.5746173469387755, 0.6600765306122449, 0.8625637755102041, 0.5066964285714286, 0.5650510204081632, 0.5774872448979592, 0.5577168367346939, 0.6383928571428571, 0.47512755102040816, 0.5714285714285714, 0.49330357142857145, 0.5513392857142857, 0.7222576530612245, 0.6017219387755102]
INFO:root:MMD_Valid:
INFO:root:[0, 0, 0, 0, 0, 0, 0, 0, 0, 0, 0, 0, 0, 0, 0, 0, 0, 0, 0, 0, 0, 0, 0, 0]
INFO:root:MMD_train:
INFO:root:[0.0, 0.0, 0.0, 0.0, 0.0, 0.0, 0.0, 0.0, 0.0, 0.0, 0.0, 0.0, 0.0, 0.0, 0.0, 0.0, 0.0, 0.0, 0.0, 0.0, 0.0, 0.0, 0.0, 0.0]
INFO:root:Training
INFO:root:
Epoch: 24
INFO:root:learning_rate: 0.0009000000000000001
INFO:root:test_accuracy:
INFO:root:[33.003826530612244, 4.783163265306122, 74.58545918367348, 26.052295918367346, 34.72576530612245, 34.088010204081634, 53.92219387755102, 56.66454081632652, 72.32142857142857, 59.34311224489795, 65.14668367346938, 55.16581632653062, 33.5140306122449, 72.95918367346938, 61.224489795918366, 63.13775510204081, 63.807397959183675, 55.83545918367348, 76.05229591836735, 65.4655612244898, 73.05484693877551, 65.24234693877551, 45.63137755102041, 58.32270408163265, 60.7780612244898]
INFO:root:PCC_test:
INFO:root:[0.22539102471002342, 0.5344096727884864, 0.5518851827187867, 0.43842368092190975, 0.5193141083711854, 0.5824528587284784, 0.5931138000639797, 0.5988700208662782, 0.7122972902013789, 0.6813173960023672, 0.6316300206295924, 0.6107086759374614, 0.5635805504266593, 0.6465783192160484, 0.6917144344760813, 0.6488467558317229, 0.6718403776603719, 0.6457020978537507, 0.6691044415287479, 0.6321743796442638, 0.6676637774949779, 0.6697781639713601, 0.6374695597836759, 0.6704368863048681, 0.679604716440944]
INFO:root:ICC_test:
INFO:root:[0.16359936962767835, 0.3331135639984829, 0.5054088072013708, 0.390119739648645, 0.47318569292139945, 0.5302341516318005, 0.5583070466198219, 0.5712958125096957, 0.6891358748092465, 0.6628892154678898, 0.6050728528945545, 0.5840645819979173, 0.5093526588465936, 0.6117470559464239, 0.669038538992076, 0.6252708843619967, 0.6480839112977997, 0.6228412395972278, 0.6318778281836291, 0.6046084459374722, 0.6372501580702241, 0.6455507122092898, 0.6028285851491664, 0.6442332940686852, 0.6559753219090695]
INFO:root:MAE_test:
INFO:root:[0.9891581632653061, 1.1559311224489797, 0.546875, 1.019451530612245, 0.876594387755102, 0.8501275510204082, 0.6798469387755102, 0.6536989795918368, 0.46970663265306123, 0.5841836734693877, 0.5746173469387755, 0.6600765306122449, 0.8625637755102041, 0.5066964285714286, 0.5650510204081632, 0.5774872448979592, 0.5577168367346939, 0.6383928571428571, 0.47512755102040816, 0.5714285714285714, 0.49330357142857145, 0.5513392857142857, 0.7222576530612245, 0.6017219387755102, 0.5755739795918368]
INFO:root:MMAE_test
INFO:root:[4.7, 4.0, 5.0, 4.25, 4.25, 3.3, 4.25, 4.25, 3.3, 2.95, 4.25, 4.25, 4.25, 4.55, 3.05, 4.25, 4.25, 4.0, 4.25, 4.25, 4.25, 3.55, 3.55, 3.55, 3.55]
INFO:root:weighted_fscore
INFO:root:[0.4207162928967439, 0.05037733551364367, 0.743794989276627, 0.35801265042644886, 0.46363572511924084, 0.46127352386521026, 0.6340012121057448, 0.6551826526815753, 0.7627397750279259, 0.6769281789119298, 0.709700596604643, 0.6430832440957954, 0.44843077493586697, 0.7531183181895983, 0.6948453925212712, 0.7008557812340815, 0.7061608683235714, 0.6508862373686297, 0.7695643046780424, 0.7107973788939234, 0.7568899199570633, 0.7148275418726893, 0.57224815916587, 0.6737434438958658, 0.6919400556341293]
INFO:root:PCC_s_val:
INFO:root:[0.7329996143460766, 0.8216515991368271, 0.8300262879162549, 0.8489758452560603, 0.8705335637469008, 0.8989076147714914, 0.8985172253910768, 0.9046113946476712, 0.9094765501298399, 0.9170034451945865, 0.9179253914289429, 0.926248228005124, 0.9281293455606636, 0.9243312078968566, 0.9353353172686346, 0.9378826713067822, 0.9361689390825286, 0.9376818345093112, 0.938923916040941, 0.9393890594229709, 0.939647456006834, 0.945776078442294, 0.9468877741559563, 0.9455198350525009, 0.9455949509887761]
INFO:root:PCC_t_val:
INFO:root:[0.08498841739689467, 0.4612525322702956, 0.5292456547595146, 0.3763834342965463, 0.5564498880872192, 0.5537940647629906, 0.549474684055637, 0.5323636498774867, 0.5629117880067487, 0.5350262267803471, 0.5516987824209136, 0.5232714209617493, 0.5464647467291854, 0.5380517353918489, 0.5654437506201928, 0.5410221149491876, 0.5662220207959782, 0.5741961966578291, 0.5923144365821997, 0.5480809800036985, 0.5487570723971975, 0.5590386657989945, 0.537883991795644, 0.5368153318391929, 0.541358763375608]
INFO:root:ICC_val:
INFO:root:[0.6779840488853399, 0.7715283551221457, 0.7005309298486359, 0.8161835490459434, 0.8171772254903447, 0.869405636904486, 0.8597538451864691, 0.8912249738191782, 0.8841764686863414, 0.9000739701429998, 0.8872308832927756, 0.9073250457367863, 0.9172454057734652, 0.9120672174137083, 0.9184387334461223, 0.9186375498237933, 0.8948763372706445, 0.9206060857677394, 0.9198300119095494, 0.9128737835879309, 0.9149512062567465, 0.9282036544342757, 0.9369303587277523, 0.9191969629108477, 0.9169326059840904]
INFO:root:MAE_test:
INFO:root:[0.9891581632653061, 1.1559311224489797, 0.546875, 1.019451530612245, 0.876594387755102, 0.8501275510204082, 0.6798469387755102, 0.6536989795918368, 0.46970663265306123, 0.5841836734693877, 0.5746173469387755, 0.6600765306122449, 0.8625637755102041, 0.5066964285714286, 0.5650510204081632, 0.5774872448979592, 0.5577168367346939, 0.6383928571428571, 0.47512755102040816, 0.5714285714285714, 0.49330357142857145, 0.5513392857142857, 0.7222576530612245, 0.6017219387755102, 0.5755739795918368]
INFO:root:MMD_Valid:
INFO:root:[0, 0, 0, 0, 0, 0, 0, 0, 0, 0, 0, 0, 0, 0, 0, 0, 0, 0, 0, 0, 0, 0, 0, 0, 0]
INFO:root:MMD_train:
INFO:root:[0.0, 0.0, 0.0, 0.0, 0.0, 0.0, 0.0, 0.0, 0.0, 0.0, 0.0, 0.0, 0.0, 0.0, 0.0, 0.0, 0.0, 0.0, 0.0, 0.0, 0.0, 0.0, 0.0, 0.0, 0.0]
INFO:root:Training
INFO:root:
Epoch: 25
INFO:root:learning_rate: 0.0008100000000000001
INFO:root:test_accuracy:
INFO:root:[33.003826530612244, 4.783163265306122, 74.58545918367348, 26.052295918367346, 34.72576530612245, 34.088010204081634, 53.92219387755102, 56.66454081632652, 72.32142857142857, 59.34311224489795, 65.14668367346938, 55.16581632653062, 33.5140306122449, 72.95918367346938, 61.224489795918366, 63.13775510204081, 63.807397959183675, 55.83545918367348, 76.05229591836735, 65.4655612244898, 73.05484693877551, 65.24234693877551, 45.63137755102041, 58.32270408163265, 60.7780612244898, 60.7780612244898]
INFO:root:PCC_test:
INFO:root:[0.22539102471002342, 0.5344096727884864, 0.5518851827187867, 0.43842368092190975, 0.5193141083711854, 0.5824528587284784, 0.5931138000639797, 0.5988700208662782, 0.7122972902013789, 0.6813173960023672, 0.6316300206295924, 0.6107086759374614, 0.5635805504266593, 0.6465783192160484, 0.6917144344760813, 0.6488467558317229, 0.6718403776603719, 0.6457020978537507, 0.6691044415287479, 0.6321743796442638, 0.6676637774949779, 0.6697781639713601, 0.6374695597836759, 0.6704368863048681, 0.679604716440944, 0.6518640471812025]
INFO:root:ICC_test:
INFO:root:[0.16359936962767835, 0.3331135639984829, 0.5054088072013708, 0.390119739648645, 0.47318569292139945, 0.5302341516318005, 0.5583070466198219, 0.5712958125096957, 0.6891358748092465, 0.6628892154678898, 0.6050728528945545, 0.5840645819979173, 0.5093526588465936, 0.6117470559464239, 0.669038538992076, 0.6252708843619967, 0.6480839112977997, 0.6228412395972278, 0.6318778281836291, 0.6046084459374722, 0.6372501580702241, 0.6455507122092898, 0.6028285851491664, 0.6442332940686852, 0.6559753219090695, 0.626427328905794]
INFO:root:MAE_test:
INFO:root:[0.9891581632653061, 1.1559311224489797, 0.546875, 1.019451530612245, 0.876594387755102, 0.8501275510204082, 0.6798469387755102, 0.6536989795918368, 0.46970663265306123, 0.5841836734693877, 0.5746173469387755, 0.6600765306122449, 0.8625637755102041, 0.5066964285714286, 0.5650510204081632, 0.5774872448979592, 0.5577168367346939, 0.6383928571428571, 0.47512755102040816, 0.5714285714285714, 0.49330357142857145, 0.5513392857142857, 0.7222576530612245, 0.6017219387755102, 0.5755739795918368, 0.5905612244897959]
INFO:root:MMAE_test
INFO:root:[4.7, 4.0, 5.0, 4.25, 4.25, 3.3, 4.25, 4.25, 3.3, 2.95, 4.25, 4.25, 4.25, 4.55, 3.05, 4.25, 4.25, 4.0, 4.25, 4.25, 4.25, 3.55, 3.55, 3.55, 3.55, 4.25]
INFO:root:weighted_fscore
INFO:root:[0.4207162928967439, 0.05037733551364367, 0.743794989276627, 0.35801265042644886, 0.46363572511924084, 0.46127352386521026, 0.6340012121057448, 0.6551826526815753, 0.7627397750279259, 0.6769281789119298, 0.709700596604643, 0.6430832440957954, 0.44843077493586697, 0.7531183181895983, 0.6948453925212712, 0.7008557812340815, 0.7061608683235714, 0.6508862373686297, 0.7695643046780424, 0.7107973788939234, 0.7568899199570633, 0.7148275418726893, 0.57224815916587, 0.6737434438958658, 0.6919400556341293, 0.6884881580242567]
INFO:root:PCC_s_val:
INFO:root:[0.7329996143460766, 0.8216515991368271, 0.8300262879162549, 0.8489758452560603, 0.8705335637469008, 0.8989076147714914, 0.8985172253910768, 0.9046113946476712, 0.9094765501298399, 0.9170034451945865, 0.9179253914289429, 0.926248228005124, 0.9281293455606636, 0.9243312078968566, 0.9353353172686346, 0.9378826713067822, 0.9361689390825286, 0.9376818345093112, 0.938923916040941, 0.9393890594229709, 0.939647456006834, 0.945776078442294, 0.9468877741559563, 0.9455198350525009, 0.9455949509887761, 0.9477831979023101]
INFO:root:PCC_t_val:
INFO:root:[0.08498841739689467, 0.4612525322702956, 0.5292456547595146, 0.3763834342965463, 0.5564498880872192, 0.5537940647629906, 0.549474684055637, 0.5323636498774867, 0.5629117880067487, 0.5350262267803471, 0.5516987824209136, 0.5232714209617493, 0.5464647467291854, 0.5380517353918489, 0.5654437506201928, 0.5410221149491876, 0.5662220207959782, 0.5741961966578291, 0.5923144365821997, 0.5480809800036985, 0.5487570723971975, 0.5590386657989945, 0.537883991795644, 0.5368153318391929, 0.541358763375608, 0.5304354144519164]
INFO:root:ICC_val:
INFO:root:[0.6779840488853399, 0.7715283551221457, 0.7005309298486359, 0.8161835490459434, 0.8171772254903447, 0.869405636904486, 0.8597538451864691, 0.8912249738191782, 0.8841764686863414, 0.9000739701429998, 0.8872308832927756, 0.9073250457367863, 0.9172454057734652, 0.9120672174137083, 0.9184387334461223, 0.9186375498237933, 0.8948763372706445, 0.9206060857677394, 0.9198300119095494, 0.9128737835879309, 0.9149512062567465, 0.9282036544342757, 0.9369303587277523, 0.9191969629108477, 0.9169326059840904, 0.9211176584656628]
INFO:root:MAE_test:
INFO:root:[0.9891581632653061, 1.1559311224489797, 0.546875, 1.019451530612245, 0.876594387755102, 0.8501275510204082, 0.6798469387755102, 0.6536989795918368, 0.46970663265306123, 0.5841836734693877, 0.5746173469387755, 0.6600765306122449, 0.8625637755102041, 0.5066964285714286, 0.5650510204081632, 0.5774872448979592, 0.5577168367346939, 0.6383928571428571, 0.47512755102040816, 0.5714285714285714, 0.49330357142857145, 0.5513392857142857, 0.7222576530612245, 0.6017219387755102, 0.5755739795918368, 0.5905612244897959]
INFO:root:MMD_Valid:
INFO:root:[0, 0, 0, 0, 0, 0, 0, 0, 0, 0, 0, 0, 0, 0, 0, 0, 0, 0, 0, 0, 0, 0, 0, 0, 0, 0]
INFO:root:MMD_train:
INFO:root:[0.0, 0.0, 0.0, 0.0, 0.0, 0.0, 0.0, 0.0, 0.0, 0.0, 0.0, 0.0, 0.0, 0.0, 0.0, 0.0, 0.0, 0.0, 0.0, 0.0, 0.0, 0.0, 0.0, 0.0, 0.0, 0.0]
INFO:root:Training
INFO:root:
Epoch: 26
INFO:root:learning_rate: 0.0008100000000000001
INFO:root:test_accuracy:
INFO:root:[33.003826530612244, 4.783163265306122, 74.58545918367348, 26.052295918367346, 34.72576530612245, 34.088010204081634, 53.92219387755102, 56.66454081632652, 72.32142857142857, 59.34311224489795, 65.14668367346938, 55.16581632653062, 33.5140306122449, 72.95918367346938, 61.224489795918366, 63.13775510204081, 63.807397959183675, 55.83545918367348, 76.05229591836735, 65.4655612244898, 73.05484693877551, 65.24234693877551, 45.63137755102041, 58.32270408163265, 60.7780612244898, 60.7780612244898, 62.818877551020414]
INFO:root:PCC_test:
INFO:root:[0.22539102471002342, 0.5344096727884864, 0.5518851827187867, 0.43842368092190975, 0.5193141083711854, 0.5824528587284784, 0.5931138000639797, 0.5988700208662782, 0.7122972902013789, 0.6813173960023672, 0.6316300206295924, 0.6107086759374614, 0.5635805504266593, 0.6465783192160484, 0.6917144344760813, 0.6488467558317229, 0.6718403776603719, 0.6457020978537507, 0.6691044415287479, 0.6321743796442638, 0.6676637774949779, 0.6697781639713601, 0.6374695597836759, 0.6704368863048681, 0.679604716440944, 0.6518640471812025, 0.6920801845845397]
INFO:root:ICC_test:
INFO:root:[0.16359936962767835, 0.3331135639984829, 0.5054088072013708, 0.390119739648645, 0.47318569292139945, 0.5302341516318005, 0.5583070466198219, 0.5712958125096957, 0.6891358748092465, 0.6628892154678898, 0.6050728528945545, 0.5840645819979173, 0.5093526588465936, 0.6117470559464239, 0.669038538992076, 0.6252708843619967, 0.6480839112977997, 0.6228412395972278, 0.6318778281836291, 0.6046084459374722, 0.6372501580702241, 0.6455507122092898, 0.6028285851491664, 0.6442332940686852, 0.6559753219090695, 0.626427328905794, 0.6703118147809469]
INFO:root:MAE_test:
INFO:root:[0.9891581632653061, 1.1559311224489797, 0.546875, 1.019451530612245, 0.876594387755102, 0.8501275510204082, 0.6798469387755102, 0.6536989795918368, 0.46970663265306123, 0.5841836734693877, 0.5746173469387755, 0.6600765306122449, 0.8625637755102041, 0.5066964285714286, 0.5650510204081632, 0.5774872448979592, 0.5577168367346939, 0.6383928571428571, 0.47512755102040816, 0.5714285714285714, 0.49330357142857145, 0.5513392857142857, 0.7222576530612245, 0.6017219387755102, 0.5755739795918368, 0.5905612244897959, 0.5503826530612245]
INFO:root:MMAE_test
INFO:root:[4.7, 4.0, 5.0, 4.25, 4.25, 3.3, 4.25, 4.25, 3.3, 2.95, 4.25, 4.25, 4.25, 4.55, 3.05, 4.25, 4.25, 4.0, 4.25, 4.25, 4.25, 3.55, 3.55, 3.55, 3.55, 4.25, 3.55]
INFO:root:weighted_fscore
INFO:root:[0.4207162928967439, 0.05037733551364367, 0.743794989276627, 0.35801265042644886, 0.46363572511924084, 0.46127352386521026, 0.6340012121057448, 0.6551826526815753, 0.7627397750279259, 0.6769281789119298, 0.709700596604643, 0.6430832440957954, 0.44843077493586697, 0.7531183181895983, 0.6948453925212712, 0.7008557812340815, 0.7061608683235714, 0.6508862373686297, 0.7695643046780424, 0.7107973788939234, 0.7568899199570633, 0.7148275418726893, 0.57224815916587, 0.6737434438958658, 0.6919400556341293, 0.6884881580242567, 0.707255958461134]
INFO:root:PCC_s_val:
INFO:root:[0.7329996143460766, 0.8216515991368271, 0.8300262879162549, 0.8489758452560603, 0.8705335637469008, 0.8989076147714914, 0.8985172253910768, 0.9046113946476712, 0.9094765501298399, 0.9170034451945865, 0.9179253914289429, 0.926248228005124, 0.9281293455606636, 0.9243312078968566, 0.9353353172686346, 0.9378826713067822, 0.9361689390825286, 0.9376818345093112, 0.938923916040941, 0.9393890594229709, 0.939647456006834, 0.945776078442294, 0.9468877741559563, 0.9455198350525009, 0.9455949509887761, 0.9477831979023101, 0.9489444100657248]
INFO:root:PCC_t_val:
INFO:root:[0.08498841739689467, 0.4612525322702956, 0.5292456547595146, 0.3763834342965463, 0.5564498880872192, 0.5537940647629906, 0.549474684055637, 0.5323636498774867, 0.5629117880067487, 0.5350262267803471, 0.5516987824209136, 0.5232714209617493, 0.5464647467291854, 0.5380517353918489, 0.5654437506201928, 0.5410221149491876, 0.5662220207959782, 0.5741961966578291, 0.5923144365821997, 0.5480809800036985, 0.5487570723971975, 0.5590386657989945, 0.537883991795644, 0.5368153318391929, 0.541358763375608, 0.5304354144519164, 0.5487480132702158]
INFO:root:ICC_val:
INFO:root:[0.6779840488853399, 0.7715283551221457, 0.7005309298486359, 0.8161835490459434, 0.8171772254903447, 0.869405636904486, 0.8597538451864691, 0.8912249738191782, 0.8841764686863414, 0.9000739701429998, 0.8872308832927756, 0.9073250457367863, 0.9172454057734652, 0.9120672174137083, 0.9184387334461223, 0.9186375498237933, 0.8948763372706445, 0.9206060857677394, 0.9198300119095494, 0.9128737835879309, 0.9149512062567465, 0.9282036544342757, 0.9369303587277523, 0.9191969629108477, 0.9169326059840904, 0.9211176584656628, 0.9261264526191796]
INFO:root:MAE_test:
INFO:root:[0.9891581632653061, 1.1559311224489797, 0.546875, 1.019451530612245, 0.876594387755102, 0.8501275510204082, 0.6798469387755102, 0.6536989795918368, 0.46970663265306123, 0.5841836734693877, 0.5746173469387755, 0.6600765306122449, 0.8625637755102041, 0.5066964285714286, 0.5650510204081632, 0.5774872448979592, 0.5577168367346939, 0.6383928571428571, 0.47512755102040816, 0.5714285714285714, 0.49330357142857145, 0.5513392857142857, 0.7222576530612245, 0.6017219387755102, 0.5755739795918368, 0.5905612244897959, 0.5503826530612245]
INFO:root:MMD_Valid:
INFO:root:[0, 0, 0, 0, 0, 0, 0, 0, 0, 0, 0, 0, 0, 0, 0, 0, 0, 0, 0, 0, 0, 0, 0, 0, 0, 0, 0]
INFO:root:MMD_train:
INFO:root:[0.0, 0.0, 0.0, 0.0, 0.0, 0.0, 0.0, 0.0, 0.0, 0.0, 0.0, 0.0, 0.0, 0.0, 0.0, 0.0, 0.0, 0.0, 0.0, 0.0, 0.0, 0.0, 0.0, 0.0, 0.0, 0.0, 0.0]
INFO:root:Training
INFO:root:
Epoch: 27
INFO:root:learning_rate: 0.0008100000000000001
INFO:root:test_accuracy:
INFO:root:[33.003826530612244, 4.783163265306122, 74.58545918367348, 26.052295918367346, 34.72576530612245, 34.088010204081634, 53.92219387755102, 56.66454081632652, 72.32142857142857, 59.34311224489795, 65.14668367346938, 55.16581632653062, 33.5140306122449, 72.95918367346938, 61.224489795918366, 63.13775510204081, 63.807397959183675, 55.83545918367348, 76.05229591836735, 65.4655612244898, 73.05484693877551, 65.24234693877551, 45.63137755102041, 58.32270408163265, 60.7780612244898, 60.7780612244898, 62.818877551020414, 72.0344387755102]
INFO:root:PCC_test:
INFO:root:[0.22539102471002342, 0.5344096727884864, 0.5518851827187867, 0.43842368092190975, 0.5193141083711854, 0.5824528587284784, 0.5931138000639797, 0.5988700208662782, 0.7122972902013789, 0.6813173960023672, 0.6316300206295924, 0.6107086759374614, 0.5635805504266593, 0.6465783192160484, 0.6917144344760813, 0.6488467558317229, 0.6718403776603719, 0.6457020978537507, 0.6691044415287479, 0.6321743796442638, 0.6676637774949779, 0.6697781639713601, 0.6374695597836759, 0.6704368863048681, 0.679604716440944, 0.6518640471812025, 0.6920801845845397, 0.6838138669065925]
INFO:root:ICC_test:
INFO:root:[0.16359936962767835, 0.3331135639984829, 0.5054088072013708, 0.390119739648645, 0.47318569292139945, 0.5302341516318005, 0.5583070466198219, 0.5712958125096957, 0.6891358748092465, 0.6628892154678898, 0.6050728528945545, 0.5840645819979173, 0.5093526588465936, 0.6117470559464239, 0.669038538992076, 0.6252708843619967, 0.6480839112977997, 0.6228412395972278, 0.6318778281836291, 0.6046084459374722, 0.6372501580702241, 0.6455507122092898, 0.6028285851491664, 0.6442332940686852, 0.6559753219090695, 0.626427328905794, 0.6703118147809469, 0.6536969738725256]
INFO:root:MAE_test:
INFO:root:[0.9891581632653061, 1.1559311224489797, 0.546875, 1.019451530612245, 0.876594387755102, 0.8501275510204082, 0.6798469387755102, 0.6536989795918368, 0.46970663265306123, 0.5841836734693877, 0.5746173469387755, 0.6600765306122449, 0.8625637755102041, 0.5066964285714286, 0.5650510204081632, 0.5774872448979592, 0.5577168367346939, 0.6383928571428571, 0.47512755102040816, 0.5714285714285714, 0.49330357142857145, 0.5513392857142857, 0.7222576530612245, 0.6017219387755102, 0.5755739795918368, 0.5905612244897959, 0.5503826530612245, 0.49043367346938777]
INFO:root:MMAE_test
INFO:root:[4.7, 4.0, 5.0, 4.25, 4.25, 3.3, 4.25, 4.25, 3.3, 2.95, 4.25, 4.25, 4.25, 4.55, 3.05, 4.25, 4.25, 4.0, 4.25, 4.25, 4.25, 3.55, 3.55, 3.55, 3.55, 4.25, 3.55, 4.25]
INFO:root:weighted_fscore
INFO:root:[0.4207162928967439, 0.05037733551364367, 0.743794989276627, 0.35801265042644886, 0.46363572511924084, 0.46127352386521026, 0.6340012121057448, 0.6551826526815753, 0.7627397750279259, 0.6769281789119298, 0.709700596604643, 0.6430832440957954, 0.44843077493586697, 0.7531183181895983, 0.6948453925212712, 0.7008557812340815, 0.7061608683235714, 0.6508862373686297, 0.7695643046780424, 0.7107973788939234, 0.7568899199570633, 0.7148275418726893, 0.57224815916587, 0.6737434438958658, 0.6919400556341293, 0.6884881580242567, 0.707255958461134, 0.7555495177013909]
INFO:root:PCC_s_val:
INFO:root:[0.7329996143460766, 0.8216515991368271, 0.8300262879162549, 0.8489758452560603, 0.8705335637469008, 0.8989076147714914, 0.8985172253910768, 0.9046113946476712, 0.9094765501298399, 0.9170034451945865, 0.9179253914289429, 0.926248228005124, 0.9281293455606636, 0.9243312078968566, 0.9353353172686346, 0.9378826713067822, 0.9361689390825286, 0.9376818345093112, 0.938923916040941, 0.9393890594229709, 0.939647456006834, 0.945776078442294, 0.9468877741559563, 0.9455198350525009, 0.9455949509887761, 0.9477831979023101, 0.9489444100657248, 0.9478747231699594]
INFO:root:PCC_t_val:
INFO:root:[0.08498841739689467, 0.4612525322702956, 0.5292456547595146, 0.3763834342965463, 0.5564498880872192, 0.5537940647629906, 0.549474684055637, 0.5323636498774867, 0.5629117880067487, 0.5350262267803471, 0.5516987824209136, 0.5232714209617493, 0.5464647467291854, 0.5380517353918489, 0.5654437506201928, 0.5410221149491876, 0.5662220207959782, 0.5741961966578291, 0.5923144365821997, 0.5480809800036985, 0.5487570723971975, 0.5590386657989945, 0.537883991795644, 0.5368153318391929, 0.541358763375608, 0.5304354144519164, 0.5487480132702158, 0.545509555406851]
INFO:root:ICC_val:
INFO:root:[0.6779840488853399, 0.7715283551221457, 0.7005309298486359, 0.8161835490459434, 0.8171772254903447, 0.869405636904486, 0.8597538451864691, 0.8912249738191782, 0.8841764686863414, 0.9000739701429998, 0.8872308832927756, 0.9073250457367863, 0.9172454057734652, 0.9120672174137083, 0.9184387334461223, 0.9186375498237933, 0.8948763372706445, 0.9206060857677394, 0.9198300119095494, 0.9128737835879309, 0.9149512062567465, 0.9282036544342757, 0.9369303587277523, 0.9191969629108477, 0.9169326059840904, 0.9211176584656628, 0.9261264526191796, 0.928410756913423]
INFO:root:MAE_test:
INFO:root:[0.9891581632653061, 1.1559311224489797, 0.546875, 1.019451530612245, 0.876594387755102, 0.8501275510204082, 0.6798469387755102, 0.6536989795918368, 0.46970663265306123, 0.5841836734693877, 0.5746173469387755, 0.6600765306122449, 0.8625637755102041, 0.5066964285714286, 0.5650510204081632, 0.5774872448979592, 0.5577168367346939, 0.6383928571428571, 0.47512755102040816, 0.5714285714285714, 0.49330357142857145, 0.5513392857142857, 0.7222576530612245, 0.6017219387755102, 0.5755739795918368, 0.5905612244897959, 0.5503826530612245, 0.49043367346938777]
INFO:root:MMD_Valid:
INFO:root:[0, 0, 0, 0, 0, 0, 0, 0, 0, 0, 0, 0, 0, 0, 0, 0, 0, 0, 0, 0, 0, 0, 0, 0, 0, 0, 0, 0]
INFO:root:MMD_train:
INFO:root:[0.0, 0.0, 0.0, 0.0, 0.0, 0.0, 0.0, 0.0, 0.0, 0.0, 0.0, 0.0, 0.0, 0.0, 0.0, 0.0, 0.0, 0.0, 0.0, 0.0, 0.0, 0.0, 0.0, 0.0, 0.0, 0.0, 0.0, 0.0]
INFO:root:Training
INFO:root:
Epoch: 28
INFO:root:learning_rate: 0.0008100000000000001
INFO:root:test_accuracy:
INFO:root:[33.003826530612244, 4.783163265306122, 74.58545918367348, 26.052295918367346, 34.72576530612245, 34.088010204081634, 53.92219387755102, 56.66454081632652, 72.32142857142857, 59.34311224489795, 65.14668367346938, 55.16581632653062, 33.5140306122449, 72.95918367346938, 61.224489795918366, 63.13775510204081, 63.807397959183675, 55.83545918367348, 76.05229591836735, 65.4655612244898, 73.05484693877551, 65.24234693877551, 45.63137755102041, 58.32270408163265, 60.7780612244898, 60.7780612244898, 62.818877551020414, 72.0344387755102, 61.766581632653065]
INFO:root:PCC_test:
INFO:root:[0.22539102471002342, 0.5344096727884864, 0.5518851827187867, 0.43842368092190975, 0.5193141083711854, 0.5824528587284784, 0.5931138000639797, 0.5988700208662782, 0.7122972902013789, 0.6813173960023672, 0.6316300206295924, 0.6107086759374614, 0.5635805504266593, 0.6465783192160484, 0.6917144344760813, 0.6488467558317229, 0.6718403776603719, 0.6457020978537507, 0.6691044415287479, 0.6321743796442638, 0.6676637774949779, 0.6697781639713601, 0.6374695597836759, 0.6704368863048681, 0.679604716440944, 0.6518640471812025, 0.6920801845845397, 0.6838138669065925, 0.6680144453382368]
INFO:root:ICC_test:
INFO:root:[0.16359936962767835, 0.3331135639984829, 0.5054088072013708, 0.390119739648645, 0.47318569292139945, 0.5302341516318005, 0.5583070466198219, 0.5712958125096957, 0.6891358748092465, 0.6628892154678898, 0.6050728528945545, 0.5840645819979173, 0.5093526588465936, 0.6117470559464239, 0.669038538992076, 0.6252708843619967, 0.6480839112977997, 0.6228412395972278, 0.6318778281836291, 0.6046084459374722, 0.6372501580702241, 0.6455507122092898, 0.6028285851491664, 0.6442332940686852, 0.6559753219090695, 0.626427328905794, 0.6703118147809469, 0.6536969738725256, 0.6443123475631539]
INFO:root:MAE_test:
INFO:root:[0.9891581632653061, 1.1559311224489797, 0.546875, 1.019451530612245, 0.876594387755102, 0.8501275510204082, 0.6798469387755102, 0.6536989795918368, 0.46970663265306123, 0.5841836734693877, 0.5746173469387755, 0.6600765306122449, 0.8625637755102041, 0.5066964285714286, 0.5650510204081632, 0.5774872448979592, 0.5577168367346939, 0.6383928571428571, 0.47512755102040816, 0.5714285714285714, 0.49330357142857145, 0.5513392857142857, 0.7222576530612245, 0.6017219387755102, 0.5755739795918368, 0.5905612244897959, 0.5503826530612245, 0.49043367346938777, 0.5730229591836735]
INFO:root:MMAE_test
INFO:root:[4.7, 4.0, 5.0, 4.25, 4.25, 3.3, 4.25, 4.25, 3.3, 2.95, 4.25, 4.25, 4.25, 4.55, 3.05, 4.25, 4.25, 4.0, 4.25, 4.25, 4.25, 3.55, 3.55, 3.55, 3.55, 4.25, 3.55, 4.25, 4.0]
INFO:root:weighted_fscore
INFO:root:[0.4207162928967439, 0.05037733551364367, 0.743794989276627, 0.35801265042644886, 0.46363572511924084, 0.46127352386521026, 0.6340012121057448, 0.6551826526815753, 0.7627397750279259, 0.6769281789119298, 0.709700596604643, 0.6430832440957954, 0.44843077493586697, 0.7531183181895983, 0.6948453925212712, 0.7008557812340815, 0.7061608683235714, 0.6508862373686297, 0.7695643046780424, 0.7107973788939234, 0.7568899199570633, 0.7148275418726893, 0.57224815916587, 0.6737434438958658, 0.6919400556341293, 0.6884881580242567, 0.707255958461134, 0.7555495177013909, 0.698165154434767]
INFO:root:PCC_s_val:
INFO:root:[0.7329996143460766, 0.8216515991368271, 0.8300262879162549, 0.8489758452560603, 0.8705335637469008, 0.8989076147714914, 0.8985172253910768, 0.9046113946476712, 0.9094765501298399, 0.9170034451945865, 0.9179253914289429, 0.926248228005124, 0.9281293455606636, 0.9243312078968566, 0.9353353172686346, 0.9378826713067822, 0.9361689390825286, 0.9376818345093112, 0.938923916040941, 0.9393890594229709, 0.939647456006834, 0.945776078442294, 0.9468877741559563, 0.9455198350525009, 0.9455949509887761, 0.9477831979023101, 0.9489444100657248, 0.9478747231699594, 0.9504322718530481]
INFO:root:PCC_t_val:
INFO:root:[0.08498841739689467, 0.4612525322702956, 0.5292456547595146, 0.3763834342965463, 0.5564498880872192, 0.5537940647629906, 0.549474684055637, 0.5323636498774867, 0.5629117880067487, 0.5350262267803471, 0.5516987824209136, 0.5232714209617493, 0.5464647467291854, 0.5380517353918489, 0.5654437506201928, 0.5410221149491876, 0.5662220207959782, 0.5741961966578291, 0.5923144365821997, 0.5480809800036985, 0.5487570723971975, 0.5590386657989945, 0.537883991795644, 0.5368153318391929, 0.541358763375608, 0.5304354144519164, 0.5487480132702158, 0.545509555406851, 0.5692414287610182]
INFO:root:ICC_val:
INFO:root:[0.6779840488853399, 0.7715283551221457, 0.7005309298486359, 0.8161835490459434, 0.8171772254903447, 0.869405636904486, 0.8597538451864691, 0.8912249738191782, 0.8841764686863414, 0.9000739701429998, 0.8872308832927756, 0.9073250457367863, 0.9172454057734652, 0.9120672174137083, 0.9184387334461223, 0.9186375498237933, 0.8948763372706445, 0.9206060857677394, 0.9198300119095494, 0.9128737835879309, 0.9149512062567465, 0.9282036544342757, 0.9369303587277523, 0.9191969629108477, 0.9169326059840904, 0.9211176584656628, 0.9261264526191796, 0.928410756913423, 0.9427150738513983]
INFO:root:MAE_test:
INFO:root:[0.9891581632653061, 1.1559311224489797, 0.546875, 1.019451530612245, 0.876594387755102, 0.8501275510204082, 0.6798469387755102, 0.6536989795918368, 0.46970663265306123, 0.5841836734693877, 0.5746173469387755, 0.6600765306122449, 0.8625637755102041, 0.5066964285714286, 0.5650510204081632, 0.5774872448979592, 0.5577168367346939, 0.6383928571428571, 0.47512755102040816, 0.5714285714285714, 0.49330357142857145, 0.5513392857142857, 0.7222576530612245, 0.6017219387755102, 0.5755739795918368, 0.5905612244897959, 0.5503826530612245, 0.49043367346938777, 0.5730229591836735]
INFO:root:MMD_Valid:
INFO:root:[0, 0, 0, 0, 0, 0, 0, 0, 0, 0, 0, 0, 0, 0, 0, 0, 0, 0, 0, 0, 0, 0, 0, 0, 0, 0, 0, 0, 0]
INFO:root:MMD_train:
INFO:root:[0.0, 0.0, 0.0, 0.0, 0.0, 0.0, 0.0, 0.0, 0.0, 0.0, 0.0, 0.0, 0.0, 0.0, 0.0, 0.0, 0.0, 0.0, 0.0, 0.0, 0.0, 0.0, 0.0, 0.0, 0.0, 0.0, 0.0, 0.0, 0.0]
INFO:root:Training
INFO:root:
Epoch: 29
INFO:root:learning_rate: 0.0008100000000000001
