INFO:root:Subject16
INFO:root:Loading source train data
INFO:root:Batch Size:4
INFO:root:Stride:12
INFO:root:Num of source train videos :18
INFO:root:Num of source train sequences :6997
INFO:root:The number of source training batches = 1380
INFO:root:Loading target train data
INFO:root:Batch Size:2
INFO:root:Stride:8
INFO:root:Num of training videos :112
INFO:root:Num of target train sequences :2760
INFO:root:The number of target training batches = 1380
INFO:root:Loading source val data
INFO:root:The number of source validation batches = 185
INFO:root:Loading target val data
INFO:root:Batch Size:8
INFO:root:Stride:8
INFO:root:Num of target val videos :72
INFO:root:Num of target val sequences :1448
INFO:root:The number of target validation batches = 181
INFO:root:Loading target test data
INFO:root:Batch Size:1
INFO:root:Stride:64
INFO:root:Loading Test data
INFO:root:Num of test sequences :49
INFO:root:The number of target test batches = 49
INFO:root:Training
INFO:root:
Epoch: 0
INFO:root:learning_rate: 0.001
INFO:root:test_accuracy:
INFO:root:[3.4119897959183674]
INFO:root:PCC_test:
INFO:root:[0.5377093901485583]
INFO:root:ICC_test:
INFO:root:[0.3061574271483742]
INFO:root:MAE_test:
INFO:root:[1.1521045918367347]
INFO:root:MMAE_test
INFO:root:[4.0]
INFO:root:weighted_fscore
INFO:root:[0.01317718117957654]
INFO:root:PCC_s_val:
INFO:root:[0.7544568904354181]
INFO:root:PCC_t_val:
INFO:root:[0.3872773773829781]
INFO:root:ICC_val:
INFO:root:[0.6044496171678486]
INFO:root:MAE_test:
INFO:root:[1.1521045918367347]
INFO:root:MMD_Valid:
INFO:root:[0]
INFO:root:MMD_train:
INFO:root:[0.0]
INFO:root:Training
INFO:root:
Epoch: 1
INFO:root:learning_rate: 0.001
INFO:root:test_accuracy:
INFO:root:[3.4119897959183674, 18.176020408163264]
INFO:root:PCC_test:
INFO:root:[0.5377093901485583, 0.5438055095619522]
INFO:root:ICC_test:
INFO:root:[0.3061574271483742, 0.4397264279608561]
INFO:root:MAE_test:
INFO:root:[1.1521045918367347, 1.019451530612245]
INFO:root:MMAE_test
INFO:root:[4.0, 4.25]
INFO:root:weighted_fscore
INFO:root:[0.01317718117957654, 0.2386525858687449]
INFO:root:PCC_s_val:
INFO:root:[0.7544568904354181, 0.828518346928943]
INFO:root:PCC_t_val:
INFO:root:[0.3872773773829781, 0.5064758220488135]
INFO:root:ICC_val:
INFO:root:[0.6044496171678486, 0.7879590844220715]
INFO:root:MAE_test:
INFO:root:[1.1521045918367347, 1.019451530612245]
INFO:root:MMD_Valid:
INFO:root:[0, 0]
INFO:root:MMD_train:
INFO:root:[0.0, 0.0]
INFO:root:Training
INFO:root:
Epoch: 2
INFO:root:learning_rate: 0.001
INFO:root:test_accuracy:
INFO:root:[3.4119897959183674, 18.176020408163264, 51.753826530612244]
INFO:root:PCC_test:
INFO:root:[0.5377093901485583, 0.5438055095619522, 0.4786403728161681]
INFO:root:ICC_test:
INFO:root:[0.3061574271483742, 0.4397264279608561, 0.43070386526731763]
INFO:root:MAE_test:
INFO:root:[1.1521045918367347, 1.019451530612245, 0.7442602040816326]
INFO:root:MMAE_test
INFO:root:[4.0, 4.25, 5.0]
INFO:root:weighted_fscore
INFO:root:[0.01317718117957654, 0.2386525858687449, 0.5824383964646138]
INFO:root:PCC_s_val:
INFO:root:[0.7544568904354181, 0.828518346928943, 0.8385289413621397]
INFO:root:PCC_t_val:
INFO:root:[0.3872773773829781, 0.5064758220488135, 0.5309477295824572]
INFO:root:ICC_val:
INFO:root:[0.6044496171678486, 0.7879590844220715, 0.7530838258679227]
INFO:root:MAE_test:
INFO:root:[1.1521045918367347, 1.019451530612245, 0.7442602040816326]
INFO:root:MMD_Valid:
INFO:root:[0, 0, 0]
INFO:root:MMD_train:
INFO:root:[0.0, 0.0, 0.0]
INFO:root:Training
INFO:root:
Epoch: 3
INFO:root:learning_rate: 0.001
INFO:root:test_accuracy:
INFO:root:[3.4119897959183674, 18.176020408163264, 51.753826530612244, 52.07270408163265]
INFO:root:PCC_test:
INFO:root:[0.5377093901485583, 0.5438055095619522, 0.4786403728161681, 0.5467521965354507]
INFO:root:ICC_test:
INFO:root:[0.3061574271483742, 0.4397264279608561, 0.43070386526731763, 0.5041201482467573]
INFO:root:MAE_test:
INFO:root:[1.1521045918367347, 1.019451530612245, 0.7442602040816326, 0.7126913265306123]
INFO:root:MMAE_test
INFO:root:[4.0, 4.25, 5.0, 5.0]
INFO:root:weighted_fscore
INFO:root:[0.01317718117957654, 0.2386525858687449, 0.5824383964646138, 0.61241432711983]
INFO:root:PCC_s_val:
INFO:root:[0.7544568904354181, 0.828518346928943, 0.8385289413621397, 0.8619593305443405]
INFO:root:PCC_t_val:
INFO:root:[0.3872773773829781, 0.5064758220488135, 0.5309477295824572, 0.5138001418416764]
INFO:root:ICC_val:
INFO:root:[0.6044496171678486, 0.7879590844220715, 0.7530838258679227, 0.8213049282743614]
INFO:root:MAE_test:
INFO:root:[1.1521045918367347, 1.019451530612245, 0.7442602040816326, 0.7126913265306123]
INFO:root:MMD_Valid:
INFO:root:[0, 0, 0, 0]
INFO:root:MMD_train:
INFO:root:[0.0, 0.0, 0.0, 0.0]
INFO:root:Training
INFO:root:
Epoch: 4
INFO:root:learning_rate: 0.001
INFO:root:test_accuracy:
INFO:root:[3.4119897959183674, 18.176020408163264, 51.753826530612244, 52.07270408163265, 60.108418367346935]
INFO:root:PCC_test:
INFO:root:[0.5377093901485583, 0.5438055095619522, 0.4786403728161681, 0.5467521965354507, 0.5903162882799495]
INFO:root:ICC_test:
INFO:root:[0.3061574271483742, 0.4397264279608561, 0.43070386526731763, 0.5041201482467573, 0.5770273693447509]
INFO:root:MAE_test:
INFO:root:[1.1521045918367347, 1.019451530612245, 0.7442602040816326, 0.7126913265306123, 0.626594387755102]
INFO:root:MMAE_test
INFO:root:[4.0, 4.25, 5.0, 5.0, 5.0]
INFO:root:weighted_fscore
INFO:root:[0.01317718117957654, 0.2386525858687449, 0.5824383964646138, 0.61241432711983, 0.671654769967005]
INFO:root:PCC_s_val:
INFO:root:[0.7544568904354181, 0.828518346928943, 0.8385289413621397, 0.8619593305443405, 0.8758683192510148]
INFO:root:PCC_t_val:
INFO:root:[0.3872773773829781, 0.5064758220488135, 0.5309477295824572, 0.5138001418416764, 0.49107612399045586]
INFO:root:ICC_val:
INFO:root:[0.6044496171678486, 0.7879590844220715, 0.7530838258679227, 0.8213049282743614, 0.7693498819648124]
INFO:root:MAE_test:
INFO:root:[1.1521045918367347, 1.019451530612245, 0.7442602040816326, 0.7126913265306123, 0.626594387755102]
INFO:root:MMD_Valid:
INFO:root:[0, 0, 0, 0, 0]
INFO:root:MMD_train:
INFO:root:[0.0, 0.0, 0.0, 0.0, 0.0]
INFO:root:Training
INFO:root:
Epoch: 5
INFO:root:learning_rate: 0.001
INFO:root:test_accuracy:
INFO:root:[3.4119897959183674, 18.176020408163264, 51.753826530612244, 52.07270408163265, 60.108418367346935, 57.110969387755105]
INFO:root:PCC_test:
INFO:root:[0.5377093901485583, 0.5438055095619522, 0.4786403728161681, 0.5467521965354507, 0.5903162882799495, 0.6024852553255217]
INFO:root:ICC_test:
INFO:root:[0.3061574271483742, 0.4397264279608561, 0.43070386526731763, 0.5041201482467573, 0.5770273693447509, 0.5586818952630241]
INFO:root:MAE_test:
INFO:root:[1.1521045918367347, 1.019451530612245, 0.7442602040816326, 0.7126913265306123, 0.626594387755102, 0.6403061224489796]
INFO:root:MMAE_test
INFO:root:[4.0, 4.25, 5.0, 5.0, 5.0, 4.7]
INFO:root:weighted_fscore
INFO:root:[0.01317718117957654, 0.2386525858687449, 0.5824383964646138, 0.61241432711983, 0.671654769967005, 0.6485392088909]
INFO:root:PCC_s_val:
INFO:root:[0.7544568904354181, 0.828518346928943, 0.8385289413621397, 0.8619593305443405, 0.8758683192510148, 0.8981579848538239]
INFO:root:PCC_t_val:
INFO:root:[0.3872773773829781, 0.5064758220488135, 0.5309477295824572, 0.5138001418416764, 0.49107612399045586, 0.45925875998245963]
INFO:root:ICC_val:
INFO:root:[0.6044496171678486, 0.7879590844220715, 0.7530838258679227, 0.8213049282743614, 0.7693498819648124, 0.846807518147344]
INFO:root:MAE_test:
INFO:root:[1.1521045918367347, 1.019451530612245, 0.7442602040816326, 0.7126913265306123, 0.626594387755102, 0.6403061224489796]
INFO:root:MMD_Valid:
INFO:root:[0, 0, 0, 0, 0, 0]
INFO:root:MMD_train:
INFO:root:[0.0, 0.0, 0.0, 0.0, 0.0, 0.0]
INFO:root:Training
INFO:root:
Epoch: 6
INFO:root:learning_rate: 0.001
INFO:root:test_accuracy:
INFO:root:[3.4119897959183674, 18.176020408163264, 51.753826530612244, 52.07270408163265, 60.108418367346935, 57.110969387755105, 76.0204081632653]
INFO:root:PCC_test:
INFO:root:[0.5377093901485583, 0.5438055095619522, 0.4786403728161681, 0.5467521965354507, 0.5903162882799495, 0.6024852553255217, 0.7091537254813656]
INFO:root:ICC_test:
INFO:root:[0.3061574271483742, 0.4397264279608561, 0.43070386526731763, 0.5041201482467573, 0.5770273693447509, 0.5586818952630241, 0.6987678005672868]
INFO:root:MAE_test:
INFO:root:[1.1521045918367347, 1.019451530612245, 0.7442602040816326, 0.7126913265306123, 0.626594387755102, 0.6403061224489796, 0.4272959183673469]
INFO:root:MMAE_test
INFO:root:[4.0, 4.25, 5.0, 5.0, 5.0, 4.7, 5.0]
INFO:root:weighted_fscore
INFO:root:[0.01317718117957654, 0.2386525858687449, 0.5824383964646138, 0.61241432711983, 0.671654769967005, 0.6485392088909, 0.7911565993536605]
INFO:root:PCC_s_val:
INFO:root:[0.7544568904354181, 0.828518346928943, 0.8385289413621397, 0.8619593305443405, 0.8758683192510148, 0.8981579848538239, 0.8990798480727644]
INFO:root:PCC_t_val:
INFO:root:[0.3872773773829781, 0.5064758220488135, 0.5309477295824572, 0.5138001418416764, 0.49107612399045586, 0.45925875998245963, 0.4633263081724292]
INFO:root:ICC_val:
INFO:root:[0.6044496171678486, 0.7879590844220715, 0.7530838258679227, 0.8213049282743614, 0.7693498819648124, 0.846807518147344, 0.8344228019034315]
INFO:root:MAE_test:
INFO:root:[1.1521045918367347, 1.019451530612245, 0.7442602040816326, 0.7126913265306123, 0.626594387755102, 0.6403061224489796, 0.4272959183673469]
INFO:root:MMD_Valid:
INFO:root:[0, 0, 0, 0, 0, 0, 0]
INFO:root:MMD_train:
INFO:root:[0.0, 0.0, 0.0, 0.0, 0.0, 0.0, 0.0]
INFO:root:Training
INFO:root:
Epoch: 7
INFO:root:learning_rate: 0.001
INFO:root:test_accuracy:
INFO:root:[3.4119897959183674, 18.176020408163264, 51.753826530612244, 52.07270408163265, 60.108418367346935, 57.110969387755105, 76.0204081632653, 59.27933673469388]
INFO:root:PCC_test:
INFO:root:[0.5377093901485583, 0.5438055095619522, 0.4786403728161681, 0.5467521965354507, 0.5903162882799495, 0.6024852553255217, 0.7091537254813656, 0.6042347551825575]
INFO:root:ICC_test:
INFO:root:[0.3061574271483742, 0.4397264279608561, 0.43070386526731763, 0.5041201482467573, 0.5770273693447509, 0.5586818952630241, 0.6987678005672868, 0.57447890077347]
INFO:root:MAE_test:
INFO:root:[1.1521045918367347, 1.019451530612245, 0.7442602040816326, 0.7126913265306123, 0.626594387755102, 0.6403061224489796, 0.4272959183673469, 0.6230867346938775]
INFO:root:MMAE_test
INFO:root:[4.0, 4.25, 5.0, 5.0, 5.0, 4.7, 5.0, 5.0]
INFO:root:weighted_fscore
INFO:root:[0.01317718117957654, 0.2386525858687449, 0.5824383964646138, 0.61241432711983, 0.671654769967005, 0.6485392088909, 0.7911565993536605, 0.668988098990653]
INFO:root:PCC_s_val:
INFO:root:[0.7544568904354181, 0.828518346928943, 0.8385289413621397, 0.8619593305443405, 0.8758683192510148, 0.8981579848538239, 0.8990798480727644, 0.9189611130460456]
INFO:root:PCC_t_val:
INFO:root:[0.3872773773829781, 0.5064758220488135, 0.5309477295824572, 0.5138001418416764, 0.49107612399045586, 0.45925875998245963, 0.4633263081724292, 0.4415439363245924]
INFO:root:ICC_val:
INFO:root:[0.6044496171678486, 0.7879590844220715, 0.7530838258679227, 0.8213049282743614, 0.7693498819648124, 0.846807518147344, 0.8344228019034315, 0.8871590714379752]
INFO:root:MAE_test:
INFO:root:[1.1521045918367347, 1.019451530612245, 0.7442602040816326, 0.7126913265306123, 0.626594387755102, 0.6403061224489796, 0.4272959183673469, 0.6230867346938775]
INFO:root:MMD_Valid:
INFO:root:[0, 0, 0, 0, 0, 0, 0, 0]
INFO:root:MMD_train:
INFO:root:[0.0, 0.0, 0.0, 0.0, 0.0, 0.0, 0.0, 0.0]
INFO:root:Training
INFO:root:
Epoch: 8
INFO:root:learning_rate: 0.001
INFO:root:test_accuracy:
INFO:root:[3.4119897959183674, 18.176020408163264, 51.753826530612244, 52.07270408163265, 60.108418367346935, 57.110969387755105, 76.0204081632653, 59.27933673469388, 71.46045918367348]
INFO:root:PCC_test:
INFO:root:[0.5377093901485583, 0.5438055095619522, 0.4786403728161681, 0.5467521965354507, 0.5903162882799495, 0.6024852553255217, 0.7091537254813656, 0.6042347551825575, 0.6419782433272253]
INFO:root:ICC_test:
INFO:root:[0.3061574271483742, 0.4397264279608561, 0.43070386526731763, 0.5041201482467573, 0.5770273693447509, 0.5586818952630241, 0.6987678005672868, 0.57447890077347, 0.6328927569943712]
INFO:root:MAE_test:
INFO:root:[1.1521045918367347, 1.019451530612245, 0.7442602040816326, 0.7126913265306123, 0.626594387755102, 0.6403061224489796, 0.4272959183673469, 0.6230867346938775, 0.5194515306122449]
INFO:root:MMAE_test
INFO:root:[4.0, 4.25, 5.0, 5.0, 5.0, 4.7, 5.0, 5.0, 5.0]
INFO:root:weighted_fscore
INFO:root:[0.01317718117957654, 0.2386525858687449, 0.5824383964646138, 0.61241432711983, 0.671654769967005, 0.6485392088909, 0.7911565993536605, 0.668988098990653, 0.751220882755862]
INFO:root:PCC_s_val:
INFO:root:[0.7544568904354181, 0.828518346928943, 0.8385289413621397, 0.8619593305443405, 0.8758683192510148, 0.8981579848538239, 0.8990798480727644, 0.9189611130460456, 0.9147584901954353]
INFO:root:PCC_t_val:
INFO:root:[0.3872773773829781, 0.5064758220488135, 0.5309477295824572, 0.5138001418416764, 0.49107612399045586, 0.45925875998245963, 0.4633263081724292, 0.4415439363245924, 0.49213192877212397]
INFO:root:ICC_val:
INFO:root:[0.6044496171678486, 0.7879590844220715, 0.7530838258679227, 0.8213049282743614, 0.7693498819648124, 0.846807518147344, 0.8344228019034315, 0.8871590714379752, 0.8893521280792276]
INFO:root:MAE_test:
INFO:root:[1.1521045918367347, 1.019451530612245, 0.7442602040816326, 0.7126913265306123, 0.626594387755102, 0.6403061224489796, 0.4272959183673469, 0.6230867346938775, 0.5194515306122449]
INFO:root:MMD_Valid:
INFO:root:[0, 0, 0, 0, 0, 0, 0, 0, 0]
INFO:root:MMD_train:
INFO:root:[0.0, 0.0, 0.0, 0.0, 0.0, 0.0, 0.0, 0.0, 0.0]
INFO:root:Training
INFO:root:
Epoch: 9
INFO:root:learning_rate: 0.001
INFO:root:test_accuracy:
INFO:root:[3.4119897959183674, 18.176020408163264, 51.753826530612244, 52.07270408163265, 60.108418367346935, 57.110969387755105, 76.0204081632653, 59.27933673469388, 71.46045918367348, 63.58418367346938]
INFO:root:PCC_test:
INFO:root:[0.5377093901485583, 0.5438055095619522, 0.4786403728161681, 0.5467521965354507, 0.5903162882799495, 0.6024852553255217, 0.7091537254813656, 0.6042347551825575, 0.6419782433272253, 0.6405991137738029]
INFO:root:ICC_test:
INFO:root:[0.3061574271483742, 0.4397264279608561, 0.43070386526731763, 0.5041201482467573, 0.5770273693447509, 0.5586818952630241, 0.6987678005672868, 0.57447890077347, 0.6328927569943712, 0.60600893749989]
INFO:root:MAE_test:
INFO:root:[1.1521045918367347, 1.019451530612245, 0.7442602040816326, 0.7126913265306123, 0.626594387755102, 0.6403061224489796, 0.4272959183673469, 0.6230867346938775, 0.5194515306122449, 0.5736607142857143]
INFO:root:MMAE_test
INFO:root:[4.0, 4.25, 5.0, 5.0, 5.0, 4.7, 5.0, 5.0, 5.0, 4.7]
INFO:root:weighted_fscore
INFO:root:[0.01317718117957654, 0.2386525858687449, 0.5824383964646138, 0.61241432711983, 0.671654769967005, 0.6485392088909, 0.7911565993536605, 0.668988098990653, 0.751220882755862, 0.7032990439169793]
INFO:root:PCC_s_val:
INFO:root:[0.7544568904354181, 0.828518346928943, 0.8385289413621397, 0.8619593305443405, 0.8758683192510148, 0.8981579848538239, 0.8990798480727644, 0.9189611130460456, 0.9147584901954353, 0.9238318308238856]
INFO:root:PCC_t_val:
INFO:root:[0.3872773773829781, 0.5064758220488135, 0.5309477295824572, 0.5138001418416764, 0.49107612399045586, 0.45925875998245963, 0.4633263081724292, 0.4415439363245924, 0.49213192877212397, 0.43474487888029834]
INFO:root:ICC_val:
INFO:root:[0.6044496171678486, 0.7879590844220715, 0.7530838258679227, 0.8213049282743614, 0.7693498819648124, 0.846807518147344, 0.8344228019034315, 0.8871590714379752, 0.8893521280792276, 0.9004097771173528]
INFO:root:MAE_test:
INFO:root:[1.1521045918367347, 1.019451530612245, 0.7442602040816326, 0.7126913265306123, 0.626594387755102, 0.6403061224489796, 0.4272959183673469, 0.6230867346938775, 0.5194515306122449, 0.5736607142857143]
INFO:root:MMD_Valid:
INFO:root:[0, 0, 0, 0, 0, 0, 0, 0, 0, 0]
INFO:root:MMD_train:
INFO:root:[0.0, 0.0, 0.0, 0.0, 0.0, 0.0, 0.0, 0.0, 0.0, 0.0]
INFO:root:Training
INFO:root:
Epoch: 10
INFO:root:learning_rate: 0.001
INFO:root:test_accuracy:
INFO:root:[3.4119897959183674, 18.176020408163264, 51.753826530612244, 52.07270408163265, 60.108418367346935, 57.110969387755105, 76.0204081632653, 59.27933673469388, 71.46045918367348, 63.58418367346938, 64.50892857142857]
INFO:root:PCC_test:
INFO:root:[0.5377093901485583, 0.5438055095619522, 0.4786403728161681, 0.5467521965354507, 0.5903162882799495, 0.6024852553255217, 0.7091537254813656, 0.6042347551825575, 0.6419782433272253, 0.6405991137738029, 0.6025969427607025]
INFO:root:ICC_test:
INFO:root:[0.3061574271483742, 0.4397264279608561, 0.43070386526731763, 0.5041201482467573, 0.5770273693447509, 0.5586818952630241, 0.6987678005672868, 0.57447890077347, 0.6328927569943712, 0.60600893749989, 0.5624931162408363]
INFO:root:MAE_test:
INFO:root:[1.1521045918367347, 1.019451530612245, 0.7442602040816326, 0.7126913265306123, 0.626594387755102, 0.6403061224489796, 0.4272959183673469, 0.6230867346938775, 0.5194515306122449, 0.5736607142857143, 0.5848214285714286]
INFO:root:MMAE_test
INFO:root:[4.0, 4.25, 5.0, 5.0, 5.0, 4.7, 5.0, 5.0, 5.0, 4.7, 5.0]
INFO:root:weighted_fscore
INFO:root:[0.01317718117957654, 0.2386525858687449, 0.5824383964646138, 0.61241432711983, 0.671654769967005, 0.6485392088909, 0.7911565993536605, 0.668988098990653, 0.751220882755862, 0.7032990439169793, 0.6985629922960982]
INFO:root:PCC_s_val:
INFO:root:[0.7544568904354181, 0.828518346928943, 0.8385289413621397, 0.8619593305443405, 0.8758683192510148, 0.8981579848538239, 0.8990798480727644, 0.9189611130460456, 0.9147584901954353, 0.9238318308238856, 0.9306405231823186]
INFO:root:PCC_t_val:
INFO:root:[0.3872773773829781, 0.5064758220488135, 0.5309477295824572, 0.5138001418416764, 0.49107612399045586, 0.45925875998245963, 0.4633263081724292, 0.4415439363245924, 0.49213192877212397, 0.43474487888029834, 0.48719297664707945]
INFO:root:ICC_val:
INFO:root:[0.6044496171678486, 0.7879590844220715, 0.7530838258679227, 0.8213049282743614, 0.7693498819648124, 0.846807518147344, 0.8344228019034315, 0.8871590714379752, 0.8893521280792276, 0.9004097771173528, 0.9119367658709104]
INFO:root:MAE_test:
INFO:root:[1.1521045918367347, 1.019451530612245, 0.7442602040816326, 0.7126913265306123, 0.626594387755102, 0.6403061224489796, 0.4272959183673469, 0.6230867346938775, 0.5194515306122449, 0.5736607142857143, 0.5848214285714286]
INFO:root:MMD_Valid:
INFO:root:[0, 0, 0, 0, 0, 0, 0, 0, 0, 0, 0]
INFO:root:MMD_train:
INFO:root:[0.0, 0.0, 0.0, 0.0, 0.0, 0.0, 0.0, 0.0, 0.0, 0.0, 0.0]
INFO:root:Training
INFO:root:
Epoch: 11
INFO:root:learning_rate: 0.001
INFO:root:test_accuracy:
INFO:root:[3.4119897959183674, 18.176020408163264, 51.753826530612244, 52.07270408163265, 60.108418367346935, 57.110969387755105, 76.0204081632653, 59.27933673469388, 71.46045918367348, 63.58418367346938, 64.50892857142857, 78.41198979591837]
INFO:root:PCC_test:
INFO:root:[0.5377093901485583, 0.5438055095619522, 0.4786403728161681, 0.5467521965354507, 0.5903162882799495, 0.6024852553255217, 0.7091537254813656, 0.6042347551825575, 0.6419782433272253, 0.6405991137738029, 0.6025969427607025, 0.6486866245461685]
INFO:root:ICC_test:
INFO:root:[0.3061574271483742, 0.4397264279608561, 0.43070386526731763, 0.5041201482467573, 0.5770273693447509, 0.5586818952630241, 0.6987678005672868, 0.57447890077347, 0.6328927569943712, 0.60600893749989, 0.5624931162408363, 0.6124767269324176]
INFO:root:MAE_test:
INFO:root:[1.1521045918367347, 1.019451530612245, 0.7442602040816326, 0.7126913265306123, 0.626594387755102, 0.6403061224489796, 0.4272959183673469, 0.6230867346938775, 0.5194515306122449, 0.5736607142857143, 0.5848214285714286, 0.45663265306122447]
INFO:root:MMAE_test
INFO:root:[4.0, 4.25, 5.0, 5.0, 5.0, 4.7, 5.0, 5.0, 5.0, 4.7, 5.0, 5.0]
INFO:root:weighted_fscore
INFO:root:[0.01317718117957654, 0.2386525858687449, 0.5824383964646138, 0.61241432711983, 0.671654769967005, 0.6485392088909, 0.7911565993536605, 0.668988098990653, 0.751220882755862, 0.7032990439169793, 0.6985629922960982, 0.7780477832667458]
INFO:root:PCC_s_val:
INFO:root:[0.7544568904354181, 0.828518346928943, 0.8385289413621397, 0.8619593305443405, 0.8758683192510148, 0.8981579848538239, 0.8990798480727644, 0.9189611130460456, 0.9147584901954353, 0.9238318308238856, 0.9306405231823186, 0.936299643929525]
INFO:root:PCC_t_val:
INFO:root:[0.3872773773829781, 0.5064758220488135, 0.5309477295824572, 0.5138001418416764, 0.49107612399045586, 0.45925875998245963, 0.4633263081724292, 0.4415439363245924, 0.49213192877212397, 0.43474487888029834, 0.48719297664707945, 0.5094672111403689]
INFO:root:ICC_val:
INFO:root:[0.6044496171678486, 0.7879590844220715, 0.7530838258679227, 0.8213049282743614, 0.7693498819648124, 0.846807518147344, 0.8344228019034315, 0.8871590714379752, 0.8893521280792276, 0.9004097771173528, 0.9119367658709104, 0.9132180117517519]
INFO:root:MAE_test:
INFO:root:[1.1521045918367347, 1.019451530612245, 0.7442602040816326, 0.7126913265306123, 0.626594387755102, 0.6403061224489796, 0.4272959183673469, 0.6230867346938775, 0.5194515306122449, 0.5736607142857143, 0.5848214285714286, 0.45663265306122447]
INFO:root:MMD_Valid:
INFO:root:[0, 0, 0, 0, 0, 0, 0, 0, 0, 0, 0, 0]
INFO:root:MMD_train:
INFO:root:[0.0, 0.0, 0.0, 0.0, 0.0, 0.0, 0.0, 0.0, 0.0, 0.0, 0.0, 0.0]
INFO:root:Training
INFO:root:
Epoch: 12
INFO:root:learning_rate: 0.001
INFO:root:test_accuracy:
INFO:root:[3.4119897959183674, 18.176020408163264, 51.753826530612244, 52.07270408163265, 60.108418367346935, 57.110969387755105, 76.0204081632653, 59.27933673469388, 71.46045918367348, 63.58418367346938, 64.50892857142857, 78.41198979591837, 72.1938775510204]
INFO:root:PCC_test:
INFO:root:[0.5377093901485583, 0.5438055095619522, 0.4786403728161681, 0.5467521965354507, 0.5903162882799495, 0.6024852553255217, 0.7091537254813656, 0.6042347551825575, 0.6419782433272253, 0.6405991137738029, 0.6025969427607025, 0.6486866245461685, 0.607235739064554]
INFO:root:ICC_test:
INFO:root:[0.3061574271483742, 0.4397264279608561, 0.43070386526731763, 0.5041201482467573, 0.5770273693447509, 0.5586818952630241, 0.6987678005672868, 0.57447890077347, 0.6328927569943712, 0.60600893749989, 0.5624931162408363, 0.6124767269324176, 0.5781816909904416]
INFO:root:MAE_test:
INFO:root:[1.1521045918367347, 1.019451530612245, 0.7442602040816326, 0.7126913265306123, 0.626594387755102, 0.6403061224489796, 0.4272959183673469, 0.6230867346938775, 0.5194515306122449, 0.5736607142857143, 0.5848214285714286, 0.45663265306122447, 0.5315688775510204]
INFO:root:MMAE_test
INFO:root:[4.0, 4.25, 5.0, 5.0, 5.0, 4.7, 5.0, 5.0, 5.0, 4.7, 5.0, 5.0, 5.0]
INFO:root:weighted_fscore
INFO:root:[0.01317718117957654, 0.2386525858687449, 0.5824383964646138, 0.61241432711983, 0.671654769967005, 0.6485392088909, 0.7911565993536605, 0.668988098990653, 0.751220882755862, 0.7032990439169793, 0.6985629922960982, 0.7780477832667458, 0.7421292663430801]
INFO:root:PCC_s_val:
INFO:root:[0.7544568904354181, 0.828518346928943, 0.8385289413621397, 0.8619593305443405, 0.8758683192510148, 0.8981579848538239, 0.8990798480727644, 0.9189611130460456, 0.9147584901954353, 0.9238318308238856, 0.9306405231823186, 0.936299643929525, 0.9361662233203148]
INFO:root:PCC_t_val:
INFO:root:[0.3872773773829781, 0.5064758220488135, 0.5309477295824572, 0.5138001418416764, 0.49107612399045586, 0.45925875998245963, 0.4633263081724292, 0.4415439363245924, 0.49213192877212397, 0.43474487888029834, 0.48719297664707945, 0.5094672111403689, 0.49447700652044757]
INFO:root:ICC_val:
INFO:root:[0.6044496171678486, 0.7879590844220715, 0.7530838258679227, 0.8213049282743614, 0.7693498819648124, 0.846807518147344, 0.8344228019034315, 0.8871590714379752, 0.8893521280792276, 0.9004097771173528, 0.9119367658709104, 0.9132180117517519, 0.904948770173548]
INFO:root:MAE_test:
INFO:root:[1.1521045918367347, 1.019451530612245, 0.7442602040816326, 0.7126913265306123, 0.626594387755102, 0.6403061224489796, 0.4272959183673469, 0.6230867346938775, 0.5194515306122449, 0.5736607142857143, 0.5848214285714286, 0.45663265306122447, 0.5315688775510204]
INFO:root:MMD_Valid:
INFO:root:[0, 0, 0, 0, 0, 0, 0, 0, 0, 0, 0, 0, 0]
INFO:root:MMD_train:
INFO:root:[0.0, 0.0, 0.0, 0.0, 0.0, 0.0, 0.0, 0.0, 0.0, 0.0, 0.0, 0.0, 0.0]
INFO:root:Training
INFO:root:
Epoch: 13
INFO:root:learning_rate: 0.001
INFO:root:test_accuracy:
INFO:root:[3.4119897959183674, 18.176020408163264, 51.753826530612244, 52.07270408163265, 60.108418367346935, 57.110969387755105, 76.0204081632653, 59.27933673469388, 71.46045918367348, 63.58418367346938, 64.50892857142857, 78.41198979591837, 72.1938775510204, 77.29591836734694]
INFO:root:PCC_test:
INFO:root:[0.5377093901485583, 0.5438055095619522, 0.4786403728161681, 0.5467521965354507, 0.5903162882799495, 0.6024852553255217, 0.7091537254813656, 0.6042347551825575, 0.6419782433272253, 0.6405991137738029, 0.6025969427607025, 0.6486866245461685, 0.607235739064554, 0.5867316233125672]
INFO:root:ICC_test:
INFO:root:[0.3061574271483742, 0.4397264279608561, 0.43070386526731763, 0.5041201482467573, 0.5770273693447509, 0.5586818952630241, 0.6987678005672868, 0.57447890077347, 0.6328927569943712, 0.60600893749989, 0.5624931162408363, 0.6124767269324176, 0.5781816909904416, 0.5396695986571722]
INFO:root:MAE_test:
INFO:root:[1.1521045918367347, 1.019451530612245, 0.7442602040816326, 0.7126913265306123, 0.626594387755102, 0.6403061224489796, 0.4272959183673469, 0.6230867346938775, 0.5194515306122449, 0.5736607142857143, 0.5848214285714286, 0.45663265306122447, 0.5315688775510204, 0.5102040816326531]
INFO:root:MMAE_test
INFO:root:[4.0, 4.25, 5.0, 5.0, 5.0, 4.7, 5.0, 5.0, 5.0, 4.7, 5.0, 5.0, 5.0, 5.0]
INFO:root:weighted_fscore
INFO:root:[0.01317718117957654, 0.2386525858687449, 0.5824383964646138, 0.61241432711983, 0.671654769967005, 0.6485392088909, 0.7911565993536605, 0.668988098990653, 0.751220882755862, 0.7032990439169793, 0.6985629922960982, 0.7780477832667458, 0.7421292663430801, 0.7629483012438044]
INFO:root:PCC_s_val:
INFO:root:[0.7544568904354181, 0.828518346928943, 0.8385289413621397, 0.8619593305443405, 0.8758683192510148, 0.8981579848538239, 0.8990798480727644, 0.9189611130460456, 0.9147584901954353, 0.9238318308238856, 0.9306405231823186, 0.936299643929525, 0.9361662233203148, 0.9350220419457649]
INFO:root:PCC_t_val:
INFO:root:[0.3872773773829781, 0.5064758220488135, 0.5309477295824572, 0.5138001418416764, 0.49107612399045586, 0.45925875998245963, 0.4633263081724292, 0.4415439363245924, 0.49213192877212397, 0.43474487888029834, 0.48719297664707945, 0.5094672111403689, 0.49447700652044757, 0.49310252107152147]
INFO:root:ICC_val:
INFO:root:[0.6044496171678486, 0.7879590844220715, 0.7530838258679227, 0.8213049282743614, 0.7693498819648124, 0.846807518147344, 0.8344228019034315, 0.8871590714379752, 0.8893521280792276, 0.9004097771173528, 0.9119367658709104, 0.9132180117517519, 0.904948770173548, 0.9071772329157917]
INFO:root:MAE_test:
INFO:root:[1.1521045918367347, 1.019451530612245, 0.7442602040816326, 0.7126913265306123, 0.626594387755102, 0.6403061224489796, 0.4272959183673469, 0.6230867346938775, 0.5194515306122449, 0.5736607142857143, 0.5848214285714286, 0.45663265306122447, 0.5315688775510204, 0.5102040816326531]
INFO:root:MMD_Valid:
INFO:root:[0, 0, 0, 0, 0, 0, 0, 0, 0, 0, 0, 0, 0, 0]
INFO:root:MMD_train:
INFO:root:[0.0, 0.0, 0.0, 0.0, 0.0, 0.0, 0.0, 0.0, 0.0, 0.0, 0.0, 0.0, 0.0, 0.0]
INFO:root:Training
INFO:root:
Epoch: 14
INFO:root:learning_rate: 0.001
INFO:root:test_accuracy:
INFO:root:[3.4119897959183674, 18.176020408163264, 51.753826530612244, 52.07270408163265, 60.108418367346935, 57.110969387755105, 76.0204081632653, 59.27933673469388, 71.46045918367348, 63.58418367346938, 64.50892857142857, 78.41198979591837, 72.1938775510204, 77.29591836734694, 76.14795918367348]
INFO:root:PCC_test:
INFO:root:[0.5377093901485583, 0.5438055095619522, 0.4786403728161681, 0.5467521965354507, 0.5903162882799495, 0.6024852553255217, 0.7091537254813656, 0.6042347551825575, 0.6419782433272253, 0.6405991137738029, 0.6025969427607025, 0.6486866245461685, 0.607235739064554, 0.5867316233125672, 0.6284081160833445]
INFO:root:ICC_test:
INFO:root:[0.3061574271483742, 0.4397264279608561, 0.43070386526731763, 0.5041201482467573, 0.5770273693447509, 0.5586818952630241, 0.6987678005672868, 0.57447890077347, 0.6328927569943712, 0.60600893749989, 0.5624931162408363, 0.6124767269324176, 0.5781816909904416, 0.5396695986571722, 0.6047399142834954]
INFO:root:MAE_test:
INFO:root:[1.1521045918367347, 1.019451530612245, 0.7442602040816326, 0.7126913265306123, 0.626594387755102, 0.6403061224489796, 0.4272959183673469, 0.6230867346938775, 0.5194515306122449, 0.5736607142857143, 0.5848214285714286, 0.45663265306122447, 0.5315688775510204, 0.5102040816326531, 0.48915816326530615]
INFO:root:MMAE_test
INFO:root:[4.0, 4.25, 5.0, 5.0, 5.0, 4.7, 5.0, 5.0, 5.0, 4.7, 5.0, 5.0, 5.0, 5.0, 5.0]
INFO:root:weighted_fscore
INFO:root:[0.01317718117957654, 0.2386525858687449, 0.5824383964646138, 0.61241432711983, 0.671654769967005, 0.6485392088909, 0.7911565993536605, 0.668988098990653, 0.751220882755862, 0.7032990439169793, 0.6985629922960982, 0.7780477832667458, 0.7421292663430801, 0.7629483012438044, 0.7661827971713989]
INFO:root:PCC_s_val:
INFO:root:[0.7544568904354181, 0.828518346928943, 0.8385289413621397, 0.8619593305443405, 0.8758683192510148, 0.8981579848538239, 0.8990798480727644, 0.9189611130460456, 0.9147584901954353, 0.9238318308238856, 0.9306405231823186, 0.936299643929525, 0.9361662233203148, 0.9350220419457649, 0.9415346774511527]
INFO:root:PCC_t_val:
INFO:root:[0.3872773773829781, 0.5064758220488135, 0.5309477295824572, 0.5138001418416764, 0.49107612399045586, 0.45925875998245963, 0.4633263081724292, 0.4415439363245924, 0.49213192877212397, 0.43474487888029834, 0.48719297664707945, 0.5094672111403689, 0.49447700652044757, 0.49310252107152147, 0.5194147947073424]
INFO:root:ICC_val:
INFO:root:[0.6044496171678486, 0.7879590844220715, 0.7530838258679227, 0.8213049282743614, 0.7693498819648124, 0.846807518147344, 0.8344228019034315, 0.8871590714379752, 0.8893521280792276, 0.9004097771173528, 0.9119367658709104, 0.9132180117517519, 0.904948770173548, 0.9071772329157917, 0.9071029495255737]
INFO:root:MAE_test:
INFO:root:[1.1521045918367347, 1.019451530612245, 0.7442602040816326, 0.7126913265306123, 0.626594387755102, 0.6403061224489796, 0.4272959183673469, 0.6230867346938775, 0.5194515306122449, 0.5736607142857143, 0.5848214285714286, 0.45663265306122447, 0.5315688775510204, 0.5102040816326531, 0.48915816326530615]
INFO:root:MMD_Valid:
INFO:root:[0, 0, 0, 0, 0, 0, 0, 0, 0, 0, 0, 0, 0, 0, 0]
INFO:root:MMD_train:
INFO:root:[0.0, 0.0, 0.0, 0.0, 0.0, 0.0, 0.0, 0.0, 0.0, 0.0, 0.0, 0.0, 0.0, 0.0, 0.0]
INFO:root:Training
INFO:root:
Epoch: 15
INFO:root:learning_rate: 0.001
INFO:root:test_accuracy:
INFO:root:[3.4119897959183674, 18.176020408163264, 51.753826530612244, 52.07270408163265, 60.108418367346935, 57.110969387755105, 76.0204081632653, 59.27933673469388, 71.46045918367348, 63.58418367346938, 64.50892857142857, 78.41198979591837, 72.1938775510204, 77.29591836734694, 76.14795918367348, 70.6313775510204]
INFO:root:PCC_test:
INFO:root:[0.5377093901485583, 0.5438055095619522, 0.4786403728161681, 0.5467521965354507, 0.5903162882799495, 0.6024852553255217, 0.7091537254813656, 0.6042347551825575, 0.6419782433272253, 0.6405991137738029, 0.6025969427607025, 0.6486866245461685, 0.607235739064554, 0.5867316233125672, 0.6284081160833445, 0.5902126674368424]
INFO:root:ICC_test:
INFO:root:[0.3061574271483742, 0.4397264279608561, 0.43070386526731763, 0.5041201482467573, 0.5770273693447509, 0.5586818952630241, 0.6987678005672868, 0.57447890077347, 0.6328927569943712, 0.60600893749989, 0.5624931162408363, 0.6124767269324176, 0.5781816909904416, 0.5396695986571722, 0.6047399142834954, 0.5633905541079056]
INFO:root:MAE_test:
INFO:root:[1.1521045918367347, 1.019451530612245, 0.7442602040816326, 0.7126913265306123, 0.626594387755102, 0.6403061224489796, 0.4272959183673469, 0.6230867346938775, 0.5194515306122449, 0.5736607142857143, 0.5848214285714286, 0.45663265306122447, 0.5315688775510204, 0.5102040816326531, 0.48915816326530615, 0.5561224489795918]
INFO:root:MMAE_test
INFO:root:[4.0, 4.25, 5.0, 5.0, 5.0, 4.7, 5.0, 5.0, 5.0, 4.7, 5.0, 5.0, 5.0, 5.0, 5.0, 5.0]
INFO:root:weighted_fscore
INFO:root:[0.01317718117957654, 0.2386525858687449, 0.5824383964646138, 0.61241432711983, 0.671654769967005, 0.6485392088909, 0.7911565993536605, 0.668988098990653, 0.751220882755862, 0.7032990439169793, 0.6985629922960982, 0.7780477832667458, 0.7421292663430801, 0.7629483012438044, 0.7661827971713989, 0.7298867025235409]
INFO:root:PCC_s_val:
INFO:root:[0.7544568904354181, 0.828518346928943, 0.8385289413621397, 0.8619593305443405, 0.8758683192510148, 0.8981579848538239, 0.8990798480727644, 0.9189611130460456, 0.9147584901954353, 0.9238318308238856, 0.9306405231823186, 0.936299643929525, 0.9361662233203148, 0.9350220419457649, 0.9415346774511527, 0.9414429291523101]
INFO:root:PCC_t_val:
INFO:root:[0.3872773773829781, 0.5064758220488135, 0.5309477295824572, 0.5138001418416764, 0.49107612399045586, 0.45925875998245963, 0.4633263081724292, 0.4415439363245924, 0.49213192877212397, 0.43474487888029834, 0.48719297664707945, 0.5094672111403689, 0.49447700652044757, 0.49310252107152147, 0.5194147947073424, 0.5190652639735419]
INFO:root:ICC_val:
INFO:root:[0.6044496171678486, 0.7879590844220715, 0.7530838258679227, 0.8213049282743614, 0.7693498819648124, 0.846807518147344, 0.8344228019034315, 0.8871590714379752, 0.8893521280792276, 0.9004097771173528, 0.9119367658709104, 0.9132180117517519, 0.904948770173548, 0.9071772329157917, 0.9071029495255737, 0.9138358130234526]
INFO:root:MAE_test:
INFO:root:[1.1521045918367347, 1.019451530612245, 0.7442602040816326, 0.7126913265306123, 0.626594387755102, 0.6403061224489796, 0.4272959183673469, 0.6230867346938775, 0.5194515306122449, 0.5736607142857143, 0.5848214285714286, 0.45663265306122447, 0.5315688775510204, 0.5102040816326531, 0.48915816326530615, 0.5561224489795918]
INFO:root:MMD_Valid:
INFO:root:[0, 0, 0, 0, 0, 0, 0, 0, 0, 0, 0, 0, 0, 0, 0, 0]
INFO:root:MMD_train:
INFO:root:[0.0, 0.0, 0.0, 0.0, 0.0, 0.0, 0.0, 0.0, 0.0, 0.0, 0.0, 0.0, 0.0, 0.0, 0.0, 0.0]
INFO:root:Training
INFO:root:
Epoch: 16
INFO:root:learning_rate: 0.001
INFO:root:test_accuracy:
INFO:root:[3.4119897959183674, 18.176020408163264, 51.753826530612244, 52.07270408163265, 60.108418367346935, 57.110969387755105, 76.0204081632653, 59.27933673469388, 71.46045918367348, 63.58418367346938, 64.50892857142857, 78.41198979591837, 72.1938775510204, 77.29591836734694, 76.14795918367348, 70.6313775510204, 61.798469387755105]
INFO:root:PCC_test:
INFO:root:[0.5377093901485583, 0.5438055095619522, 0.4786403728161681, 0.5467521965354507, 0.5903162882799495, 0.6024852553255217, 0.7091537254813656, 0.6042347551825575, 0.6419782433272253, 0.6405991137738029, 0.6025969427607025, 0.6486866245461685, 0.607235739064554, 0.5867316233125672, 0.6284081160833445, 0.5902126674368424, 0.6136680095041668]
INFO:root:ICC_test:
INFO:root:[0.3061574271483742, 0.4397264279608561, 0.43070386526731763, 0.5041201482467573, 0.5770273693447509, 0.5586818952630241, 0.6987678005672868, 0.57447890077347, 0.6328927569943712, 0.60600893749989, 0.5624931162408363, 0.6124767269324176, 0.5781816909904416, 0.5396695986571722, 0.6047399142834954, 0.5633905541079056, 0.5894071979514536]
INFO:root:MAE_test:
INFO:root:[1.1521045918367347, 1.019451530612245, 0.7442602040816326, 0.7126913265306123, 0.626594387755102, 0.6403061224489796, 0.4272959183673469, 0.6230867346938775, 0.5194515306122449, 0.5736607142857143, 0.5848214285714286, 0.45663265306122447, 0.5315688775510204, 0.5102040816326531, 0.48915816326530615, 0.5561224489795918, 0.5991709183673469]
INFO:root:MMAE_test
INFO:root:[4.0, 4.25, 5.0, 5.0, 5.0, 4.7, 5.0, 5.0, 5.0, 4.7, 5.0, 5.0, 5.0, 5.0, 5.0, 5.0, 5.0]
INFO:root:weighted_fscore
INFO:root:[0.01317718117957654, 0.2386525858687449, 0.5824383964646138, 0.61241432711983, 0.671654769967005, 0.6485392088909, 0.7911565993536605, 0.668988098990653, 0.751220882755862, 0.7032990439169793, 0.6985629922960982, 0.7780477832667458, 0.7421292663430801, 0.7629483012438044, 0.7661827971713989, 0.7298867025235409, 0.6906489698855827]
INFO:root:PCC_s_val:
INFO:root:[0.7544568904354181, 0.828518346928943, 0.8385289413621397, 0.8619593305443405, 0.8758683192510148, 0.8981579848538239, 0.8990798480727644, 0.9189611130460456, 0.9147584901954353, 0.9238318308238856, 0.9306405231823186, 0.936299643929525, 0.9361662233203148, 0.9350220419457649, 0.9415346774511527, 0.9414429291523101, 0.9418362080515693]
INFO:root:PCC_t_val:
INFO:root:[0.3872773773829781, 0.5064758220488135, 0.5309477295824572, 0.5138001418416764, 0.49107612399045586, 0.45925875998245963, 0.4633263081724292, 0.4415439363245924, 0.49213192877212397, 0.43474487888029834, 0.48719297664707945, 0.5094672111403689, 0.49447700652044757, 0.49310252107152147, 0.5194147947073424, 0.5190652639735419, 0.4766798197073865]
INFO:root:ICC_val:
INFO:root:[0.6044496171678486, 0.7879590844220715, 0.7530838258679227, 0.8213049282743614, 0.7693498819648124, 0.846807518147344, 0.8344228019034315, 0.8871590714379752, 0.8893521280792276, 0.9004097771173528, 0.9119367658709104, 0.9132180117517519, 0.904948770173548, 0.9071772329157917, 0.9071029495255737, 0.9138358130234526, 0.895216666022719]
INFO:root:MAE_test:
INFO:root:[1.1521045918367347, 1.019451530612245, 0.7442602040816326, 0.7126913265306123, 0.626594387755102, 0.6403061224489796, 0.4272959183673469, 0.6230867346938775, 0.5194515306122449, 0.5736607142857143, 0.5848214285714286, 0.45663265306122447, 0.5315688775510204, 0.5102040816326531, 0.48915816326530615, 0.5561224489795918, 0.5991709183673469]
INFO:root:MMD_Valid:
INFO:root:[0, 0, 0, 0, 0, 0, 0, 0, 0, 0, 0, 0, 0, 0, 0, 0, 0]
INFO:root:MMD_train:
INFO:root:[0.0, 0.0, 0.0, 0.0, 0.0, 0.0, 0.0, 0.0, 0.0, 0.0, 0.0, 0.0, 0.0, 0.0, 0.0, 0.0, 0.0]
INFO:root:Training
INFO:root:
Epoch: 17
INFO:root:learning_rate: 0.001
INFO:root:test_accuracy:
INFO:root:[3.4119897959183674, 18.176020408163264, 51.753826530612244, 52.07270408163265, 60.108418367346935, 57.110969387755105, 76.0204081632653, 59.27933673469388, 71.46045918367348, 63.58418367346938, 64.50892857142857, 78.41198979591837, 72.1938775510204, 77.29591836734694, 76.14795918367348, 70.6313775510204, 61.798469387755105, 65.84821428571429]
INFO:root:PCC_test:
INFO:root:[0.5377093901485583, 0.5438055095619522, 0.4786403728161681, 0.5467521965354507, 0.5903162882799495, 0.6024852553255217, 0.7091537254813656, 0.6042347551825575, 0.6419782433272253, 0.6405991137738029, 0.6025969427607025, 0.6486866245461685, 0.607235739064554, 0.5867316233125672, 0.6284081160833445, 0.5902126674368424, 0.6136680095041668, 0.6599506216172735]
INFO:root:ICC_test:
INFO:root:[0.3061574271483742, 0.4397264279608561, 0.43070386526731763, 0.5041201482467573, 0.5770273693447509, 0.5586818952630241, 0.6987678005672868, 0.57447890077347, 0.6328927569943712, 0.60600893749989, 0.5624931162408363, 0.6124767269324176, 0.5781816909904416, 0.5396695986571722, 0.6047399142834954, 0.5633905541079056, 0.5894071979514536, 0.6371456845384111]
INFO:root:MAE_test:
INFO:root:[1.1521045918367347, 1.019451530612245, 0.7442602040816326, 0.7126913265306123, 0.626594387755102, 0.6403061224489796, 0.4272959183673469, 0.6230867346938775, 0.5194515306122449, 0.5736607142857143, 0.5848214285714286, 0.45663265306122447, 0.5315688775510204, 0.5102040816326531, 0.48915816326530615, 0.5561224489795918, 0.5991709183673469, 0.5379464285714286]
INFO:root:MMAE_test
INFO:root:[4.0, 4.25, 5.0, 5.0, 5.0, 4.7, 5.0, 5.0, 5.0, 4.7, 5.0, 5.0, 5.0, 5.0, 5.0, 5.0, 5.0, 5.0]
INFO:root:weighted_fscore
INFO:root:[0.01317718117957654, 0.2386525858687449, 0.5824383964646138, 0.61241432711983, 0.671654769967005, 0.6485392088909, 0.7911565993536605, 0.668988098990653, 0.751220882755862, 0.7032990439169793, 0.6985629922960982, 0.7780477832667458, 0.7421292663430801, 0.7629483012438044, 0.7661827971713989, 0.7298867025235409, 0.6906489698855827, 0.7134303170420626]
INFO:root:PCC_s_val:
INFO:root:[0.7544568904354181, 0.828518346928943, 0.8385289413621397, 0.8619593305443405, 0.8758683192510148, 0.8981579848538239, 0.8990798480727644, 0.9189611130460456, 0.9147584901954353, 0.9238318308238856, 0.9306405231823186, 0.936299643929525, 0.9361662233203148, 0.9350220419457649, 0.9415346774511527, 0.9414429291523101, 0.9418362080515693, 0.9423340425433312]
INFO:root:PCC_t_val:
INFO:root:[0.3872773773829781, 0.5064758220488135, 0.5309477295824572, 0.5138001418416764, 0.49107612399045586, 0.45925875998245963, 0.4633263081724292, 0.4415439363245924, 0.49213192877212397, 0.43474487888029834, 0.48719297664707945, 0.5094672111403689, 0.49447700652044757, 0.49310252107152147, 0.5194147947073424, 0.5190652639735419, 0.4766798197073865, 0.4655755373092126]
INFO:root:ICC_val:
INFO:root:[0.6044496171678486, 0.7879590844220715, 0.7530838258679227, 0.8213049282743614, 0.7693498819648124, 0.846807518147344, 0.8344228019034315, 0.8871590714379752, 0.8893521280792276, 0.9004097771173528, 0.9119367658709104, 0.9132180117517519, 0.904948770173548, 0.9071772329157917, 0.9071029495255737, 0.9138358130234526, 0.895216666022719, 0.9233043011507551]
INFO:root:MAE_test:
INFO:root:[1.1521045918367347, 1.019451530612245, 0.7442602040816326, 0.7126913265306123, 0.626594387755102, 0.6403061224489796, 0.4272959183673469, 0.6230867346938775, 0.5194515306122449, 0.5736607142857143, 0.5848214285714286, 0.45663265306122447, 0.5315688775510204, 0.5102040816326531, 0.48915816326530615, 0.5561224489795918, 0.5991709183673469, 0.5379464285714286]
INFO:root:MMD_Valid:
INFO:root:[0, 0, 0, 0, 0, 0, 0, 0, 0, 0, 0, 0, 0, 0, 0, 0, 0, 0]
INFO:root:MMD_train:
INFO:root:[0.0, 0.0, 0.0, 0.0, 0.0, 0.0, 0.0, 0.0, 0.0, 0.0, 0.0, 0.0, 0.0, 0.0, 0.0, 0.0, 0.0, 0.0]
INFO:root:Training
INFO:root:
Epoch: 18
INFO:root:learning_rate: 0.001
INFO:root:test_accuracy:
INFO:root:[3.4119897959183674, 18.176020408163264, 51.753826530612244, 52.07270408163265, 60.108418367346935, 57.110969387755105, 76.0204081632653, 59.27933673469388, 71.46045918367348, 63.58418367346938, 64.50892857142857, 78.41198979591837, 72.1938775510204, 77.29591836734694, 76.14795918367348, 70.6313775510204, 61.798469387755105, 65.84821428571429, 76.43494897959184]
INFO:root:PCC_test:
INFO:root:[0.5377093901485583, 0.5438055095619522, 0.4786403728161681, 0.5467521965354507, 0.5903162882799495, 0.6024852553255217, 0.7091537254813656, 0.6042347551825575, 0.6419782433272253, 0.6405991137738029, 0.6025969427607025, 0.6486866245461685, 0.607235739064554, 0.5867316233125672, 0.6284081160833445, 0.5902126674368424, 0.6136680095041668, 0.6599506216172735, 0.5833158757898775]
INFO:root:ICC_test:
INFO:root:[0.3061574271483742, 0.4397264279608561, 0.43070386526731763, 0.5041201482467573, 0.5770273693447509, 0.5586818952630241, 0.6987678005672868, 0.57447890077347, 0.6328927569943712, 0.60600893749989, 0.5624931162408363, 0.6124767269324176, 0.5781816909904416, 0.5396695986571722, 0.6047399142834954, 0.5633905541079056, 0.5894071979514536, 0.6371456845384111, 0.550654855094814]
INFO:root:MAE_test:
INFO:root:[1.1521045918367347, 1.019451530612245, 0.7442602040816326, 0.7126913265306123, 0.626594387755102, 0.6403061224489796, 0.4272959183673469, 0.6230867346938775, 0.5194515306122449, 0.5736607142857143, 0.5848214285714286, 0.45663265306122447, 0.5315688775510204, 0.5102040816326531, 0.48915816326530615, 0.5561224489795918, 0.5991709183673469, 0.5379464285714286, 0.5194515306122449]
INFO:root:MMAE_test
INFO:root:[4.0, 4.25, 5.0, 5.0, 5.0, 4.7, 5.0, 5.0, 5.0, 4.7, 5.0, 5.0, 5.0, 5.0, 5.0, 5.0, 5.0, 5.0, 5.0]
INFO:root:weighted_fscore
INFO:root:[0.01317718117957654, 0.2386525858687449, 0.5824383964646138, 0.61241432711983, 0.671654769967005, 0.6485392088909, 0.7911565993536605, 0.668988098990653, 0.751220882755862, 0.7032990439169793, 0.6985629922960982, 0.7780477832667458, 0.7421292663430801, 0.7629483012438044, 0.7661827971713989, 0.7298867025235409, 0.6906489698855827, 0.7134303170420626, 0.7603007934002164]
INFO:root:PCC_s_val:
INFO:root:[0.7544568904354181, 0.828518346928943, 0.8385289413621397, 0.8619593305443405, 0.8758683192510148, 0.8981579848538239, 0.8990798480727644, 0.9189611130460456, 0.9147584901954353, 0.9238318308238856, 0.9306405231823186, 0.936299643929525, 0.9361662233203148, 0.9350220419457649, 0.9415346774511527, 0.9414429291523101, 0.9418362080515693, 0.9423340425433312, 0.9377585440052563]
INFO:root:PCC_t_val:
INFO:root:[0.3872773773829781, 0.5064758220488135, 0.5309477295824572, 0.5138001418416764, 0.49107612399045586, 0.45925875998245963, 0.4633263081724292, 0.4415439363245924, 0.49213192877212397, 0.43474487888029834, 0.48719297664707945, 0.5094672111403689, 0.49447700652044757, 0.49310252107152147, 0.5194147947073424, 0.5190652639735419, 0.4766798197073865, 0.4655755373092126, 0.5086888586341716]
INFO:root:ICC_val:
INFO:root:[0.6044496171678486, 0.7879590844220715, 0.7530838258679227, 0.8213049282743614, 0.7693498819648124, 0.846807518147344, 0.8344228019034315, 0.8871590714379752, 0.8893521280792276, 0.9004097771173528, 0.9119367658709104, 0.9132180117517519, 0.904948770173548, 0.9071772329157917, 0.9071029495255737, 0.9138358130234526, 0.895216666022719, 0.9233043011507551, 0.9112892161940986]
INFO:root:MAE_test:
INFO:root:[1.1521045918367347, 1.019451530612245, 0.7442602040816326, 0.7126913265306123, 0.626594387755102, 0.6403061224489796, 0.4272959183673469, 0.6230867346938775, 0.5194515306122449, 0.5736607142857143, 0.5848214285714286, 0.45663265306122447, 0.5315688775510204, 0.5102040816326531, 0.48915816326530615, 0.5561224489795918, 0.5991709183673469, 0.5379464285714286, 0.5194515306122449]
INFO:root:MMD_Valid:
INFO:root:[0, 0, 0, 0, 0, 0, 0, 0, 0, 0, 0, 0, 0, 0, 0, 0, 0, 0, 0]
INFO:root:MMD_train:
INFO:root:[0.0, 0.0, 0.0, 0.0, 0.0, 0.0, 0.0, 0.0, 0.0, 0.0, 0.0, 0.0, 0.0, 0.0, 0.0, 0.0, 0.0, 0.0, 0.0]
INFO:root:Training
INFO:root:
Epoch: 19
INFO:root:learning_rate: 0.001
INFO:root:test_accuracy:
INFO:root:[3.4119897959183674, 18.176020408163264, 51.753826530612244, 52.07270408163265, 60.108418367346935, 57.110969387755105, 76.0204081632653, 59.27933673469388, 71.46045918367348, 63.58418367346938, 64.50892857142857, 78.41198979591837, 72.1938775510204, 77.29591836734694, 76.14795918367348, 70.6313775510204, 61.798469387755105, 65.84821428571429, 76.43494897959184, 77.16836734693877]
INFO:root:PCC_test:
INFO:root:[0.5377093901485583, 0.5438055095619522, 0.4786403728161681, 0.5467521965354507, 0.5903162882799495, 0.6024852553255217, 0.7091537254813656, 0.6042347551825575, 0.6419782433272253, 0.6405991137738029, 0.6025969427607025, 0.6486866245461685, 0.607235739064554, 0.5867316233125672, 0.6284081160833445, 0.5902126674368424, 0.6136680095041668, 0.6599506216172735, 0.5833158757898775, 0.5983147438351353]
INFO:root:ICC_test:
INFO:root:[0.3061574271483742, 0.4397264279608561, 0.43070386526731763, 0.5041201482467573, 0.5770273693447509, 0.5586818952630241, 0.6987678005672868, 0.57447890077347, 0.6328927569943712, 0.60600893749989, 0.5624931162408363, 0.6124767269324176, 0.5781816909904416, 0.5396695986571722, 0.6047399142834954, 0.5633905541079056, 0.5894071979514536, 0.6371456845384111, 0.550654855094814, 0.5632763578523969]
INFO:root:MAE_test:
INFO:root:[1.1521045918367347, 1.019451530612245, 0.7442602040816326, 0.7126913265306123, 0.626594387755102, 0.6403061224489796, 0.4272959183673469, 0.6230867346938775, 0.5194515306122449, 0.5736607142857143, 0.5848214285714286, 0.45663265306122447, 0.5315688775510204, 0.5102040816326531, 0.48915816326530615, 0.5561224489795918, 0.5991709183673469, 0.5379464285714286, 0.5194515306122449, 0.5063775510204082]
INFO:root:MMAE_test
INFO:root:[4.0, 4.25, 5.0, 5.0, 5.0, 4.7, 5.0, 5.0, 5.0, 4.7, 5.0, 5.0, 5.0, 5.0, 5.0, 5.0, 5.0, 5.0, 5.0, 5.0]
INFO:root:weighted_fscore
INFO:root:[0.01317718117957654, 0.2386525858687449, 0.5824383964646138, 0.61241432711983, 0.671654769967005, 0.6485392088909, 0.7911565993536605, 0.668988098990653, 0.751220882755862, 0.7032990439169793, 0.6985629922960982, 0.7780477832667458, 0.7421292663430801, 0.7629483012438044, 0.7661827971713989, 0.7298867025235409, 0.6906489698855827, 0.7134303170420626, 0.7603007934002164, 0.7636532492621446]
INFO:root:PCC_s_val:
INFO:root:[0.7544568904354181, 0.828518346928943, 0.8385289413621397, 0.8619593305443405, 0.8758683192510148, 0.8981579848538239, 0.8990798480727644, 0.9189611130460456, 0.9147584901954353, 0.9238318308238856, 0.9306405231823186, 0.936299643929525, 0.9361662233203148, 0.9350220419457649, 0.9415346774511527, 0.9414429291523101, 0.9418362080515693, 0.9423340425433312, 0.9377585440052563, 0.9439713655217621]
INFO:root:PCC_t_val:
INFO:root:[0.3872773773829781, 0.5064758220488135, 0.5309477295824572, 0.5138001418416764, 0.49107612399045586, 0.45925875998245963, 0.4633263081724292, 0.4415439363245924, 0.49213192877212397, 0.43474487888029834, 0.48719297664707945, 0.5094672111403689, 0.49447700652044757, 0.49310252107152147, 0.5194147947073424, 0.5190652639735419, 0.4766798197073865, 0.4655755373092126, 0.5086888586341716, 0.5027337568217932]
INFO:root:ICC_val:
INFO:root:[0.6044496171678486, 0.7879590844220715, 0.7530838258679227, 0.8213049282743614, 0.7693498819648124, 0.846807518147344, 0.8344228019034315, 0.8871590714379752, 0.8893521280792276, 0.9004097771173528, 0.9119367658709104, 0.9132180117517519, 0.904948770173548, 0.9071772329157917, 0.9071029495255737, 0.9138358130234526, 0.895216666022719, 0.9233043011507551, 0.9112892161940986, 0.9019256156887218]
INFO:root:MAE_test:
INFO:root:[1.1521045918367347, 1.019451530612245, 0.7442602040816326, 0.7126913265306123, 0.626594387755102, 0.6403061224489796, 0.4272959183673469, 0.6230867346938775, 0.5194515306122449, 0.5736607142857143, 0.5848214285714286, 0.45663265306122447, 0.5315688775510204, 0.5102040816326531, 0.48915816326530615, 0.5561224489795918, 0.5991709183673469, 0.5379464285714286, 0.5194515306122449, 0.5063775510204082]
INFO:root:MMD_Valid:
INFO:root:[0, 0, 0, 0, 0, 0, 0, 0, 0, 0, 0, 0, 0, 0, 0, 0, 0, 0, 0, 0]
INFO:root:MMD_train:
INFO:root:[0.0, 0.0, 0.0, 0.0, 0.0, 0.0, 0.0, 0.0, 0.0, 0.0, 0.0, 0.0, 0.0, 0.0, 0.0, 0.0, 0.0, 0.0, 0.0, 0.0]
INFO:root:Training
INFO:root:
Epoch: 20
INFO:root:learning_rate: 0.0009000000000000001
